Configure Docker
+++ dirname .scripts/run_docker_build.sh
++ cd .scripts/..
++ pwd
+ REPO_ROOT=/var/home/phreed/Projects/staged-recipes
+ ARTIFACTS=/var/home/phreed/Projects/staged-recipes/build_artifacts
+++ dirname .scripts/run_docker_build.sh
++ cd .scripts
++ pwd
+ THISDIR=/var/home/phreed/Projects/staged-recipes/.scripts
++ basename /var/home/phreed/Projects/staged-recipes/.scripts
+ PROVIDER_DIR=.scripts
+ AZURE=True
+ docker info
Client: Docker Engine - Community
 Version:    28.3.3
 Context:    default
 Debug Mode: false
 Plugins:
  buildx: Docker Buildx (Docker Inc.)
    Version:  v0.26.1
    Path:     /usr/libexec/docker/cli-plugins/docker-buildx
  compose: Docker Compose (Docker Inc.)
    Version:  v2.39.1
    Path:     /usr/libexec/docker/cli-plugins/docker-compose

Server:
 Containers: 58
  Running: 0
  Paused: 0
  Stopped: 58
 Images: 1
 Server Version: 28.3.3
 Storage Driver: overlay2
  Backing Filesystem: btrfs
  Supports d_type: true
  Using metacopy: false
  Native Overlay Diff: true
  userxattr: false
 Logging Driver: json-file
 Cgroup Driver: systemd
 Cgroup Version: 2
 Plugins:
  Volume: local
  Network: bridge host ipvlan macvlan null overlay
  Log: awslogs fluentd gcplogs gelf journald json-file local splunk syslog
 CDI spec directories:
  /etc/cdi
  /var/run/cdi
 Swarm: inactive
 Runtimes: runc io.containerd.runc.v2
 Default Runtime: runc
 Init Binary: docker-init
 containerd version: 05044ec0a9a75232cad458027ca83437aae3f4da
 runc version: v1.2.5-0-g59923ef
 init version: de40ad0
 Security Options:
  seccomp
   Profile: builtin
  cgroupns
 Kernel Version: 6.14.11-300.fc42.x86_64
 Operating System: Bluefin (Version: 42.20250824.1 / FROM Fedora Silverblue 42)
 OSType: linux
 Architecture: x86_64
 CPUs: 22
 Total Memory: 93.75GiB
 Name: bluefin
 ID: 27877a47-61b3-4953-855d-322f17b4df3f
 Docker Root Dir: /var/lib/docker
 Debug Mode: false
 Experimental: false
 Insecure Registries:
  ::1/128
  127.0.0.0/8
 Live Restore Enabled: false

++ id -u
+ HOST_USER_ID=1000
+ hash docker-machine
+ '[' -z '' ']'
++ shyaml -h
+ SHYAML_INSTALLED='
Parses and output chosen subpart or values from YAML input.
It reads YAML in stdin and will output on stdout it'\''s return value.

Usage:

    shyaml {-h|--help}
    shyaml {-V|--version}
    shyaml [-y|--yaml] [-q|--quiet] ACTION KEY [DEFAULT]


Options:

    -y, --yaml
              Output only YAML safe value, more precisely, even
              literal values will be YAML quoted. This behavior
              is required if you want to output YAML subparts and
              further process it. If you know you have are dealing
              with safe literal value, then you don'\''t need this.
              (Default: no safe YAML output)

    -q, --quiet
              In case KEY value queried is an invalid path, quiet
              mode will prevent the writing of an error message on
              standard error.
              (Default: no quiet mode)

    -L, --line-buffer
              Force parsing stdin line by line allowing to process
              streamed YAML as it is fed instead of buffering
              input and treating several YAML streamed document
              at once. This is likely to have some small performance
              hit if you have a huge stream of YAML document, but
              then you probably don'\''t really care about the
              line-buffering.
              (Default: no line buffering)

    ACTION    Depending on the type of data you'\''ve targetted
              thanks to the KEY, ACTION can be:

              These ACTIONs applies to any YAML type:

                get-type          ## returns a short string
                get-value         ## returns YAML

              These ACTIONs applies to '\''sequence'\'' and '\''struct'\'' YAML type:

                get-values{,-0}   ## returns list of YAML
                get-length        ## returns an integer

              These ACTION applies to '\''struct'\'' YAML type:

                keys{,-0}         ## returns list of YAML
                values{,-0}       ## returns list of YAML
                key-values,{,-0}  ## returns list of YAML

              Note that any value returned is returned on stdout, and
              when returning ``list of YAML``, it'\''ll be separated by
              a newline or ``NUL`` char depending of you'\''ve used the
              ``-0`` suffixed ACTION.

    KEY       Identifier to browse and target subvalues into YAML
              structure. Use ``.`` to parse a subvalue. If you need
              to use a literal ``.`` or ``\``, use ``\`` to quote it.

              Use struct keyword to browse ``struct`` YAML data and use
              integers to browse ``sequence`` YAML data.

    DEFAULT   if not provided and given KEY do not match any value in
              the provided YAML, then DEFAULT will be returned. If no
              default is provided and the KEY do not match any value
              in the provided YAML, shyaml will fail with an error
              message.

Examples:

     ## get last grocery
     cat recipe.yaml       | shyaml get-value groceries.-1

     ## get all words of my french dictionary
     cat dictionaries.yaml | shyaml keys-0 french.dictionary

     ## get YAML config part of '\''myhost'\''
     cat hosts_config.yaml | shyaml get-value cfgs.myhost'
+ '[' '
Parses and output chosen subpart or values from YAML input.
It reads YAML in stdin and will output on stdout it'\''s return value.

Usage:

    shyaml {-h|--help}
    shyaml {-V|--version}
    shyaml [-y|--yaml] [-q|--quiet] ACTION KEY [DEFAULT]


Options:

    -y, --yaml
              Output only YAML safe value, more precisely, even
              literal values will be YAML quoted. This behavior
              is required if you want to output YAML subparts and
              further process it. If you know you have are dealing
              with safe literal value, then you don'\''t need this.
              (Default: no safe YAML output)

    -q, --quiet
              In case KEY value queried is an invalid path, quiet
              mode will prevent the writing of an error message on
              standard error.
              (Default: no quiet mode)

    -L, --line-buffer
              Force parsing stdin line by line allowing to process
              streamed YAML as it is fed instead of buffering
              input and treating several YAML streamed document
              at once. This is likely to have some small performance
              hit if you have a huge stream of YAML document, but
              then you probably don'\''t really care about the
              line-buffering.
              (Default: no line buffering)

    ACTION    Depending on the type of data you'\''ve targetted
              thanks to the KEY, ACTION can be:

              These ACTIONs applies to any YAML type:

                get-type          ## returns a short string
                get-value         ## returns YAML

              These ACTIONs applies to '\''sequence'\'' and '\''struct'\'' YAML type:

                get-values{,-0}   ## returns list of YAML
                get-length        ## returns an integer

              These ACTION applies to '\''struct'\'' YAML type:

                keys{,-0}         ## returns list of YAML
                values{,-0}       ## returns list of YAML
                key-values,{,-0}  ## returns list of YAML

              Note that any value returned is returned on stdout, and
              when returning ``list of YAML``, it'\''ll be separated by
              a newline or ``NUL`` char depending of you'\''ve used the
              ``-0`` suffixed ACTION.

    KEY       Identifier to browse and target subvalues into YAML
              structure. Use ``.`` to parse a subvalue. If you need
              to use a literal ``.`` or ``\``, use ``\`` to quote it.

              Use struct keyword to browse ``struct`` YAML data and use
              integers to browse ``sequence`` YAML data.

    DEFAULT   if not provided and given KEY do not match any value in
              the provided YAML, then DEFAULT will be returned. If no
              default is provided and the KEY do not match any value
              in the provided YAML, shyaml will fail with an error
              message.

Examples:

     ## get last grocery
     cat recipe.yaml       | shyaml get-value groceries.-1

     ## get all words of my french dictionary
     cat dictionaries.yaml | shyaml keys-0 french.dictionary

     ## get YAML config part of '\''myhost'\''
     cat hosts_config.yaml | shyaml get-value cfgs.myhost' == NO ']'
++ cat /var/home/phreed/Projects/staged-recipes/.ci_support/linux64.yaml
++ shyaml get-value docker_image.0 quay.io/condaforge/linux-anvil-comp7
+ DOCKER_IMAGE=quay.io/condaforge/linux-anvil-x86_64:alma9
+ mkdir -p /var/home/phreed/Projects/staged-recipes/build_artifacts
+ DONE_CANARY=/var/home/phreed/Projects/staged-recipes/build_artifacts/conda-forge-build-done
+ rm -f /var/home/phreed/Projects/staged-recipes/build_artifacts/conda-forge-build-done
+ DOCKER_RUN_ARGS='-it '
+ '[' True == True ']'
+ DOCKER_RUN_ARGS=
Start Docker
+ docker pull quay.io/condaforge/linux-anvil-x86_64:alma9
alma9: Pulling from condaforge/linux-anvil-x86_64
Digest: sha256:33cf4f7ca9e60b22ec0d37ac7fa1e5ece6e0cb2b6cdb464be07975b7e1f2653d
Status: Image is up to date for quay.io/condaforge/linux-anvil-x86_64:alma9
quay.io/condaforge/linux-anvil-x86_64:alma9
+ docker run -v /var/home/phreed/Projects/staged-recipes:/home/conda/staged-recipes -e HOST_USER_ID=1000 -e AZURE=True -e CONFIG -e CI -e CPU_COUNT -e DEFAULT_LINUX_VERSION quay.io/condaforge/linux-anvil-x86_64:alma9 bash /home/conda/staged-recipes/.scripts/build_steps.sh
bash: cannot set terminal process group (-1): Inappropriate ioctl for device
bash: no job control in this shell
useradd: warning: the home directory /home/conda already exists.
useradd: Not copying any file from skel directory into it.
+ export FEEDSTOCK_ROOT=/home/conda/staged-recipes
+ FEEDSTOCK_ROOT=/home/conda/staged-recipes
+ source /home/conda/staged-recipes/.scripts/logging_utils.sh
Configuring conda
+ export PYTHONUNBUFFERED=1
+ PYTHONUNBUFFERED=1
+ export CI_SUPPORT=/home/conda/staged-recipes-copy/.ci_support
+ CI_SUPPORT=/home/conda/staged-recipes-copy/.ci_support
+ cat
+ git config --global --add safe.directory /home/conda/staged-recipes
+ mkdir -p /home/conda/staged-recipes-copy
+ shopt -s extglob dotglob
+ cp -r /home/conda/staged-recipes/.appveyor.yml.notused /home/conda/staged-recipes/.azure-pipelines /home/conda/staged-recipes/azure-pipelines.yml /home/conda/staged-recipes/broken-recipes /home/conda/staged-recipes/build-locally.py /home/conda/staged-recipes/build.log /home/conda/staged-recipes/.ci_support /home/conda/staged-recipes/conda-forge.yml /home/conda/staged-recipes/environment.yaml /home/conda/staged-recipes/.git /home/conda/staged-recipes/.gitattributes /home/conda/staged-recipes/.github /home/conda/staged-recipes/.gitignore /home/conda/staged-recipes/LICENSE.txt /home/conda/staged-recipes/pixi.lock /home/conda/staged-recipes/pixi.toml /home/conda/staged-recipes/.pre-commit-config.yaml /home/conda/staged-recipes/README.md /home/conda/staged-recipes/recipes /home/conda/staged-recipes/.ropeproject /home/conda/staged-recipes/.scripts /home/conda/staged-recipes-copy
+ shopt -u extglob dotglob
+ find /home/conda/staged-recipes-copy/recipes -maxdepth 1 -name .DS_Store -delete
+ echo 'Pending recipes.'
+ ls -la /home/conda/staged-recipes-copy/recipes
Pending recipes.
total 0
drwxr-xr-x. 1 conda conda  56 Aug 27 21:18 .
drwxr-xr-x. 1 conda conda 520 Aug 27 21:18 ..
drwxr-xr-x. 1 conda conda  18 Aug 27 21:18 example
drwxr-xr-x. 1 conda conda  40 Aug 27 21:18 example-v1
drwxr-xr-x. 1 conda conda 142 Aug 27 21:18 mumble-voip
+ echo 'Finding recipes merged in main and removing them from the build.'
+ pushd /home/conda/staged-recipes/recipes
+ '[' '' '!=' '' ']'
+ shopt -s extglob dotglob
Finding recipes merged in main and removing them from the build.
+ git ls-tree --name-only main -- mumble-voip
+ xargs -I '{}' sh -c 'rm -rf ~/staged-recipes-copy/recipes/{} && echo Removing recipe: {}'
+ shopt -u extglob dotglob
+ popd
++ date +%Y-%m-%d-%H-%M-%S
+ mv /opt/conda/conda-meta/history /opt/conda/conda-meta/history.2025-08-27-21-18-10
+ echo
+ micromamba install --root-prefix /home/conda/.conda --prefix /opt/conda --yes --override-channels --channel conda-forge --strict-channel-priority --file /home/conda/staged-recipes/environment.yaml
conda-forge/linux-64                                        Using cache
conda-forge/noarch                                          Using cache
nodefaults/linux-64                                         Using cache
nodefaults/noarch                                           Using cache

Pinned packages:
  - su-exec 0.2
  - tini 0.19.0


Transaction

  Prefix: /opt/conda

  Updating specs:

   - python=3.12
   - conda[version='>=24.9.2']
   - conda-libmamba-solver[version='>=24.9.0']
   - conda-build[version='>=25.3.1']
   - conda-index[version='>=0.3.0']
   - conda-forge-ci-setup[version='>=4.9.3,<5.0']
   - conda-forge-pinning=*
   - frozendict=*
   - networkx=2.4
   - rattler-build-conda-compat[version='>=1.2.0,<2.0.0a0']


  Package                                   Version  Build              Channel           Size
────────────────────────────────────────────────────────────────────────────────────────────────
  Install:
────────────────────────────────────────────────────────────────────────────────────────────────

  + conda-forge-pinning         2025.08.27.14.08.27  hd8ed1ab_0         conda-forge     Cached
  + decorator                                 5.2.1  pyhd8ed1ab_0       conda-forge     Cached
  + conda-env                                 2.6.0  1                  conda-forge     Cached
  + joblib                                    1.5.2  pyhd8ed1ab_0       conda-forge     Cached
  + shyaml                                    0.6.2  pyhd3deb0d_0       conda-forge     Cached
  + oras-py                                  0.1.14  pyhd8ed1ab_0       conda-forge     Cached
  + networkx                                    2.4  py_1               conda-forge     Cached
  + conda-oci-mirror                          0.2.3  pyhd8ed1ab_0       conda-forge     Cached
  + rattler-build                            0.44.0  h2d22210_0         conda-forge     Cached
  + oniguruma                                6.9.10  hb9d3cd8_0         conda-forge     Cached
  + wrapt                                    1.17.3  py312h4c3975b_0    conda-forge     Cached
  + jq                                        1.8.1  h73b1eb8_0         conda-forge     Cached
  + rattler-build-conda-compat                1.4.5  pyhd8ed1ab_0       conda-forge     Cached
  + deprecated                               1.2.18  pyhd8ed1ab_0       conda-forge     Cached
  + conda-forge-metadata                     0.11.0  pyhd8ed1ab_1       conda-forge     Cached
  + conda-forge-ci-setup                     4.21.4  py312hef7310e_100  conda-forge     Cached

  Summary:

  Install: 16 packages

  Total download: 0 B

────────────────────────────────────────────────────────────────────────────────────────────────



Transaction starting

Transaction finished

To activate this environment, use:

    micromamba activate /opt/conda

Or to execute a single command in this environment, use:

    micromamba run -p /opt/conda mycommand

+ setup_conda_rc /home/conda/staged-recipes /home/conda/staged-recipes-copy/recipes /home/conda/staged-recipes-copy/.ci_support/linux64.yaml
/opt/conda/lib/python3.12/site-packages/binstar_client/__init__.py:16: UserWarning: pkg_resources is deprecated as an API. See https://setuptools.pypa.io/en/latest/pkg_resources.html. The pkg_resources package is slated for removal as early as 2025-11-30. Refrain from using this package or pin to Setuptools<81.
  from pkg_resources import parse_version as pv
+ source run_conda_forge_build_setup
++ export PYTHONUNBUFFERED=1
++ PYTHONUNBUFFERED=1
++ conda config --env --set show_channel_urls true
++ conda config --env --set auto_update_conda false
++ conda config --env --set add_pip_as_python_dependency false
++ conda config --env --append aggressive_update_packages ca-certificates
++ conda config --env --remove-key aggressive_update_packages
++ conda config --env --append aggressive_update_packages ca-certificates
++ conda config --env --append aggressive_update_packages certifi
++ export CONDA_BLD_PATH=/home/conda/staged-recipes/build_artifacts
++ CONDA_BLD_PATH=/home/conda/staged-recipes/build_artifacts
++ set +u
++ case "$CI" in
+++ cat /home/conda/staged-recipes/conda-forge.yml
+++ shyaml get-value channel_priority strict
++ conda config --env --set channel_priority strict
++ [[ ! -z '' ]]
++ '[' '!' -z linux64 ']'
++ '[' '!' -z '' ']'
++ set -u
++ mkdir -p /opt/conda/etc/conda/activate.d
++ echo 'export CONDA_BLD_PATH='\''/home/conda/staged-recipes/build_artifacts'\'''
++ '[' -n '' ']'
++ echo 'export PYTHONUNBUFFERED='\''1'\'''
+++ cat /home/conda/staged-recipes-copy/.ci_support/linux64.yaml
+++ shyaml get-value cuda_compiler_version.0 None
++ CUDA_VERSION=None
++ [[ None != \N\o\n\e ]]
++++ dirname /opt/conda/bin/run_conda_forge_build_setup
+++ cd /opt/conda/bin
+++ pwd
++ SCRIPT_DIR=/opt/conda/bin
++ source /opt/conda/bin/cross_compile_support.sh
+++++ dirname /opt/conda/bin/cross_compile_support.sh
++++ cd /opt/conda/bin
++++ pwd
+++ SCRIPT_DIR=/opt/conda/bin
++++ conda info --json
++++ jq -r .platform
+++ BUILD_PLATFORM=linux-64
+++ '[' -f /home/conda/staged-recipes-copy/.ci_support/linux64.yaml ']'
++++ cat /home/conda/staged-recipes-copy/.ci_support/linux64.yaml
++++ shyaml get-value target_platform.0 linux-64
+++ HOST_PLATFORM=linux-64
++++ cat /home/conda/staged-recipes-copy/.ci_support/linux64.yaml
++++ shyaml get-value cuda_compiler_version.0 None
+++ CUDA_COMPILER_VERSION=None
++++ cat /home/conda/staged-recipes-copy/.ci_support/linux64.yaml
++++ shyaml get-value microarch_level.0 1
+++ MICROARCH_LEVEL_NEEDED=1
++++ conda info --json
++++ jq -r '.virtual_pkgs[] | select(.[0] == "__glibc")[1]'
+++ DOCKER_GLIBC_VERSION=2.34
+++ GLIBC_VERSION=2.34
+++ HOST_PLATFORM=linux-64
+++ CUDA_COMPILER_VERSION=None
+++ [[ linux-64 != \l\i\n\u\x\-\6\4 ]]
+++ [[ linux-64 == \l\i\n\u\x\-\6\4 ]]
+++ [[ 1 == \4 ]]
++ '[' -f /home/conda/staged-recipes-copy/.ci_support/linux64.yaml ']'
+++ cat /home/conda/staged-recipes-copy/.ci_support/linux64.yaml
+++ shyaml get-value MACOSX_DEPLOYMENT_TARGET.0 0
++ need_osx_sdk=0
++ [[ 0 != \0 ]]
++ '[' '!' -z linux64 ']'
++ cat /home/conda/staged-recipes-copy/.ci_support/linux64.yaml
c_stdlib_version:
- 2.17
c_stdlib:
- sysroot
cdt_name:
- conda
c_compiler:
- gcc
cxx_compiler:
- gxx
fortran_compiler:
- gfortran
go_compiler:
- go-nocgo
cgo_compiler:
- go-cgo
target_platform:
- linux-64
channel_sources:
- conda-forge
docker_image:
- quay.io/condaforge/linux-anvil-x86_64:alma9
cuda_compiler:
- None
cuda_compiler_version:
- None
cuda_compiler_version_min:
- None
++ conda info

     active environment : base
    active env location : /opt/conda
            shell level : 1
       user config file : /home/conda/.condarc
 populated config files : /opt/conda/.condarc
                          /home/conda/.condarc
          conda version : 25.5.1
    conda-build version : 25.5.0
         python version : 3.12.11.final.0
                 solver : libmamba (default)
       virtual packages : __archspec=1=skylake
                          __conda=25.5.1=0
                          __glibc=2.34=0
                          __linux=6.14.11=0
                          __unix=0=0
       base environment : /opt/conda  (writable)
      conda av data dir : /opt/conda/etc/conda
  conda av metadata url : None
           channel URLs : https://conda.anaconda.org/conda-forge/linux-64
                          https://conda.anaconda.org/conda-forge/noarch
          package cache : /home/conda/staged-recipes/build_artifacts/pkg_cache
                          /opt/conda/pkgs
       envs directories : /opt/conda/envs
                          /home/conda/.conda/envs
               platform : linux-64
             user-agent : conda/25.5.1 requests/2.32.4 CPython/3.12.11 Linux/6.14.11-300.fc42.x86_64 almalinux/9.6 glibc/2.34 solver/libmamba conda-libmamba-solver/25.4.0 libmambapy/2.3.0
                UID:GID : 1000:1000
             netrc file : None
           offline mode : False

++ conda config --env --show-sources
==> /opt/conda/.condarc <==
add_pip_as_python_dependency: False
auto_update_conda: False
aggressive_update_packages:
  - ca-certificates
  - certifi
channel_priority: strict
channels:
  - conda-forge
show_channel_urls: True
conda_build:
  pkg_format: 2
  zstd_compression_level: 19

==> /home/conda/.condarc <==
pkgs_dirs:
  - /home/conda/staged-recipes/build_artifacts/pkg_cache
  - /opt/conda/pkgs
channels:
  - conda-forge
show_channel_urls: True
always_yes: True
solver: libmamba
conda-build:
  root-dir: /home/conda/staged-recipes/build_artifacts

==> envvars <==
allow_softlinks: False
bld_path: /home/conda/staged-recipes/build_artifacts

++ conda list --show-channel-urls
# packages in environment at /opt/conda:
#
# Name                        Version              Build               Channel
_libgcc_mutex                 0.1                  conda_forge         conda-forge
_openmp_mutex                 4.5                  2_gnu               conda-forge
anaconda-cli-base             0.5.2                pyhd8ed1ab_0        conda-forge
anaconda-client               1.13.0               pyh29332c3_1        conda-forge
annotated-types               0.7.0                pyhd8ed1ab_1        conda-forge
archspec                      0.2.5                pyhd8ed1ab_0        conda-forge
attrs                         25.3.0               pyh71513ae_0        conda-forge
beautifulsoup4                4.13.4               pyha770c72_0        conda-forge
boltons                       25.0.0               pyhd8ed1ab_0        conda-forge
brotli-python                 1.1.0                py312h2ec8cdc_3     conda-forge
bzip2                         1.0.8                h4bc722e_7          conda-forge
c-ares                        1.34.5               hb9d3cd8_0          conda-forge
ca-certificates               2025.6.15            hbd8a1cb_0          conda-forge
certifi                       2025.6.15            pyhd8ed1ab_0        conda-forge
cffi                          1.17.1               py312h06ac9bb_0     conda-forge
chardet                       5.2.0                pyhd8ed1ab_3        conda-forge
charset-normalizer            3.4.2                pyhd8ed1ab_0        conda-forge
click                         8.2.1                pyh707e725_0        conda-forge
colorama                      0.4.6                pyhd8ed1ab_1        conda-forge
conda                         25.5.1               py312h7900ff3_0     conda-forge
conda-build                   25.5.0               py312h7900ff3_0     conda-forge
conda-env                     2.6.0                1                   conda-forge
conda-forge-ci-setup          4.21.4               py312hef7310e_100   conda-forge
conda-forge-metadata          0.11.0               pyhd8ed1ab_1        conda-forge
conda-forge-pinning           2025.08.27.14.08.27  hd8ed1ab_0          conda-forge
conda-index                   0.6.1                pyhd8ed1ab_0        conda-forge
conda-libmamba-solver         25.4.0               pyhd8ed1ab_0        conda-forge
conda-oci-mirror              0.2.3                pyhd8ed1ab_0        conda-forge
conda-package-handling        2.4.0                pyh7900ff3_2        conda-forge
conda-package-streaming       0.11.0               pyhd8ed1ab_1        conda-forge
cpp-expected                  1.1.0                hff21bea_1          conda-forge
decorator                     5.2.1                pyhd8ed1ab_0        conda-forge
defusedxml                    0.7.1                pyhd8ed1ab_0        conda-forge
deprecated                    1.2.18               pyhd8ed1ab_0        conda-forge
distro                        1.9.0                pyhd8ed1ab_1        conda-forge
evalidate                     2.0.5                pyhe01879c_0        conda-forge
filelock                      3.18.0               pyhd8ed1ab_0        conda-forge
fmt                           11.1.4               h07f6e7f_1          conda-forge
frozendict                    2.4.6                py312h66e93f0_0     conda-forge
git                           2.49.0               pl5321hc2ff736_1    conda-forge
h2                            4.2.0                pyhd8ed1ab_0        conda-forge
hpack                         4.1.0                pyhd8ed1ab_0        conda-forge
hyperframe                    6.1.0                pyhd8ed1ab_0        conda-forge
icu                           75.1                 he02047a_0          conda-forge
idna                          3.10                 pyhd8ed1ab_1        conda-forge
importlib_resources           6.5.2                pyhd8ed1ab_0        conda-forge
jinja2                        3.1.6                pyhd8ed1ab_0        conda-forge
joblib                        1.5.2                pyhd8ed1ab_0        conda-forge
jq                            1.8.1                h73b1eb8_0          conda-forge
jsonpatch                     1.33                 pyhd8ed1ab_1        conda-forge
jsonpointer                   3.0.0                py312h7900ff3_1     conda-forge
jsonschema                    4.24.0               pyhd8ed1ab_0        conda-forge
jsonschema-specifications     2025.4.1             pyh29332c3_0        conda-forge
jupyter_core                  5.8.1                pyh31011fe_0        conda-forge
keyutils                      1.6.1                h166bdaf_0          conda-forge
krb5                          1.21.3               h659f571_0          conda-forge
lcms2                         2.17                 h717163a_0          conda-forge
ld_impl_linux-64              2.43                 h1423503_5          conda-forge
lerc                          4.0.0                h0aef613_1          conda-forge
libarchive                    3.8.1                gpl_h98cc613_100    conda-forge
libcurl                       8.14.1               h332b0f4_0          conda-forge
libdeflate                    1.24                 h86f0d12_0          conda-forge
libedit                       3.1.20250104         pl5321h7949ede_0    conda-forge
libev                         4.33                 hd590300_2          conda-forge
libexpat                      2.7.0                h5888daf_0          conda-forge
libffi                        3.4.6                h2dba641_1          conda-forge
libfreetype                   2.13.3               ha770c72_1          conda-forge
libfreetype6                  2.13.3               h48d6fc4_1          conda-forge
libgcc                        15.1.0               h767d61c_3          conda-forge
libgcc-ng                     15.1.0               h69a702a_3          conda-forge
libgomp                       15.1.0               h767d61c_3          conda-forge
libiconv                      1.18                 h4ce23a2_1          conda-forge
libjpeg-turbo                 3.1.0                hb9d3cd8_0          conda-forge
liblief                       0.16.6               h5888daf_0          conda-forge
liblzma                       5.8.1                hb9d3cd8_2          conda-forge
liblzma-devel                 5.8.1                hb9d3cd8_2          conda-forge
libmamba                      2.3.0                h44402ff_1          conda-forge
libmambapy                    2.3.0                py312hd15d01f_1     conda-forge
libnghttp2                    1.64.0               h161d5f1_0          conda-forge
libnsl                        2.0.1                hb9d3cd8_1          conda-forge
libpng                        1.6.49               h943b412_0          conda-forge
libsolv                       0.7.33               h7955e40_0          conda-forge
libsqlite                     3.50.2               h6cd9bfd_0          conda-forge
libssh2                       1.11.1               hcf80075_0          conda-forge
libstdcxx                     15.1.0               h8f9b012_3          conda-forge
libstdcxx-ng                  15.1.0               h4852527_3          conda-forge
libtiff                       4.7.0                hf01ce69_5          conda-forge
libuuid                       2.38.1               h0b41bf4_0          conda-forge
libwebp-base                  1.5.0                h851e524_0          conda-forge
libxcb                        1.17.0               h8a09558_0          conda-forge
libxcrypt                     4.4.36               hd590300_1          conda-forge
libxml2                       2.13.8               h4bc477f_0          conda-forge
libzlib                       1.3.1                hb9d3cd8_2          conda-forge
lz4-c                         1.10.0               h5888daf_1          conda-forge
lzo                           2.10                 hd590300_1001       conda-forge
mamba                         2.3.0                h233bd08_1          conda-forge
markdown-it-py                3.0.0                pyhd8ed1ab_1        conda-forge
markupsafe                    3.0.2                py312h178313f_1     conda-forge
mbedtls                       3.6.3.1              h5888daf_0          conda-forge
mdurl                         0.1.2                pyhd8ed1ab_1        conda-forge
menuinst                      2.3.0                py312h7900ff3_0     conda-forge
msgpack-python                1.1.1                py312h68727a3_0     conda-forge
nbformat                      5.10.4               pyhd8ed1ab_1        conda-forge
ncurses                       6.5                  h2d0b736_3          conda-forge
networkx                      2.4                  py_1                conda-forge
nlohmann_json                 3.11.3               he02047a_1          conda-forge
oniguruma                     6.9.10               hb9d3cd8_0          conda-forge
openjpeg                      2.5.3                h5fbd93e_0          conda-forge
openssl                       3.5.0                h7b32b05_1          conda-forge
oras-py                       0.1.14               pyhd8ed1ab_0        conda-forge
packaging                     25.0                 pyh29332c3_1        conda-forge
patch                         2.7.6                h7f98852_1002       conda-forge
patchelf                      0.17.2               h58526e2_0          conda-forge
pcre2                         10.45                hc749103_0          conda-forge
perl                          5.32.1               7_hd590300_perl5    conda-forge
pillow                        11.2.1               py312h80c1187_0     conda-forge
pip                           25.1.1               pyh8b19718_0        conda-forge
pkginfo                       1.12.1.2             pyhd8ed1ab_0        conda-forge
pkgutil-resolve-name          1.3.10               pyhd8ed1ab_2        conda-forge
platformdirs                  4.3.8                pyhe01879c_0        conda-forge
pluggy                        1.6.0                pyhd8ed1ab_0        conda-forge
psutil                        7.0.0                py312h66e93f0_0     conda-forge
pthread-stubs                 0.4                  hb9d3cd8_1002       conda-forge
py-lief                       0.16.6               py312h2ec8cdc_0     conda-forge
pybind11-abi                  4                    hd8ed1ab_3          conda-forge
pycosat                       0.6.6                py312h66e93f0_2     conda-forge
pycparser                     2.22                 pyh29332c3_1        conda-forge
pydantic                      2.11.7               pyh3cfb1c2_0        conda-forge
pydantic-core                 2.33.2               py312h680f630_0     conda-forge
pydantic-settings             2.10.1               pyh3cfb1c2_0        conda-forge
pygments                      2.19.2               pyhd8ed1ab_0        conda-forge
pysocks                       1.7.1                pyha55dd90_7        conda-forge
python                        3.12.11              h9e4cc4f_0_cpython  conda-forge
python-dateutil               2.9.0.post0          pyhe01879c_2        conda-forge
python-dotenv                 1.1.1                pyhe01879c_0        conda-forge
python-fastjsonschema         2.21.1               pyhd8ed1ab_0        conda-forge
python-libarchive-c           5.3                  pyhe01879c_0        conda-forge
python_abi                    3.12                 7_cp312             conda-forge
pytz                          2025.2               pyhd8ed1ab_0        conda-forge
pyyaml                        6.0.2                py312h178313f_2     conda-forge
rattler-build                 0.44.0               h2d22210_0          conda-forge
rattler-build-conda-compat    1.4.5                pyhd8ed1ab_0        conda-forge
readchar                      4.2.1                pyhe01879c_0        conda-forge
readline                      8.2                  h8c095d6_2          conda-forge
referencing                   0.36.2               pyh29332c3_0        conda-forge
reproc                        14.2.5.post0         hb9d3cd8_0          conda-forge
reproc-cpp                    14.2.5.post0         h5888daf_0          conda-forge
requests                      2.32.4               pyhd8ed1ab_0        conda-forge
requests-toolbelt             1.0.0                pyhd8ed1ab_1        conda-forge
rich                          14.0.0               pyh29332c3_0        conda-forge
ripgrep                       14.1.1               h8fae777_1          conda-forge
rpds-py                       0.25.1               py312h680f630_0     conda-forge
ruamel.yaml                   0.18.14              py312h66e93f0_0     conda-forge
ruamel.yaml.clib              0.2.8                py312h66e93f0_1     conda-forge
setuptools                    80.9.0               pyhff2d567_0        conda-forge
shellingham                   1.5.4                pyhd8ed1ab_1        conda-forge
shyaml                        0.6.2                pyhd3deb0d_0        conda-forge
simdjson                      3.13.0               h84d6215_0          conda-forge
six                           1.17.0               pyhd8ed1ab_0        conda-forge
soupsieve                     2.7                  pyhd8ed1ab_0        conda-forge
su-exec                       0.2                  h166bdaf_1003       conda-forge
tini                          0.19.0               h166bdaf_1          conda-forge
tk                            8.6.13               noxft_hd72426e_102  conda-forge
tomli                         2.2.1                pyhd8ed1ab_1        conda-forge
tqdm                          4.67.1               pyhd8ed1ab_1        conda-forge
traitlets                     5.14.3               pyhd8ed1ab_1        conda-forge
truststore                    0.10.1               pyh29332c3_0        conda-forge
typer                         0.16.0               pyh167b9f4_0        conda-forge
typer-slim                    0.16.0               pyhe01879c_0        conda-forge
typer-slim-standard           0.16.0               hf964461_0          conda-forge
typing-extensions             4.14.0               h32cad80_0          conda-forge
typing-inspection             0.4.1                pyhd8ed1ab_0        conda-forge
typing_extensions             4.14.0               pyhe01879c_0        conda-forge
tzdata                        2025b                h78e105d_0          conda-forge
urllib3                       2.5.0                pyhd8ed1ab_0        conda-forge
wheel                         0.45.1               pyhd8ed1ab_1        conda-forge
wrapt                         1.17.3               py312h4c3975b_0     conda-forge
xorg-libxau                   1.0.12               hb9d3cd8_0          conda-forge
xorg-libxdmcp                 1.1.5                hb9d3cd8_0          conda-forge
xz                            5.8.1                hbcc6ac9_2          conda-forge
xz-gpl-tools                  5.8.1                hbcc6ac9_2          conda-forge
xz-tools                      5.8.1                hb9d3cd8_2          conda-forge
yaml                          0.2.5                h7f98852_2          conda-forge
yaml-cpp                      0.8.0                h59595ed_0          conda-forge
zipp                          3.23.0               pyhd8ed1ab_0        conda-forge
zstandard                     0.23.0               py312h66e93f0_2     conda-forge
zstd                          1.5.7                hb8e6e7a_2          conda-forge
+ find /home/conda/staged-recipes-copy/recipes -mindepth 2 -maxdepth 2 -type f -name yum_requirements.txt
+ xargs -n1 cat
+ grep -v -e '^#' -e '^$'
+ xargs -r /usr/bin/sudo -n yum install -y
+ test 1 == 1
+ conda index /home/conda/staged-recipes/build_artifacts
2025-08-27T21:18:32 Subdir: linux-64 Gathering repodata
2025-08-27T21:18:32 Subdir: noarch Gathering repodata
2025-08-27T21:18:32 noarch Writing pre-patch repodata
2025-08-27T21:18:32 linux-64 Writing pre-patch repodata
2025-08-27T21:18:32 noarch Applying patch instructions
2025-08-27T21:18:32 noarch Writing patched repodata
2025-08-27T21:18:32 linux-64 Applying patch instructions
2025-08-27T21:18:32 linux-64 Writing patched repodata
2025-08-27T21:18:32 noarch Building current_repodata subset
2025-08-27T21:18:32 linux-64 Building current_repodata subset
2025-08-27T21:18:32 noarch Writing current_repodata subset
2025-08-27T21:18:32 noarch Writing index HTML
2025-08-27T21:18:32 linux-64 Writing current_repodata subset
2025-08-27T21:18:32 linux-64 Writing index HTML
Building all recipes
+ echo 'Building all recipes'
+ python /home/conda/staged-recipes-copy/.ci_support/build_all.py
/home/conda/staged-recipes-copy/.ci_support/compute_build_graph.py:37: UserWarning: pkg_resources is deprecated as an API. See https://setuptools.pypa.io/en/latest/pkg_resources.html. The pkg_resources package is slated for removal as early as 2025-11-30. Refrain from using this package or pin to Setuptools<81.
  import pkg_resources
Building mumble-voip with /home/conda/staged-recipes/build_artifacts,conda-forge using rattler-build
WARNING: Setting build arch. This is only useful when pretending to be on another arch, such as for rendering necessary dependencies on a non-native arch. I trust that you know what you're doing.
WARNING: No numpy version specified in conda_build_config.yaml.  Falling back to default numpy value of 1.26
Adding in variants from /opt/conda/conda_build_config.yaml
Adding in variants from /home/conda/staged-recipes-copy/.ci_support/linux64.yaml

 ╭─ Finding outputs from recipe
 │ Loading variant config file: "/tmp/tmpon7lbk25"
 │ Loading variant config file: "/home/conda/staged-recipes-copy/recipes/mumble-voip/variants.yaml"
 │ Loading variant config file: "/tmp/tmpon7lbk25"
 │ Found 1 variants
 │ 
 │ Build variant: mumble-server-1.5.735-hc505c22_0
 │ 
 │ ╭──────────────────────┬──────────────────────────────────────────────────────────╮
 │ │ Variant              ┆ Version                                                  │
 │ ╞══════════════════════╪══════════════════════════════════════════════════════════╡
 │ │ alsa_lib             ┆ "1.2"                                                    │
 │ │ c_compiler           ┆ "gcc"                                                    │
 │ │ c_compiler_version   ┆ "14"                                                     │
 │ │ c_stdlib             ┆ "sysroot"                                                │
 │ │ c_stdlib_version     ┆ "2.17"                                                   │
 │ │ channel_sources      ┆ "/home/conda/staged-recipes/build_artifacts,conda-forge" │
 │ │ channel_targets      ┆ "conda-forge main"                                       │
 │ │ cxx_compiler         ┆ "gxx"                                                    │
 │ │ cxx_compiler_version ┆ "14"                                                     │
 │ │ libabseil            ┆ "20250127"                                               │
 │ │ libboost_devel       ┆ "1.86"                                                   │
 │ │ libprotobuf          ┆ "5.29.3"                                                 │
 │ │ libxcb               ┆ "1"                                                      │
 │ │ qt                   ┆ "5.15"                                                   │
 │ │ qt_main              ┆ "5.15"                                                   │
 │ │ target_platform      ┆ "linux-64"                                               │
 │ │ zlib                 ┆ "1"                                                      │
 │ ╰──────────────────────┴──────────────────────────────────────────────────────────╯
 │
 ╰─────────────────── (took 0 seconds)

 ╭─ Running build for recipe: mumble-server-1.5.735-hc505c22_0
 │
 │ ╭─ Fetching source code
 │ │ Fetching source from url: https://github.com/mumble-voip/mumble/archive/refs/tags/v1.5.735.tar.gz
 │ │ Validated SHA256 values of the downloaded file!
 │ │ Found valid source cache file.
 │ │ Using extracted directory from cache: /home/conda/staged-recipes/build_artifacts/src_cache/v1_5_735_53968031
 │ │ Copying source from url: /home/conda/staged-recipes/build_artifacts/src_cache/v1_5_735_53968031 to /home/conda/staged-recipes/build_artifacts/bld/rattler-b
 │ │ uild_mumble-server_1756329513/work/src/mumble
 │ │ Applying patch: /home/conda/staged-recipes-copy/recipes/mumble-voip/patches/0003-fix-updateentry-struct-initialization.patch
 │ │ Fetching source from url: https://raw.githubusercontent.com/Krzmbrzl/FindPythonInterpreter/refs/heads/main/FindPythonInterpreter.cmake
 │ │ Validated SHA256 values of the downloaded file!
 │ │ Found valid source cache file.
 │ │ Copying source from url: /home/conda/staged-recipes/build_artifacts/src_cache/FindPythonInterpreter_d3f1988b.cmake to /home/conda/staged-recipes/build_arti
 │ │ facts/bld/rattler-build_mumble-server_1756329513/work/src/mumble/3rdparty/FindPythonInterpreter/
 │ │ Fetching source from url: https://raw.githubusercontent.com/Krzmbrzl/cmake-compiler-flags/refs/heads/main/CompilerFlags.cmake
 │ │ Validated SHA256 values of the downloaded file!
 │ │ Found valid source cache file.
 │ │ Copying source from url: /home/conda/staged-recipes/build_artifacts/src_cache/CompilerFlags_297e2c9f.cmake to /home/conda/staged-recipes/build_artifacts/bl
 │ │ d/rattler-build_mumble-server_1756329513/work/src/mumble/3rdparty/cmake-compiler-flags/
 │ │ Fetching source from url: https://github.com/lipis/flag-icons/archive/refs/tags/v7.3.2.tar.gz
 │ │ Validated SHA256 values of the downloaded file!
 │ │ Found valid source cache file.
 │ │ Using extracted directory from cache: /home/conda/staged-recipes/build_artifacts/src_cache/v7_3_2_6a5497e1
 │ │ Copying source from url: /home/conda/staged-recipes/build_artifacts/src_cache/v7_3_2_6a5497e1 to /home/conda/staged-recipes/build_artifacts/bld/rattler-bui
 │ │ ld_mumble-server_1756329513/work/src/mumble/3rdparty/flag-icons/
 │ │ Fetching source from url: https://github.com/microsoft/GSL/archive/refs/tags/v4.1.0.tar.gz
 │ │ Validated SHA256 values of the downloaded file!
 │ │ Found valid source cache file.
 │ │ Using extracted directory from cache: /home/conda/staged-recipes/build_artifacts/src_cache/v4_1_0_0a227fc9
 │ │ Copying source from url: /home/conda/staged-recipes/build_artifacts/src_cache/v4_1_0_0a227fc9 to /home/conda/staged-recipes/build_artifacts/bld/rattler-bui
 │ │ ld_mumble-server_1756329513/work/src/mumble/3rdparty/gsl/
 │ │ Fetching source from url: https://github.com/nlohmann/json/archive/refs/tags/v3.11.3.tar.gz
 │ │ Validated SHA256 values of the downloaded file!
 │ │ Found valid source cache file.
 │ │ Using extracted directory from cache: /home/conda/staged-recipes/build_artifacts/src_cache/v3_11_3_0d8ef5af
 │ │ Copying source from url: /home/conda/staged-recipes/build_artifacts/src_cache/v3_11_3_0d8ef5af to /home/conda/staged-recipes/build_artifacts/bld/rattler-bu
 │ │ ild_mumble-server_1756329513/work/src/mumble/3rdparty/nlohmann_json/
 │ │ Fetching source from url: https://github.com/wolfpld/tracy/archive/refs/tags/v0.11.1.tar.gz
 │ │ Validated SHA256 values of the downloaded file!
 │ │ Found valid source cache file.
 │ │ Using extracted directory from cache: /home/conda/staged-recipes/build_artifacts/src_cache/v0_11_1_2c11ca81
 │ │ Copying source from url: /home/conda/staged-recipes/build_artifacts/src_cache/v0_11_1_2c11ca81 to /home/conda/staged-recipes/build_artifacts/bld/rattler-bu
 │ │ ild_mumble-server_1756329513/work/src/mumble/3rdparty/tracy/
 │ │ Fetching source from url: https://github.com/xiph/speexdsp/archive/refs/tags/SpeexDSP-1.2.1.tar.gz
 │ │ Validated SHA256 values of the downloaded file!
 │ │ Found valid source cache file.
 │ │ Using extracted directory from cache: /home/conda/staged-recipes/build_artifacts/src_cache/SpeexDSP-1_2_1_d17ca363
 │ │ Copying source from url: /home/conda/staged-recipes/build_artifacts/src_cache/SpeexDSP-1_2_1_d17ca363 to /home/conda/staged-recipes/build_artifacts/bld/rat
 │ │ tler-build_mumble-server_1756329513/work/src/mumble/3rdparty/speexdsp/
 │ │ Fetching source from url: https://github.com/mumble-voip/ReNameNoise/archive/refs/heads/master.tar.gz
 │ │ Validated SHA256 values of the downloaded file!
 │ │ Found valid source cache file.
 │ │ Using extracted directory from cache: /home/conda/staged-recipes/build_artifacts/src_cache/master_8f4ecd90
 │ │ Copying source from url: /home/conda/staged-recipes/build_artifacts/src_cache/master_8f4ecd90 to /home/conda/staged-recipes/build_artifacts/bld/rattler-bui
 │ │ ld_mumble-server_1756329513/work/src/mumble/3rdparty/renamenoise/
 │ │ Fetching source from url: https://github.com/mumble-voip/minhook/archive/8b972409bd85f851b280f5334c16aecb7f131e76.tar.gz
 │ │ Validated SHA256 values of the downloaded file!
 │ │ Found valid source cache file.
 │ │ Using extracted directory from cache: /home/conda/staged-recipes/build_artifacts/src_cache/8b972409bd85f851b280f5334c16aecb7f131e76_8f677814
 │ │ Copying source from url: /home/conda/staged-recipes/build_artifacts/src_cache/8b972409bd85f851b280f5334c16aecb7f131e76_8f677814 to /home/conda/staged-recip
 │ │ es/build_artifacts/bld/rattler-build_mumble-server_1756329513/work/src/mumble/3rdparty/minhook/
 │ │ Fetching source from url: https://github.com/mumble-voip/SPSCQueue/archive/e0defee95d54785f767fd99a58fce391c2d04b81.tar.gz
 │ │ Validated SHA256 values of the downloaded file!
 │ │ Found valid source cache file.
 │ │ Using extracted directory from cache: /home/conda/staged-recipes/build_artifacts/src_cache/e0defee95d54785f767fd99a58fce391c2d04b81_f0eb90c2
 │ │ Copying source from url: /home/conda/staged-recipes/build_artifacts/src_cache/e0defee95d54785f767fd99a58fce391c2d04b81_f0eb90c2 to /home/conda/staged-recip
 │ │ es/build_artifacts/bld/rattler-build_mumble-server_1756329513/work/src/mumble/3rdparty/SPSCQueue/
 │ │ Fetching source from url: https://github.com/mumble-voip/mach_override/archive/919148f94db54fc04d287eb6a42c0c36b166bbfa.tar.gz
 │ │ Validated SHA256 values of the downloaded file!
 │ │ Found valid source cache file.
 │ │ Using extracted directory from cache: /home/conda/staged-recipes/build_artifacts/src_cache/919148f94db54fc04d287eb6a42c0c36b166bbfa_dc2f83c1
 │ │ Copying source from url: /home/conda/staged-recipes/build_artifacts/src_cache/919148f94db54fc04d287eb6a42c0c36b166bbfa_dc2f83c1 to /home/conda/staged-recip
 │ │ es/build_artifacts/bld/rattler-build_mumble-server_1756329513/work/src/mumble/3rdparty/mach-override-src/
 │ │ Fetching source from url: https://github.com/SOCI/soci/archive/ce348126e7b8f8f851c0461ec4b5cf8e38f848d6.tar.gz
 │ │ Validated SHA256 values of the downloaded file!
 │ │ Found valid source cache file.
 │ │ Using extracted directory from cache: /home/conda/staged-recipes/build_artifacts/src_cache/ce348126e7b8f8f851c0461ec4b5cf8e38f848d6_09f22c98
 │ │ Copying source from url: /home/conda/staged-recipes/build_artifacts/src_cache/ce348126e7b8f8f851c0461ec4b5cf8e38f848d6_09f22c98 to /home/conda/staged-recip
 │ │ es/build_artifacts/bld/rattler-build_mumble-server_1756329513/work/src/mumble/3rdparty/soci/
 │ │ Fetching source from url: https://github.com/gabime/spdlog/archive/faa0a7a9c5a3550ed5461fab7d8e31c37fd1a2ef.tar.gz
 │ │ Validated SHA256 values of the downloaded file!
 │ │ Found valid source cache file.
 │ │ Using extracted directory from cache: /home/conda/staged-recipes/build_artifacts/src_cache/faa0a7a9c5a3550ed5461fab7d8e31c37fd1a2ef_e471675f
 │ │ Copying source from url: /home/conda/staged-recipes/build_artifacts/src_cache/faa0a7a9c5a3550ed5461fab7d8e31c37fd1a2ef_e471675f to /home/conda/staged-recip
 │ │ es/build_artifacts/bld/rattler-build_mumble-server_1756329513/work/src/mumble/3rdparty/spdlog/
 │ │ Fetching source from url: https://github.com/mumble-voip/utfcpp/archive/e717ac3928b759b79c5e7e403fa2ecbcf4697205.tar.gz
 │ │ Validated SHA256 values of the downloaded file!
 │ │ Found valid source cache file.
 │ │ Using extracted directory from cache: /home/conda/staged-recipes/build_artifacts/src_cache/e717ac3928b759b79c5e7e403fa2ecbcf4697205_3ca4539a
 │ │ Copying source from url: /home/conda/staged-recipes/build_artifacts/src_cache/e717ac3928b759b79c5e7e403fa2ecbcf4697205_3ca4539a to /home/conda/staged-recip
 │ │ es/build_artifacts/bld/rattler-build_mumble-server_1756329513/work/src/mumble/3rdparty/utfcpp/
 │ │ Fetching source from path: /home/conda/staged-recipes-copy/recipes/mumble-voip/service.yaml
 │ │ Copying source from path: /home/conda/staged-recipes-copy/recipes/mumble-voip/service.yaml to /home/conda/staged-recipes/build_artifacts/bld/rattler-build_
 │ │ mumble-server_1756329513/work/service-config/service.yaml
 │ │
 │ ╰─────────────────── (took 0 seconds)
 │
 │ ╭─ Resolving environments
 │ │ 
 │ │ Resolving build environment:
 │ │   Platform: linux-64 [__unix=0=0, __linux=6.14.11=0, __glibc=2.34=0, __archspec=1=skylake]
 │ │   Channels: 
 │ │    - file:///home/conda/staged-recipes/build_artifacts/
 │ │    - file:///home/conda/staged-recipes/build_artifacts/
 │ │    - conda-forge
 │ │   Specs:
 │ │    - nushell
 │ │    - gxx_linux-64 14.*
 │ │    - gcc_linux-64 14.*
 │ │    - sysroot_linux-64 2.17.*
 │ │    - qt >=5.15,<6
 │ │    - qt-main >=5.15,<6
 │ │    - mesalib
 │ │    - python >=3.8
 │ │    - cmake >=3.20
 │ │    - py-build-cmake
 │ │    - ninja >=1.10
 │ │    - make
 │ │    - pkg-config >=0.29
 │ │    - xorg-libx11 >=1.6
 │ │    - xorg-libxext >=1.3
 │ │    - xorg-libxi >=1.7
 │ │    - xorg-xproto
 │ │    - xorg-xextproto
 │ │    - xorg-inputproto
 │ │    - xorg-xorgproto
 │ │    - libboost-devel >=1.70
 │ │    - libopenssl-static
 │ │    - libprotobuf-static
 │ │    - libprotobuf 5.29.3.*
 │ │    - protobuf
 │ │    - libboost-devel 1.86.*
 │ │    - libabseil 20250127.*
 │ │    - zlib 1.*
 │ │ 
 │ │ ╭───────────────────────────┬──────────────┬────────────────────┬─────────────┬────────────╮
 │ │ │ Package                   ┆ Version      ┆ Build              ┆ Channel     ┆       Size │
 │ │ ╞═══════════════════════════╪══════════════╪════════════════════╪═════════════╪════════════╡
 │ │ │ _libgcc_mutex             ┆ 0.1          ┆ conda_forge        ┆ conda-forge ┆   2.50 KiB │
 │ │ │ _openmp_mutex             ┆ 4.5          ┆ 2_gnu              ┆ conda-forge ┆  23.07 KiB │
 │ │ │ alsa-lib                  ┆ 1.2.14       ┆ hb9d3cd8_0         ┆ conda-forge ┆ 553.25 KiB │
 │ │ │ attr                      ┆ 2.5.1        ┆ h166bdaf_1         ┆ conda-forge ┆  69.38 KiB │
 │ │ │ binutils_impl_linux-64    ┆ 2.44         ┆ h4bf12b8_1         ┆ conda-forge ┆   3.61 MiB │
 │ │ │ binutils_linux-64         ┆ 2.44         ┆ h4852527_1         ┆ conda-forge ┆  35.20 KiB │
 │ │ │ bzip2                     ┆ 1.0.8        ┆ h4bc722e_7         ┆ conda-forge ┆ 246.86 KiB │
 │ │ │ c-ares                    ┆ 1.34.5       ┆ hb9d3cd8_0         ┆ conda-forge ┆ 202.04 KiB │
 │ │ │ ca-certificates           ┆ 2025.8.3     ┆ hbd8a1cb_0         ┆ conda-forge ┆ 150.78 KiB │
 │ │ │ cairo                     ┆ 1.18.4       ┆ h3394656_0         ┆ conda-forge ┆ 955.19 KiB │
 │ │ │ click                     ┆ 8.1.8        ┆ pyh707e725_0       ┆ conda-forge ┆  82.72 KiB │
 │ │ │ cmake                     ┆ 4.1.0        ┆ hc85cc9f_0         ┆ conda-forge ┆  20.26 MiB │
 │ │ │ cyrus-sasl                ┆ 2.1.28       ┆ hd9c7081_0         ┆ conda-forge ┆ 204.86 KiB │
 │ │ │ dbus                      ┆ 1.16.2       ┆ h3c4dab8_0         ┆ conda-forge ┆ 427.60 KiB │
 │ │ │ distlib                   ┆ 0.3.9        ┆ pyhd8ed1ab_1       ┆ conda-forge ┆ 267.73 KiB │
 │ │ │ font-ttf-dejavu-sans-mono ┆ 2.37         ┆ hab24e00_0         ┆ conda-forge ┆ 388.06 KiB │
 │ │ │ font-ttf-inconsolata      ┆ 3.000        ┆ h77eed37_0         ┆ conda-forge ┆  94.27 KiB │
 │ │ │ font-ttf-source-code-pro  ┆ 2.038        ┆ h77eed37_0         ┆ conda-forge ┆ 684.39 KiB │
 │ │ │ font-ttf-ubuntu           ┆ 0.83         ┆ h77eed37_3         ┆ conda-forge ┆   1.55 MiB │
 │ │ │ fontconfig                ┆ 2.15.0       ┆ h7e30c49_1         ┆ conda-forge ┆ 259.37 KiB │
 │ │ │ fonts-conda-ecosystem     ┆ 1            ┆ 0                  ┆ conda-forge ┆   3.58 KiB │
 │ │ │ fonts-conda-forge         ┆ 1            ┆ 0                  ┆ conda-forge ┆   4.01 KiB │
 │ │ │ freetype                  ┆ 2.13.3       ┆ ha770c72_1         ┆ conda-forge ┆ 168.41 KiB │
 │ │ │ gcc_impl_linux-64         ┆ 14.3.0       ┆ hd9e9e21_4         ┆ conda-forge ┆  67.79 MiB │
 │ │ │ gcc_linux-64              ┆ 14.3.0       ┆ h1382650_11        ┆ conda-forge ┆  31.75 KiB │
 │ │ │ gettext                   ┆ 0.25.1       ┆ h3f43e3d_1         ┆ conda-forge ┆ 528.67 KiB │
 │ │ │ gettext-tools             ┆ 0.25.1       ┆ h3f43e3d_1         ┆ conda-forge ┆   3.48 MiB │
 │ │ │ giflib                    ┆ 5.2.2        ┆ hd590300_0         ┆ conda-forge ┆  75.44 KiB │
 │ │ │ glib                      ┆ 2.84.3       ┆ h89d24bf_0         ┆ conda-forge ┆ 595.89 KiB │
 │ │ │ glib-tools                ┆ 2.84.3       ┆ hf516916_0         ┆ conda-forge ┆ 113.98 KiB │
 │ │ │ graphite2                 ┆ 1.3.14       ┆ hecca717_2         ┆ conda-forge ┆  97.26 KiB │
 │ │ │ gst-plugins-base          ┆ 1.24.11      ┆ h651a532_0         ┆ conda-forge ┆   2.73 MiB │
 │ │ │ gstreamer                 ┆ 1.24.11      ┆ hc37bda9_0         ┆ conda-forge ┆   1.93 MiB │
 │ │ │ gtest                     ┆ 1.16.0       ┆ h84d6215_0         ┆ conda-forge ┆ 404.03 KiB │
 │ │ │ gxx_impl_linux-64         ┆ 14.3.0       ┆ he663afc_4         ┆ conda-forge ┆  14.44 MiB │
 │ │ │ gxx_linux-64              ┆ 14.3.0       ┆ ha7acb78_11        ┆ conda-forge ┆  30.08 KiB │
 │ │ │ harfbuzz                  ┆ 11.4.4       ┆ h15599e2_0         ┆ conda-forge ┆   2.30 MiB │
 │ │ │ icu                       ┆ 75.1         ┆ he02047a_0         ┆ conda-forge ┆  11.57 MiB │
 │ │ │ kernel-headers_linux-64   ┆ 3.10.0       ┆ he073ed8_18        ┆ conda-forge ┆ 921.37 KiB │
 │ │ │ keyutils                  ┆ 1.6.3        ┆ hb9d3cd8_0         ┆ conda-forge ┆ 130.95 KiB │
 │ │ │ krb5                      ┆ 1.21.3       ┆ h659f571_0         ┆ conda-forge ┆   1.31 MiB │
 │ │ │ lame                      ┆ 3.100        ┆ h166bdaf_1003      ┆ conda-forge ┆ 496.35 KiB │
 │ │ │ lark                      ┆ 1.2.2        ┆ pyhd8ed1ab_1       ┆ conda-forge ┆  89.93 KiB │
 │ │ │ ld_impl_linux-64          ┆ 2.44         ┆ h1423503_1         ┆ conda-forge ┆ 660.20 KiB │
 │ │ │ lerc                      ┆ 4.0.0        ┆ h0aef613_1         ┆ conda-forge ┆ 258.05 KiB │
 │ │ │ libabseil                 ┆ 20250127.1   ┆ cxx17_hbbce691_0   ┆ conda-forge ┆   1.26 MiB │
 │ │ │ libasprintf               ┆ 0.25.1       ┆ h3f43e3d_1         ┆ conda-forge ┆  52.33 KiB │
 │ │ │ libasprintf-devel         ┆ 0.25.1       ┆ h3f43e3d_1         ┆ conda-forge ┆  33.92 KiB │
 │ │ │ libboost                  ┆ 1.86.0       ┆ h6c02f8c_3         ┆ conda-forge ┆   2.81 MiB │
 │ │ │ libboost-devel            ┆ 1.86.0       ┆ h1a2810e_3         ┆ conda-forge ┆  36.67 KiB │
 │ │ │ libboost-headers          ┆ 1.86.0       ┆ ha770c72_3         ┆ conda-forge ┆  13.34 MiB │
 │ │ │ libcap                    ┆ 2.75         ┆ h39aace5_0         ┆ conda-forge ┆ 117.55 KiB │
 │ │ │ libclang-cpp20.1          ┆ 20.1.8       ┆ default_hddf928d_0 ┆ conda-forge ┆  20.27 MiB │
 │ │ │ libclang13                ┆ 20.1.8       ┆ default_ha444ac7_0 ┆ conda-forge ┆  11.78 MiB │
 │ │ │ libcups                   ┆ 2.3.3        ┆ hb8b1518_5         ┆ conda-forge ┆   4.31 MiB │
 │ │ │ libcurl                   ┆ 8.14.1       ┆ h332b0f4_0         ┆ conda-forge ┆ 439.37 KiB │
 │ │ │ libdeflate                ┆ 1.24         ┆ h86f0d12_0         ┆ conda-forge ┆  70.87 KiB │
 │ │ │ libdrm                    ┆ 2.4.125      ┆ hb9d3cd8_0         ┆ conda-forge ┆ 240.39 KiB │
 │ │ │ libedit                   ┆ 3.1.20250104 ┆ pl5321h7949ede_0   ┆ conda-forge ┆ 131.52 KiB │
 │ │ │ libegl                    ┆ 1.7.0        ┆ ha4b6fd6_2         ┆ conda-forge ┆  43.79 KiB │
 │ │ │ libev                     ┆ 4.33         ┆ hd590300_2         ┆ conda-forge ┆ 110.12 KiB │
 │ │ │ libevent                  ┆ 2.1.12       ┆ hf998b51_1         ┆ conda-forge ┆ 417.41 KiB │
 │ │ │ libexpat                  ┆ 2.7.1        ┆ hecca717_0         ┆ conda-forge ┆  73.06 KiB │
 │ │ │ libffi                    ┆ 3.4.6        ┆ h2dba641_1         ┆ conda-forge ┆  56.09 KiB │
 │ │ │ libflac                   ┆ 1.4.3        ┆ h59595ed_0         ┆ conda-forge ┆ 385.14 KiB │
 │ │ │ libfreetype               ┆ 2.13.3       ┆ ha770c72_1         ┆ conda-forge ┆   7.51 KiB │
 │ │ │ libfreetype6              ┆ 2.13.3       ┆ h48d6fc4_1         ┆ conda-forge ┆ 371.22 KiB │
 │ │ │ libgcc                    ┆ 15.1.0       ┆ h767d61c_4         ┆ conda-forge ┆ 804.84 KiB │
 │ │ │ libgcc-devel_linux-64     ┆ 14.3.0       ┆ h85bb3a7_104       ┆ conda-forge ┆   2.60 MiB │
 │ │ │ libgcc-ng                 ┆ 15.1.0       ┆ h69a702a_4         ┆ conda-forge ┆  28.56 KiB │
 │ │ │ libgcrypt-lib             ┆ 1.11.1       ┆ hb9d3cd8_0         ┆ conda-forge ┆ 576.52 KiB │
 │ │ │ libgettextpo              ┆ 0.25.1       ┆ h3f43e3d_1         ┆ conda-forge ┆ 183.88 KiB │
 │ │ │ libgettextpo-devel        ┆ 0.25.1       ┆ h3f43e3d_1         ┆ conda-forge ┆  36.53 KiB │
 │ │ │ libgl                     ┆ 1.7.0        ┆ ha4b6fd6_2         ┆ conda-forge ┆ 131.55 KiB │
 │ │ │ libglib                   ┆ 2.84.3       ┆ hf39c6af_0         ┆ conda-forge ┆   3.78 MiB │
 │ │ │ libglvnd                  ┆ 1.7.0        ┆ ha4b6fd6_2         ┆ conda-forge ┆ 129.36 KiB │
 │ │ │ libglx                    ┆ 1.7.0        ┆ ha4b6fd6_2         ┆ conda-forge ┆  73.73 KiB │
 │ │ │ libgomp                   ┆ 15.1.0       ┆ h767d61c_4         ┆ conda-forge ┆ 436.81 KiB │
 │ │ │ libgpg-error              ┆ 1.55         ┆ h3f2d84a_0         ┆ conda-forge ┆ 304.87 KiB │
 │ │ │ libiconv                  ┆ 1.18         ┆ h3b78370_2         ┆ conda-forge ┆ 771.66 KiB │
 │ │ │ libjpeg-turbo             ┆ 3.1.0        ┆ hb9d3cd8_0         ┆ conda-forge ┆ 614.21 KiB │
 │ │ │ libllvm20                 ┆ 20.1.8       ┆ hecd9e04_0         ┆ conda-forge ┆  41.95 MiB │
 │ │ │ liblzma                   ┆ 5.8.1        ┆ hb9d3cd8_2         ┆ conda-forge ┆ 110.25 KiB │
 │ │ │ libmpdec                  ┆ 4.0.0        ┆ hb9d3cd8_0         ┆ conda-forge ┆  89.05 KiB │
 │ │ │ libnghttp2                ┆ 1.64.0       ┆ h161d5f1_0         ┆ conda-forge ┆ 632.42 KiB │
 │ │ │ libntlm                   ┆ 1.8          ┆ hb9d3cd8_0         ┆ conda-forge ┆  32.63 KiB │
 │ │ │ libogg                    ┆ 1.3.5        ┆ hd0c01bc_1         ┆ conda-forge ┆ 213.38 KiB │
 │ │ │ libopenssl-static         ┆ 3.5.2        ┆ hb03c661_0         ┆ conda-forge ┆   2.71 MiB │
 │ │ │ libopus                   ┆ 1.5.2        ┆ hd0c01bc_0         ┆ conda-forge ┆ 305.15 KiB │
 │ │ │ libpciaccess              ┆ 0.18         ┆ hb9d3cd8_0         ┆ conda-forge ┆  27.76 KiB │
 │ │ │ libpng                    ┆ 1.6.50       ┆ h421ea60_1         ┆ conda-forge ┆ 309.95 KiB │
 │ │ │ libpq                     ┆ 17.6         ┆ h3675c94_1         ┆ conda-forge ┆   2.52 MiB │
 │ │ │ libprotobuf               ┆ 5.29.3       ┆ h7460b1f_2         ┆ conda-forge ┆   3.31 MiB │
 │ │ │ libprotobuf-static        ┆ 5.29.3       ┆ h7460b1f_2         ┆ conda-forge ┆   3.05 MiB │
 │ │ │ libsanitizer              ┆ 14.3.0       ┆ hd08acf3_4         ┆ conda-forge ┆   4.83 MiB │
 │ │ │ libsndfile                ┆ 1.2.2        ┆ hc60ed4a_1         ┆ conda-forge ┆ 346.07 KiB │
 │ │ │ libsqlite                 ┆ 3.50.4       ┆ h0c1763c_0         ┆ conda-forge ┆ 910.72 KiB │
 │ │ │ libssh2                   ┆ 1.11.1       ┆ hcf80075_0         ┆ conda-forge ┆ 297.65 KiB │
 │ │ │ libstdcxx                 ┆ 15.1.0       ┆ h8f9b012_4         ┆ conda-forge ┆   3.72 MiB │
 │ │ │ libstdcxx-devel_linux-64  ┆ 14.3.0       ┆ h85bb3a7_104       ┆ conda-forge ┆  13.95 MiB │
 │ │ │ libstdcxx-ng              ┆ 15.1.0       ┆ h4852527_4         ┆ conda-forge ┆  28.63 KiB │
 │ │ │ libsystemd0               ┆ 257.7        ┆ h4e0b6ca_0         ┆ conda-forge ┆ 476.53 KiB │
 │ │ │ libtiff                   ┆ 4.7.0        ┆ h8261f1e_6         ┆ conda-forge ┆ 422.93 KiB │
 │ │ │ libuuid                   ┆ 2.38.1       ┆ h0b41bf4_0         ┆ conda-forge ┆  32.81 KiB │
 │ │ │ libuv                     ┆ 1.51.0       ┆ hb03c661_1         ┆ conda-forge ┆ 874.13 KiB │
 │ │ │ libvorbis                 ┆ 1.3.7        ┆ h54a6638_2         ┆ conda-forge ┆ 279.19 KiB │
 │ │ │ libwebp                   ┆ 1.6.0        ┆ h9635ea4_0         ┆ conda-forge ┆  91.74 KiB │
 │ │ │ libwebp-base              ┆ 1.6.0        ┆ hd42ef1d_0         ┆ conda-forge ┆ 418.96 KiB │
 │ │ │ libxcb                    ┆ 1.17.0       ┆ h8a09558_0         ┆ conda-forge ┆ 386.61 KiB │
 │ │ │ libxcrypt                 ┆ 4.4.36       ┆ hd590300_1         ┆ conda-forge ┆  98.04 KiB │
 │ │ │ libxkbcommon              ┆ 1.11.0       ┆ he8b52b9_0         ┆ conda-forge ┆ 772.78 KiB │
 │ │ │ libxml2                   ┆ 2.13.8       ┆ h04c0eec_1         ┆ conda-forge ┆ 682.08 KiB │
 │ │ │ libzlib                   ┆ 1.3.1        ┆ hb9d3cd8_2         ┆ conda-forge ┆  59.53 KiB │
 │ │ │ lz4-c                     ┆ 1.10.0       ┆ h5888daf_1         ┆ conda-forge ┆ 163.14 KiB │
 │ │ │ make                      ┆ 4.4.1        ┆ hb9d3cd8_2         ┆ conda-forge ┆ 501.06 KiB │
 │ │ │ mesalib                   ┆ 25.0.5       ┆ h57bcd07_2         ┆ conda-forge ┆   6.06 MiB │
 │ │ │ mpg123                    ┆ 1.32.9       ┆ hc50e24c_0         ┆ conda-forge ┆ 479.63 KiB │
 │ │ │ ncurses                   ┆ 6.5          ┆ h2d0b736_3         ┆ conda-forge ┆ 870.74 KiB │
 │ │ │ ninja                     ┆ 1.13.1       ┆ h171cf75_0         ┆ conda-forge ┆ 181.96 KiB │
 │ │ │ nspr                      ┆ 4.37         ┆ h29cc59b_0         ┆ conda-forge ┆ 225.54 KiB │
 │ │ │ nss                       ┆ 3.115        ┆ hc3c8bcf_0         ┆ conda-forge ┆   1.94 MiB │
 │ │ │ nushell                   ┆ 0.106.1      ┆ hb0b18c3_0         ┆ conda-forge ┆   9.14 MiB │
 │ │ │ openldap                  ┆ 2.6.10       ┆ he970967_0         ┆ conda-forge ┆ 761.97 KiB │
 │ │ │ openssl                   ┆ 3.5.2        ┆ h26f9b46_0         ┆ conda-forge ┆   2.98 MiB │
 │ │ │ packaging                 ┆ 25.0         ┆ pyh29332c3_1       ┆ conda-forge ┆  61.01 KiB │
 │ │ │ pcre2                     ┆ 10.45        ┆ hc749103_0         ┆ conda-forge ┆   1.14 MiB │
 │ │ │ pixman                    ┆ 0.46.4       ┆ h54a6638_1         ┆ conda-forge ┆ 440.39 KiB │
 │ │ │ pkg-config                ┆ 0.29.2       ┆ h4bc722e_1009      ┆ conda-forge ┆ 112.48 KiB │
 │ │ │ protobuf                  ┆ 5.29.3       ┆ py313h386a9ef_0    ┆ conda-forge ┆ 472.81 KiB │
 │ │ │ pthread-stubs             ┆ 0.4          ┆ hb9d3cd8_1002      ┆ conda-forge ┆   8.06 KiB │
 │ │ │ pulseaudio-client         ┆ 17.0         ┆ hac146a9_1         ┆ conda-forge ┆ 746.32 KiB │
 │ │ │ py-build-cmake            ┆ 0.4.3        ┆ pyhd8ed1ab_0       ┆ conda-forge ┆  68.79 KiB │
 │ │ │ pyproject-metadata        ┆ 0.7.1        ┆ pyhd8ed1ab_0       ┆ conda-forge ┆  12.24 KiB │
 │ │ │ python                    ┆ 3.13.5       ┆ hec9711d_102_cp313 ┆ conda-forge ┆  31.73 MiB │
 │ │ │ python_abi                ┆ 3.13         ┆ 8_cp313            ┆ conda-forge ┆   6.84 KiB │
 │ │ │ qt                        ┆ 5.15.15      ┆ h57362cc_0         ┆ conda-forge ┆  17.19 KiB │
 │ │ │ qt-main                   ┆ 5.15.15      ┆ h3a7ef08_5         ┆ conda-forge ┆  49.73 MiB │
 │ │ │ qt-webengine              ┆ 5.15.15      ┆ h2da670d_3         ┆ conda-forge ┆  48.84 MiB │
 │ │ │ readline                  ┆ 8.2          ┆ h8c095d6_2         ┆ conda-forge ┆ 275.86 KiB │
 │ │ │ rhash                     ┆ 1.4.6        ┆ hb9d3cd8_1         ┆ conda-forge ┆ 189.23 KiB │
 │ │ │ spirv-tools               ┆ 2025.1       ┆ h84d6215_0         ┆ conda-forge ┆   1.97 MiB │
 │ │ │ sysroot_linux-64          ┆ 2.17         ┆ h0157908_18        ┆ conda-forge ┆  14.46 MiB │
 │ │ │ tk                        ┆ 8.6.13       ┆ noxft_hd72426e_102 ┆ conda-forge ┆   3.13 MiB │
 │ │ │ tomli                     ┆ 2.2.1        ┆ pyhe01879c_2       ┆ conda-forge ┆  20.74 KiB │
 │ │ │ tzdata                    ┆ 2025b        ┆ h78e105d_0         ┆ conda-forge ┆ 120.09 KiB │
 │ │ │ xcb-util                  ┆ 0.4.1        ┆ h4f16b4b_2         ┆ conda-forge ┆  20.29 KiB │
 │ │ │ xcb-util-image            ┆ 0.4.0        ┆ hb711507_2         ┆ conda-forge ┆  23.98 KiB │
 │ │ │ xcb-util-keysyms          ┆ 0.4.1        ┆ hb711507_0         ┆ conda-forge ┆  13.98 KiB │
 │ │ │ xcb-util-renderutil       ┆ 0.3.10       ┆ hb711507_0         ┆ conda-forge ┆  16.58 KiB │
 │ │ │ xcb-util-wm               ┆ 0.4.2        ┆ hb711507_0         ┆ conda-forge ┆  50.48 KiB │
 │ │ │ xkeyboard-config          ┆ 2.45         ┆ hb9d3cd8_0         ┆ conda-forge ┆ 383.21 KiB │
 │ │ │ xorg-inputproto           ┆ 2.3.2        ┆ hb9d3cd8_1003      ┆ conda-forge ┆  21.80 KiB │
 │ │ │ xorg-libice               ┆ 1.1.2        ┆ hb9d3cd8_0         ┆ conda-forge ┆  57.25 KiB │
 │ │ │ xorg-libsm                ┆ 1.2.6        ┆ he73a12e_0         ┆ conda-forge ┆  26.94 KiB │
 │ │ │ xorg-libx11               ┆ 1.8.12       ┆ h4f16b4b_0         ┆ conda-forge ┆ 816.30 KiB │
 │ │ │ xorg-libxau               ┆ 1.0.12       ┆ hb9d3cd8_0         ┆ conda-forge ┆  14.43 KiB │
 │ │ │ xorg-libxcomposite        ┆ 0.4.6        ┆ hb9d3cd8_2         ┆ conda-forge ┆  13.28 KiB │
 │ │ │ xorg-libxcursor           ┆ 1.2.3        ┆ hb9d3cd8_0         ┆ conda-forge ┆  31.77 KiB │
 │ │ │ xorg-libxdamage           ┆ 1.1.6        ┆ hb9d3cd8_0         ┆ conda-forge ┆  12.91 KiB │
 │ │ │ xorg-libxdmcp             ┆ 1.1.5        ┆ hb9d3cd8_0         ┆ conda-forge ┆  19.43 KiB │
 │ │ │ xorg-libxext              ┆ 1.3.6        ┆ hb9d3cd8_0         ┆ conda-forge ┆  48.89 KiB │
 │ │ │ xorg-libxfixes            ┆ 6.0.1        ┆ hb9d3cd8_0         ┆ conda-forge ┆  19.12 KiB │
 │ │ │ xorg-libxi                ┆ 1.8.2        ┆ hb9d3cd8_0         ┆ conda-forge ┆  46.07 KiB │
 │ │ │ xorg-libxrandr            ┆ 1.5.4        ┆ hb9d3cd8_0         ┆ conda-forge ┆  28.91 KiB │
 │ │ │ xorg-libxrender           ┆ 0.9.12       ┆ hb9d3cd8_0         ┆ conda-forge ┆  32.23 KiB │
 │ │ │ xorg-libxshmfence         ┆ 1.3.3        ┆ hb9d3cd8_0         ┆ conda-forge ┆  12.01 KiB │
 │ │ │ xorg-libxtst              ┆ 1.2.5        ┆ hb9d3cd8_3         ┆ conda-forge ┆  32.04 KiB │
 │ │ │ xorg-libxxf86vm           ┆ 1.1.6        ┆ hb9d3cd8_0         ┆ conda-forge ┆  17.40 KiB │
 │ │ │ xorg-xextproto            ┆ 7.3.0        ┆ hb9d3cd8_1004      ┆ conda-forge ┆  29.83 KiB │
 │ │ │ xorg-xorgproto            ┆ 2024.1       ┆ hb9d3cd8_1         ┆ conda-forge ┆ 552.17 KiB │
 │ │ │ xorg-xproto               ┆ 7.0.31       ┆ hb9d3cd8_1008      ┆ conda-forge ┆  71.60 KiB │
 │ │ │ zlib                      ┆ 1.3.1        ┆ hb9d3cd8_2         ┆ conda-forge ┆  90.12 KiB │
 │ │ │ zstd                      ┆ 1.5.7        ┆ hb8e6e7a_2         ┆ conda-forge ┆ 554.28 KiB │
 │ │ ╰───────────────────────────┴──────────────┴────────────────────┴─────────────┴────────────╯
 │ │ 
 │ │ Resolving host environment:
 │ │   Platform: linux-64 [__unix=0=0, __linux=6.14.11=0, __glibc=2.34=0, __archspec=1=skylake]
 │ │   Channels: 
 │ │    - file:///home/conda/staged-recipes/build_artifacts/
 │ │    - file:///home/conda/staged-recipes/build_artifacts/
 │ │    - conda-forge
 │ │   Specs:
 │ │    - sysroot_linux-64 2.17.*
 │ │    - qt 5.15.*
 │ │    - qt-main 5.15.*
 │ │    - xorg-libx11
 │ │    - xorg-libxext
 │ │    - xorg-libxi
 │ │    - xorg-xproto
 │ │    - xorg-xextproto
 │ │    - xorg-inputproto
 │ │    - xorg-xorgproto
 │ │    - libboost-devel 1.86.*
 │ │    - alsa-lib 1.2.*
 │ │    - libabseil >=20230125
 │ │    - libprotobuf >=3.21
 │ │    - libcap >=2.25
 │ │    - zlib >=1.2.11
 │ │    - libogg >=1.3
 │ │    - libsndfile >=1.0.28
 │ │    - libopus >=1.3
 │ │    - avahi
 │ │    - libxcb 1.*
 │ │    - zeroconf >=0.70
 │ │    - poco >=1.12
 │ │    - libgcc >=14
 │ │    - __glibc >=2.17,<3.0.a0
 │ │    - libstdcxx >=14
 │ │    - libgcc >=14
 │ │ 
 │ │ ╭───────────────────────────┬──────────────┬────────────────────┬─────────────┬────────────╮
 │ │ │ Package                   ┆ Version      ┆ Build              ┆ Channel     ┆       Size │
 │ │ ╞═══════════════════════════╪══════════════╪════════════════════╪═════════════╪════════════╡
 │ │ │ _libgcc_mutex             ┆ 0.1          ┆ conda_forge        ┆ conda-forge ┆   2.50 KiB │
 │ │ │ _openmp_mutex             ┆ 4.5          ┆ 2_gnu              ┆ conda-forge ┆  23.07 KiB │
 │ │ │ alsa-lib                  ┆ 1.2.14       ┆ hb9d3cd8_0         ┆ conda-forge ┆ 553.25 KiB │
 │ │ │ async-timeout             ┆ 5.0.1        ┆ pyhd8ed1ab_1       ┆ conda-forge ┆  11.49 KiB │
 │ │ │ attr                      ┆ 2.5.1        ┆ h166bdaf_1         ┆ conda-forge ┆  69.38 KiB │
 │ │ │ avahi                     ┆ 0.8          ┆ h125181c_7         ┆ conda-forge ┆ 423.14 KiB │
 │ │ │ bzip2                     ┆ 1.0.8        ┆ h4bc722e_7         ┆ conda-forge ┆ 246.86 KiB │
 │ │ │ ca-certificates           ┆ 2025.8.3     ┆ hbd8a1cb_0         ┆ conda-forge ┆ 150.78 KiB │
 │ │ │ cairo                     ┆ 1.18.4       ┆ h3394656_0         ┆ conda-forge ┆ 955.19 KiB │
 │ │ │ cyrus-sasl                ┆ 2.1.28       ┆ hd9c7081_0         ┆ conda-forge ┆ 204.86 KiB │
 │ │ │ dbus                      ┆ 1.16.2       ┆ h3c4dab8_0         ┆ conda-forge ┆ 427.60 KiB │
 │ │ │ font-ttf-dejavu-sans-mono ┆ 2.37         ┆ hab24e00_0         ┆ conda-forge ┆ 388.06 KiB │
 │ │ │ font-ttf-inconsolata      ┆ 3.000        ┆ h77eed37_0         ┆ conda-forge ┆  94.27 KiB │
 │ │ │ font-ttf-source-code-pro  ┆ 2.038        ┆ h77eed37_0         ┆ conda-forge ┆ 684.39 KiB │
 │ │ │ font-ttf-ubuntu           ┆ 0.83         ┆ h77eed37_3         ┆ conda-forge ┆   1.55 MiB │
 │ │ │ fontconfig                ┆ 2.15.0       ┆ h7e30c49_1         ┆ conda-forge ┆ 259.37 KiB │
 │ │ │ fonts-conda-ecosystem     ┆ 1            ┆ 0                  ┆ conda-forge ┆   3.58 KiB │
 │ │ │ fonts-conda-forge         ┆ 1            ┆ 0                  ┆ conda-forge ┆   4.01 KiB │
 │ │ │ freetype                  ┆ 2.13.3       ┆ ha770c72_1         ┆ conda-forge ┆ 168.41 KiB │
 │ │ │ gettext                   ┆ 0.25.1       ┆ h3f43e3d_1         ┆ conda-forge ┆ 528.67 KiB │
 │ │ │ gettext-tools             ┆ 0.25.1       ┆ h3f43e3d_1         ┆ conda-forge ┆   3.48 MiB │
 │ │ │ giflib                    ┆ 5.2.2        ┆ hd590300_0         ┆ conda-forge ┆  75.44 KiB │
 │ │ │ glib                      ┆ 2.84.3       ┆ h89d24bf_0         ┆ conda-forge ┆ 595.89 KiB │
 │ │ │ glib-tools                ┆ 2.84.3       ┆ hf516916_0         ┆ conda-forge ┆ 113.98 KiB │
 │ │ │ graphite2                 ┆ 1.3.14       ┆ hecca717_2         ┆ conda-forge ┆  97.26 KiB │
 │ │ │ gst-plugins-base          ┆ 1.24.11      ┆ h651a532_0         ┆ conda-forge ┆   2.73 MiB │
 │ │ │ gstreamer                 ┆ 1.24.11      ┆ hc37bda9_0         ┆ conda-forge ┆   1.93 MiB │
 │ │ │ harfbuzz                  ┆ 11.4.4       ┆ h15599e2_0         ┆ conda-forge ┆   2.30 MiB │
 │ │ │ icu                       ┆ 75.1         ┆ he02047a_0         ┆ conda-forge ┆  11.57 MiB │
 │ │ │ ifaddr                    ┆ 0.2.0        ┆ pyhd8ed1ab_1       ┆ conda-forge ┆  14.87 KiB │
 │ │ │ kernel-headers_linux-64   ┆ 3.10.0       ┆ he073ed8_18        ┆ conda-forge ┆ 921.37 KiB │
 │ │ │ keyutils                  ┆ 1.6.3        ┆ hb9d3cd8_0         ┆ conda-forge ┆ 130.95 KiB │
 │ │ │ krb5                      ┆ 1.21.3       ┆ h659f571_0         ┆ conda-forge ┆   1.31 MiB │
 │ │ │ lame                      ┆ 3.100        ┆ h166bdaf_1003      ┆ conda-forge ┆ 496.35 KiB │
 │ │ │ ld_impl_linux-64          ┆ 2.44         ┆ h1423503_1         ┆ conda-forge ┆ 660.20 KiB │
 │ │ │ lerc                      ┆ 4.0.0        ┆ h0aef613_1         ┆ conda-forge ┆ 258.05 KiB │
 │ │ │ libabseil                 ┆ 20250814.0   ┆ cxx17_hee66210_0   ┆ conda-forge ┆   1.29 MiB │
 │ │ │ libasprintf               ┆ 0.25.1       ┆ h3f43e3d_1         ┆ conda-forge ┆  52.33 KiB │
 │ │ │ libasprintf-devel         ┆ 0.25.1       ┆ h3f43e3d_1         ┆ conda-forge ┆  33.92 KiB │
 │ │ │ libboost                  ┆ 1.86.0       ┆ h6c02f8c_3         ┆ conda-forge ┆   2.81 MiB │
 │ │ │ libboost-devel            ┆ 1.86.0       ┆ h1a2810e_3         ┆ conda-forge ┆  36.67 KiB │
 │ │ │ libboost-headers          ┆ 1.86.0       ┆ ha770c72_3         ┆ conda-forge ┆  13.34 MiB │
 │ │ │ libcap                    ┆ 2.75         ┆ h39aace5_0         ┆ conda-forge ┆ 117.55 KiB │
 │ │ │ libclang-cpp20.1          ┆ 20.1.8       ┆ default_hddf928d_0 ┆ conda-forge ┆  20.27 MiB │
 │ │ │ libclang13                ┆ 20.1.8       ┆ default_ha444ac7_0 ┆ conda-forge ┆  11.78 MiB │
 │ │ │ libcups                   ┆ 2.3.3        ┆ hb8b1518_5         ┆ conda-forge ┆   4.31 MiB │
 │ │ │ libdaemon                 ┆ 0.14         ┆ h0b41bf4_2         ┆ conda-forge ┆  39.59 KiB │
 │ │ │ libdeflate                ┆ 1.24         ┆ h86f0d12_0         ┆ conda-forge ┆  70.87 KiB │
 │ │ │ libdrm                    ┆ 2.4.125      ┆ hb9d3cd8_0         ┆ conda-forge ┆ 240.39 KiB │
 │ │ │ libedit                   ┆ 3.1.20250104 ┆ pl5321h7949ede_0   ┆ conda-forge ┆ 131.52 KiB │
 │ │ │ libegl                    ┆ 1.7.0        ┆ ha4b6fd6_2         ┆ conda-forge ┆  43.79 KiB │
 │ │ │ libevent                  ┆ 2.1.12       ┆ hf998b51_1         ┆ conda-forge ┆ 417.41 KiB │
 │ │ │ libexpat                  ┆ 2.7.1        ┆ hecca717_0         ┆ conda-forge ┆  73.06 KiB │
 │ │ │ libffi                    ┆ 3.4.6        ┆ h2dba641_1         ┆ conda-forge ┆  56.09 KiB │
 │ │ │ libflac                   ┆ 1.4.3        ┆ h59595ed_0         ┆ conda-forge ┆ 385.14 KiB │
 │ │ │ libfreetype               ┆ 2.13.3       ┆ ha770c72_1         ┆ conda-forge ┆   7.51 KiB │
 │ │ │ libfreetype6              ┆ 2.13.3       ┆ h48d6fc4_1         ┆ conda-forge ┆ 371.22 KiB │
 │ │ │ libgcc                    ┆ 15.1.0       ┆ h767d61c_4         ┆ conda-forge ┆ 804.84 KiB │
 │ │ │ libgcc-ng                 ┆ 15.1.0       ┆ h69a702a_4         ┆ conda-forge ┆  28.56 KiB │
 │ │ │ libgcrypt-lib             ┆ 1.11.1       ┆ hb9d3cd8_0         ┆ conda-forge ┆ 576.52 KiB │
 │ │ │ libgettextpo              ┆ 0.25.1       ┆ h3f43e3d_1         ┆ conda-forge ┆ 183.88 KiB │
 │ │ │ libgettextpo-devel        ┆ 0.25.1       ┆ h3f43e3d_1         ┆ conda-forge ┆  36.53 KiB │
 │ │ │ libgl                     ┆ 1.7.0        ┆ ha4b6fd6_2         ┆ conda-forge ┆ 131.55 KiB │
 │ │ │ libglib                   ┆ 2.84.3       ┆ hf39c6af_0         ┆ conda-forge ┆   3.78 MiB │
 │ │ │ libglvnd                  ┆ 1.7.0        ┆ ha4b6fd6_2         ┆ conda-forge ┆ 129.36 KiB │
 │ │ │ libglx                    ┆ 1.7.0        ┆ ha4b6fd6_2         ┆ conda-forge ┆  73.73 KiB │
 │ │ │ libgomp                   ┆ 15.1.0       ┆ h767d61c_4         ┆ conda-forge ┆ 436.81 KiB │
 │ │ │ libgpg-error              ┆ 1.55         ┆ h3f2d84a_0         ┆ conda-forge ┆ 304.87 KiB │
 │ │ │ libiconv                  ┆ 1.18         ┆ h3b78370_2         ┆ conda-forge ┆ 771.66 KiB │
 │ │ │ libjpeg-turbo             ┆ 3.1.0        ┆ hb9d3cd8_0         ┆ conda-forge ┆ 614.21 KiB │
 │ │ │ libllvm20                 ┆ 20.1.8       ┆ hecd9e04_0         ┆ conda-forge ┆  41.95 MiB │
 │ │ │ liblzma                   ┆ 5.8.1        ┆ hb9d3cd8_2         ┆ conda-forge ┆ 110.25 KiB │
 │ │ │ libmpdec                  ┆ 4.0.0        ┆ hb9d3cd8_0         ┆ conda-forge ┆  89.05 KiB │
 │ │ │ libntlm                   ┆ 1.8          ┆ hb9d3cd8_0         ┆ conda-forge ┆  32.63 KiB │
 │ │ │ libogg                    ┆ 1.3.5        ┆ hd0c01bc_1         ┆ conda-forge ┆ 213.38 KiB │
 │ │ │ libopus                   ┆ 1.5.2        ┆ hd0c01bc_0         ┆ conda-forge ┆ 305.15 KiB │
 │ │ │ libpciaccess              ┆ 0.18         ┆ hb9d3cd8_0         ┆ conda-forge ┆  27.76 KiB │
 │ │ │ libpng                    ┆ 1.6.50       ┆ h421ea60_1         ┆ conda-forge ┆ 309.95 KiB │
 │ │ │ libpq                     ┆ 17.6         ┆ h3675c94_1         ┆ conda-forge ┆   2.52 MiB │
 │ │ │ libprotobuf               ┆ 6.32.0       ┆ h80bdb20_0         ┆ conda-forge ┆   3.61 MiB │
 │ │ │ libsndfile                ┆ 1.2.2        ┆ hc60ed4a_1         ┆ conda-forge ┆ 346.07 KiB │
 │ │ │ libsqlite                 ┆ 3.50.4       ┆ h0c1763c_0         ┆ conda-forge ┆ 910.72 KiB │
 │ │ │ libstdcxx                 ┆ 15.1.0       ┆ h8f9b012_4         ┆ conda-forge ┆   3.72 MiB │
 │ │ │ libstdcxx-ng              ┆ 15.1.0       ┆ h4852527_4         ┆ conda-forge ┆  28.63 KiB │
 │ │ │ libsystemd0               ┆ 257.7        ┆ h4e0b6ca_0         ┆ conda-forge ┆ 476.53 KiB │
 │ │ │ libtiff                   ┆ 4.7.0        ┆ h8261f1e_6         ┆ conda-forge ┆ 422.93 KiB │
 │ │ │ libuuid                   ┆ 2.38.1       ┆ h0b41bf4_0         ┆ conda-forge ┆  32.81 KiB │
 │ │ │ libvorbis                 ┆ 1.3.7        ┆ h54a6638_2         ┆ conda-forge ┆ 279.19 KiB │
 │ │ │ libwebp                   ┆ 1.6.0        ┆ h9635ea4_0         ┆ conda-forge ┆  91.74 KiB │
 │ │ │ libwebp-base              ┆ 1.6.0        ┆ hd42ef1d_0         ┆ conda-forge ┆ 418.96 KiB │
 │ │ │ libxcb                    ┆ 1.17.0       ┆ h8a09558_0         ┆ conda-forge ┆ 386.61 KiB │
 │ │ │ libxcrypt                 ┆ 4.4.36       ┆ hd590300_1         ┆ conda-forge ┆  98.04 KiB │
 │ │ │ libxkbcommon              ┆ 1.11.0       ┆ he8b52b9_0         ┆ conda-forge ┆ 772.78 KiB │
 │ │ │ libxml2                   ┆ 2.13.8       ┆ h04c0eec_1         ┆ conda-forge ┆ 682.08 KiB │
 │ │ │ libzlib                   ┆ 1.3.1        ┆ hb9d3cd8_2         ┆ conda-forge ┆  59.53 KiB │
 │ │ │ lz4-c                     ┆ 1.10.0       ┆ h5888daf_1         ┆ conda-forge ┆ 163.14 KiB │
 │ │ │ mpg123                    ┆ 1.32.9       ┆ hc50e24c_0         ┆ conda-forge ┆ 479.63 KiB │
 │ │ │ ncurses                   ┆ 6.5          ┆ h2d0b736_3         ┆ conda-forge ┆ 870.74 KiB │
 │ │ │ nspr                      ┆ 4.37         ┆ h29cc59b_0         ┆ conda-forge ┆ 225.54 KiB │
 │ │ │ nss                       ┆ 3.115        ┆ hc3c8bcf_0         ┆ conda-forge ┆   1.94 MiB │
 │ │ │ openldap                  ┆ 2.6.10       ┆ he970967_0         ┆ conda-forge ┆ 761.97 KiB │
 │ │ │ openssl                   ┆ 3.5.2        ┆ h26f9b46_0         ┆ conda-forge ┆   2.98 MiB │
 │ │ │ packaging                 ┆ 25.0         ┆ pyh29332c3_1       ┆ conda-forge ┆  61.01 KiB │
 │ │ │ pcre2                     ┆ 10.45        ┆ hc749103_0         ┆ conda-forge ┆   1.14 MiB │
 │ │ │ pixman                    ┆ 0.46.4       ┆ h54a6638_1         ┆ conda-forge ┆ 440.39 KiB │
 │ │ │ poco                      ┆ 1.14.2       ┆ h0a6e815_0         ┆ conda-forge ┆   4.95 MiB │
 │ │ │ pthread-stubs             ┆ 0.4          ┆ hb9d3cd8_1002      ┆ conda-forge ┆   8.06 KiB │
 │ │ │ pulseaudio-client         ┆ 17.0         ┆ hac146a9_1         ┆ conda-forge ┆ 746.32 KiB │
 │ │ │ python                    ┆ 3.13.5       ┆ hec9711d_102_cp313 ┆ conda-forge ┆  31.73 MiB │
 │ │ │ python_abi                ┆ 3.13         ┆ 8_cp313            ┆ conda-forge ┆   6.84 KiB │
 │ │ │ qt                        ┆ 5.15.15      ┆ h57362cc_0         ┆ conda-forge ┆  17.19 KiB │
 │ │ │ qt-main                   ┆ 5.15.15      ┆ h3a7ef08_5         ┆ conda-forge ┆  49.73 MiB │
 │ │ │ qt-webengine              ┆ 5.15.15      ┆ h2da670d_3         ┆ conda-forge ┆  48.84 MiB │
 │ │ │ readline                  ┆ 8.2          ┆ h8c095d6_2         ┆ conda-forge ┆ 275.86 KiB │
 │ │ │ sysroot_linux-64          ┆ 2.17         ┆ h0157908_18        ┆ conda-forge ┆  14.46 MiB │
 │ │ │ tk                        ┆ 8.6.13       ┆ noxft_hd72426e_102 ┆ conda-forge ┆   3.13 MiB │
 │ │ │ tzdata                    ┆ 2025b        ┆ h78e105d_0         ┆ conda-forge ┆ 120.09 KiB │
 │ │ │ unixodbc                  ┆ 2.3.12       ┆ h661eb56_0         ┆ conda-forge ┆ 275.22 KiB │
 │ │ │ xcb-util                  ┆ 0.4.1        ┆ h4f16b4b_2         ┆ conda-forge ┆  20.29 KiB │
 │ │ │ xcb-util-image            ┆ 0.4.0        ┆ hb711507_2         ┆ conda-forge ┆  23.98 KiB │
 │ │ │ xcb-util-keysyms          ┆ 0.4.1        ┆ hb711507_0         ┆ conda-forge ┆  13.98 KiB │
 │ │ │ xcb-util-renderutil       ┆ 0.3.10       ┆ hb711507_0         ┆ conda-forge ┆  16.58 KiB │
 │ │ │ xcb-util-wm               ┆ 0.4.2        ┆ hb711507_0         ┆ conda-forge ┆  50.48 KiB │
 │ │ │ xkeyboard-config          ┆ 2.45         ┆ hb9d3cd8_0         ┆ conda-forge ┆ 383.21 KiB │
 │ │ │ xorg-inputproto           ┆ 2.3.2        ┆ hb9d3cd8_1003      ┆ conda-forge ┆  21.80 KiB │
 │ │ │ xorg-libice               ┆ 1.1.2        ┆ hb9d3cd8_0         ┆ conda-forge ┆  57.25 KiB │
 │ │ │ xorg-libsm                ┆ 1.2.6        ┆ he73a12e_0         ┆ conda-forge ┆  26.94 KiB │
 │ │ │ xorg-libx11               ┆ 1.8.12       ┆ h4f16b4b_0         ┆ conda-forge ┆ 816.30 KiB │
 │ │ │ xorg-libxau               ┆ 1.0.12       ┆ hb9d3cd8_0         ┆ conda-forge ┆  14.43 KiB │
 │ │ │ xorg-libxcomposite        ┆ 0.4.6        ┆ hb9d3cd8_2         ┆ conda-forge ┆  13.28 KiB │
 │ │ │ xorg-libxcursor           ┆ 1.2.3        ┆ hb9d3cd8_0         ┆ conda-forge ┆  31.77 KiB │
 │ │ │ xorg-libxdamage           ┆ 1.1.6        ┆ hb9d3cd8_0         ┆ conda-forge ┆  12.91 KiB │
 │ │ │ xorg-libxdmcp             ┆ 1.1.5        ┆ hb9d3cd8_0         ┆ conda-forge ┆  19.43 KiB │
 │ │ │ xorg-libxext              ┆ 1.3.6        ┆ hb9d3cd8_0         ┆ conda-forge ┆  48.89 KiB │
 │ │ │ xorg-libxfixes            ┆ 6.0.1        ┆ hb9d3cd8_0         ┆ conda-forge ┆  19.12 KiB │
 │ │ │ xorg-libxi                ┆ 1.8.2        ┆ hb9d3cd8_0         ┆ conda-forge ┆  46.07 KiB │
 │ │ │ xorg-libxrandr            ┆ 1.5.4        ┆ hb9d3cd8_0         ┆ conda-forge ┆  28.91 KiB │
 │ │ │ xorg-libxrender           ┆ 0.9.12       ┆ hb9d3cd8_0         ┆ conda-forge ┆  32.23 KiB │
 │ │ │ xorg-libxshmfence         ┆ 1.3.3        ┆ hb9d3cd8_0         ┆ conda-forge ┆  12.01 KiB │
 │ │ │ xorg-libxtst              ┆ 1.2.5        ┆ hb9d3cd8_3         ┆ conda-forge ┆  32.04 KiB │
 │ │ │ xorg-libxxf86vm           ┆ 1.1.6        ┆ hb9d3cd8_0         ┆ conda-forge ┆  17.40 KiB │
 │ │ │ xorg-xextproto            ┆ 7.3.0        ┆ hb9d3cd8_1004      ┆ conda-forge ┆  29.83 KiB │
 │ │ │ xorg-xorgproto            ┆ 2024.1       ┆ hb9d3cd8_1         ┆ conda-forge ┆ 552.17 KiB │
 │ │ │ xorg-xproto               ┆ 7.0.31       ┆ hb9d3cd8_1008      ┆ conda-forge ┆  71.60 KiB │
 │ │ │ zeroconf                  ┆ 0.147.0      ┆ pyhd8ed1ab_0       ┆ conda-forge ┆  85.62 KiB │
 │ │ │ zlib                      ┆ 1.3.1        ┆ hb9d3cd8_2         ┆ conda-forge ┆  90.12 KiB │
 │ │ │ zstd                      ┆ 1.5.7        ┆ hb8e6e7a_2         ┆ conda-forge ┆ 554.28 KiB │
 │ │ ╰───────────────────────────┴──────────────┴────────────────────┴─────────────┴────────────╯
 │ │ 
 │ │ Finalized run dependencies (mumble-server-1.5.735-hc505c22_0):
 │ │ ╭──────────────────┬──────────────────────────────────────────────────────╮
 │ │ │ Name             ┆ Spec                                                 │
 │ │ ╞══════════════════╪══════════════════════════════════════════════════════╡
 │ │ │ Run dependencies ┆                                                      │
 │ │ │ libgcc           ┆ >=14 (RE of [build: gcc_linux-64])                   │
 │ │ │ __glibc          ┆ >=2.17,<3.0.a0 (RE of [build: sysroot_linux-64])     │
 │ │ │ libstdcxx        ┆ >=14 (RE of [build: gxx_linux-64])                   │
 │ │ │ libgcc           ┆ >=14 (RE of [build: gxx_linux-64])                   │
 │ │ │ __glibc          ┆ >=2.17,<3.0.a0 (RE of [host: sysroot_linux-64])      │
 │ │ │ libprotobuf      ┆ >=6.32.0,<6.32.1.0a0 (RE of [host: libprotobuf])     │
 │ │ │ alsa-lib         ┆ >=1.2.14,<1.3.0a0 (RE of [host: alsa-lib])           │
 │ │ │ libzlib          ┆ >=1.3.1,<2.0a0 (RE of [host: zlib])                  │
 │ │ │ libabseil        ┆ >=20250814.0,<20250815.0a0 (RE of [host: libabseil]) │
 │ │ │ libabseil        ┆ * cxx17* (RE of [host: libabseil])                   │
 │ │ │ libopus          ┆ >=1.5.2,<2.0a0 (RE of [host: libopus])               │
 │ │ │ xorg-libxi       ┆ >=1.8.2,<2.0a0 (RE of [host: xorg-libxi])            │
 │ │ │ xorg-libxext     ┆ >=1.3.6,<2.0a0 (RE of [host: xorg-libxext])          │
 │ │ │ libogg           ┆ >=1.3.5,<1.4.0a0 (RE of [host: libogg])              │
 │ │ │ qt               ┆ >=5.15.15,<5.16.0a0 (RE of [host: qt])               │
 │ │ │ xorg-libx11      ┆ >=1.8.12,<2.0a0 (RE of [host: xorg-libx11])          │
 │ │ │ xorg-xextproto   ┆ >=7.3.0,<8.0a0 (RE of [host: xorg-xextproto])        │
 │ │ │ libboost         ┆ >=1.86.0,<1.87.0a0 (RE of [host: libboost-devel])    │
 │ │ │ qt-main          ┆ >=5.15.15,<5.16.0a0 (RE of [host: qt-main])          │
 │ │ │ libxcb           ┆ >=1.17.0,<2.0a0 (RE of [host: libxcb])               │
 │ │ │ libcap           ┆ >=2.75,<2.76.0a0 (RE of [host: libcap])              │
 │ │ │ libsndfile       ┆ >=1.2.2,<1.3.0a0 (RE of [host: libsndfile])          │
 │ │ │ poco             ┆ >=1.14.2,<1.14.3.0a0 (RE of [host: poco])            │
 │ │ ╰──────────────────┴──────────────────────────────────────────────────────╯
 │ │
 │ ╰─────────────────── (took 8 seconds)
 │ 
 │ Installing build environment
 │ ✔ Successfully updated the build environment
 │ 
 │ Installing host environment
 │ ✔ Successfully updated the host environment
 │
 │ ╭─ Running build script
 │ │ -- The C compiler identification is GNU 14.3.0
 │ │ -- The CXX compiler identification is GNU 14.3.0
 │ │ -- Detecting C compiler ABI info
 │ │ -- Detecting C compiler ABI info - done
 │ │ -- Check for working C compiler: $BUILD_PREFIX/bin/x86_64-conda-linux-gnu-cc - skipped
 │ │ -- Detecting C compile features
 │ │ -- Detecting C compile features - done
 │ │ -- Detecting CXX compiler ABI info
 │ │ -- Detecting CXX compiler ABI info - done
 │ │ -- Check for working CXX compiler: $BUILD_PREFIX/bin/x86_64-conda-linux-gnu-c++ - skipped
 │ │ -- Detecting CXX compile features
 │ │ -- Detecting CXX compile features - done
 │ │ -- Found Python interpreter version 3.13.5
 │ │ -- Performing Test COMPILER_HAS_MBIG_OBJ
 │ │ -- Performing Test COMPILER_HAS_MBIG_OBJ - Failed
 │ │ -- Using (among others) the following compiler flags: -Werror;-Wall;-Wpedantic;-Wextra;-Wconversion;-Wsign-conversion;-fsigned-char;-O3
 │ │ -- ##################################################
 │ │ -- Mumble version:              1.5.0
 │ │ -- Architecture:                x64
 │ │ -- Build type:                  Release
 │ │ -- Using LTO in release builds: ON
 │ │ -- ##################################################
 │ │ -- Qt5 component found: Core | Version: 5.15.15
 │ │ -- Qt5 component found: Network | Version: 5.15.15
 │ │ -- Qt5 component found: Xml | Version: 5.15.15
 │ │ -- OpenSSL component found: Crypto | Version: 3.5.2
 │ │ -- OpenSSL component found: SSL | Version: 3.5.2
 │ │ -- Found ZLIB: $PREFIX/lib/libz.so (found version "1.3.1")
 │ │ -- Performing Test CMAKE_HAVE_LIBC_PTHREAD
 │ │ -- Performing Test CMAKE_HAVE_LIBC_PTHREAD - Failed
 │ │ -- Looking for pthread_create in pthreads
 │ │ -- Looking for pthread_create in pthreads - not found
 │ │ -- Looking for pthread_create in pthread
 │ │ -- Looking for pthread_create in pthread - found
 │ │ -- Found Threads: TRUE
 │ │ -- Protobuf found | Version: 32.0.0
 │ │ Parsing public/common/TracyVersion.hpp file
 │ │ VERSION 0.11.1
 │ │ -- TRACY_ENABLE: OFF
 │ │ -- TRACY_ON_DEMAND: ON
 │ │ -- TRACY_CALLSTACK: OFF
 │ │ -- TRACY_NO_CALLSTACK: OFF
 │ │ -- TRACY_NO_CALLSTACK_INLINES: OFF
 │ │ -- TRACY_ONLY_LOCALHOST: OFF
 │ │ -- TRACY_NO_BROADCAST: OFF
 │ │ -- TRACY_ONLY_IPV4: OFF
 │ │ -- TRACY_NO_CODE_TRANSFER: OFF
 │ │ -- TRACY_NO_CONTEXT_SWITCH: OFF
 │ │ -- TRACY_NO_EXIT: OFF
 │ │ -- TRACY_NO_SAMPLING: OFF
 │ │ -- TRACY_NO_VERIFY: OFF
 │ │ -- TRACY_NO_VSYNC_CAPTURE: OFF
 │ │ -- TRACY_NO_FRAME_IMAGE: OFF
 │ │ -- TRACY_NO_SYSTEM_TRACING: OFF
 │ │ -- TRACY_PATCHABLE_NOPSLEDS: OFF
 │ │ -- TRACY_DELAYED_INIT: OFF
 │ │ -- TRACY_MANUAL_LIFETIME: OFF
 │ │ -- TRACY_FIBERS: OFF
 │ │ -- TRACY_NO_CRASH_HANDLER: OFF
 │ │ -- TRACY_TIMER_FALLBACK: OFF
 │ │ -- TRACY_LIBUNWIND_BACKTRACE: OFF
 │ │ -- TRACY_SYMBOL_OFFLINE_RESOLVE: OFF
 │ │ -- TRACY_LIBBACKTRACE_ELF_DYNLOAD_SUPPORT: OFF
 │ │ -- TRACY_VERBOSE: OFF
 │ │ -- TRACY_DEMANGLE: OFF
 │ │ -- Disabling warnings for targets: TracyClient
 │ │ -- Tracy: OFF
 │ │ -- Qt5 component found: Sql | Version: 5.15.15
 │ │ -- File: $SRC_DIR/src/mumble/build/src/murmur/murmur_autogen
 │ │ -- Qt5 component found: DBus | Version: 5.15.15
 │ │ -- Configuring done (1.7s)
 │ │ -- Generating done (0.1s)
 │ │ CMake Warning:
 │ │   Manually-specified variables were not used by the project:
 │ │     BOOST_ROOT
 │ │     X11_INCLUDE_DIR
 │ │     X11_LIBRARIES
 │ │     celt
 │ │     overlay-xcompile
 │ │     speechd
 │ │ -- Build files have been written to: $SRC_DIR/src/mumble/build
 │ │ [1/63] Building CXX object src/tracy/CMakeFiles/TracyClient.dir/public/TracyClient.cpp.o
 │ │ [2/63] Linking CXX static library src/tracy/libTracyClient.a
 │ │ [3/63] Generating licenses.h
 │ │ [4/63] Running cpp protocol buffer compiler on $SRC_DIR/src/mumble/src/MumbleUDP.proto
 │ │ [5/63] Running cpp protocol buffer compiler on $SRC_DIR/src/mumble/src/Mumble.proto
 │ │ [6/63] Generating FFDHETable.h
 │ │ [7/63] Automatic MOC for target shared
