Adding in variants from internal_defaults
Attempting to finalize metadata for rocrate
Reloading output folder: ...working... done
Getting pinned dependencies: ...working... done
Reloading output folder: ...working... done
Getting pinned dependencies: ...working... done
BUILD START: ['rocrate-0.13.0-py_0.tar.bz2']
Reloading output folder: ...working... done
Solving environment (_h_env): ...working... done

## Package Plan ##

  environment location: /home/llenezet/miniconda3/envs/conda_build/conda-bld/rocrate_1734973634564/_h_env_placehold_placehold_placehold_placehold_placehold_placehold_placehold_placehold_placehold_placehold_placehold_placehold_placehold_placehold_placehold_placehold_placehold_pla


The following NEW packages will be INSTALLED:

    _libgcc_mutex:    0.1-conda_forge            conda-forge
    _openmp_mutex:    4.5-2_gnu                  conda-forge
    bzip2:            1.0.8-h4bc722e_7           conda-forge
    ca-certificates:  2024.12.14-hbcca054_0      conda-forge
    ld_impl_linux-64: 2.43-h712a8e2_2            conda-forge
    libexpat:         2.6.4-h5888daf_0           conda-forge
    libffi:           3.4.2-h7f98852_5           conda-forge
    libgcc:           14.2.0-h77fa898_1          conda-forge
    libgcc-ng:        14.2.0-h69a702a_1          conda-forge
    libgomp:          14.2.0-h77fa898_1          conda-forge
    liblzma:          5.6.3-hb9d3cd8_1           conda-forge
    libnsl:           2.0.1-hd590300_0           conda-forge
    libsqlite:        3.47.2-hee588c1_0          conda-forge
    libuuid:          2.38.1-h0b41bf4_0          conda-forge
    libxcrypt:        4.4.36-hd590300_1          conda-forge
    libzlib:          1.3.1-hb9d3cd8_2           conda-forge
    ncurses:          6.5-he02047a_1             conda-forge
    openssl:          3.4.0-hb9d3cd8_0           conda-forge
    pip:              24.3.1-pyh8b19718_2        conda-forge
    python:           3.11.11-h9e4cc4f_1_cpython conda-forge
    readline:         8.2-h8228510_1             conda-forge
    setuptools:       75.6.0-pyhff2d567_1        conda-forge
    tk:               8.6.13-noxft_h4845f30_101  conda-forge
    tzdata:           2024b-hc8b5060_0           conda-forge
    wheel:            0.45.1-pyhd8ed1ab_1        conda-forge

Preparing transaction: ...working... done
Verifying transaction: ...working... done
Executing transaction: ...working... done
Reloading output folder: ...working... done
Solving environment (_test_env): ...working... done
Source cache directory is: /home/llenezet/miniconda3/envs/conda_build/conda-bld/src_cache
Found source in cache: rocrate-0.13.0_4e67606965.tar.gz
running install
running bdist_egg
running egg_info
writing rocrate.egg-info/PKG-INFO
writing dependency_links to rocrate.egg-info/dependency_links.txt
writing entry points to rocrate.egg-info/entry_points.txt
writing requirements to rocrate.egg-info/requires.txt
writing top-level names to rocrate.egg-info/top_level.txt
reading manifest file 'rocrate.egg-info/SOURCES.txt'
reading manifest template 'MANIFEST.in'
adding license file 'LICENSE'
writing manifest file 'rocrate.egg-info/SOURCES.txt'
installing library code to build/bdist.linux-x86_64/egg
running install_lib
running build_py
creating build/lib/test
copying test/test_read.py -> build/lib/test
copying test/conftest.py -> build/lib/test
copying test/__init__.py -> build/lib/test
copying test/test_utils.py -> build/lib/test
copying test/test_cli.py -> build/lib/test
copying test/test_metadata.py -> build/lib/test
copying test/test_write.py -> build/lib/test
copying test/test_workflow_ro_crate.py -> build/lib/test
copying test/test_test_metadata.py -> build/lib/test
copying test/test_model.py -> build/lib/test
copying test/test_jsonld.py -> build/lib/test
copying test/test_wrroc.py -> build/lib/test
copying test/test_readwrite.py -> build/lib/test
creating build/lib/rocrate
copying rocrate/__init__.py -> build/lib/rocrate
copying rocrate/rocrate.py -> build/lib/rocrate
copying rocrate/metadata.py -> build/lib/rocrate
copying rocrate/vocabs.py -> build/lib/rocrate
copying rocrate/cli.py -> build/lib/rocrate
copying rocrate/utils.py -> build/lib/rocrate
copying rocrate/_version.py -> build/lib/rocrate
creating build/lib/rocrate/model
copying rocrate/model/softwareapplication.py -> build/lib/rocrate/model
copying rocrate/model/__init__.py -> build/lib/rocrate/model
copying rocrate/model/computationalworkflow.py -> build/lib/rocrate/model
copying rocrate/model/computerlanguage.py -> build/lib/rocrate/model
copying rocrate/model/testservice.py -> build/lib/rocrate/model
copying rocrate/model/testinstance.py -> build/lib/rocrate/model
copying rocrate/model/data_entity.py -> build/lib/rocrate/model
copying rocrate/model/person.py -> build/lib/rocrate/model
copying rocrate/model/file_or_dir.py -> build/lib/rocrate/model
copying rocrate/model/contextentity.py -> build/lib/rocrate/model
copying rocrate/model/dataset.py -> build/lib/rocrate/model
copying rocrate/model/testdefinition.py -> build/lib/rocrate/model
copying rocrate/model/metadata.py -> build/lib/rocrate/model
copying rocrate/model/entity.py -> build/lib/rocrate/model
copying rocrate/model/preview.py -> build/lib/rocrate/model
copying rocrate/model/root_dataset.py -> build/lib/rocrate/model
copying rocrate/model/creativework.py -> build/lib/rocrate/model
copying rocrate/model/file.py -> build/lib/rocrate/model
copying rocrate/model/testsuite.py -> build/lib/rocrate/model
creating build/lib/rocrate/data
copying rocrate/data/schema.jsonld -> build/lib/rocrate/data
copying rocrate/data/ro-crate.jsonld -> build/lib/rocrate/data
creating build/lib/rocrate/templates
copying rocrate/templates/preview_template.html.j2 -> build/lib/rocrate/templates
creating build/bdist.linux-x86_64/egg
creating build/bdist.linux-x86_64/egg/test
copying build/lib/test/test_read.py -> build/bdist.linux-x86_64/egg/test
copying build/lib/test/conftest.py -> build/bdist.linux-x86_64/egg/test
copying build/lib/test/__init__.py -> build/bdist.linux-x86_64/egg/test
copying build/lib/test/test_utils.py -> build/bdist.linux-x86_64/egg/test
copying build/lib/test/test_cli.py -> build/bdist.linux-x86_64/egg/test
copying build/lib/test/test_metadata.py -> build/bdist.linux-x86_64/egg/test
copying build/lib/test/test_write.py -> build/bdist.linux-x86_64/egg/test
copying build/lib/test/test_workflow_ro_crate.py -> build/bdist.linux-x86_64/egg/test
copying build/lib/test/test_test_metadata.py -> build/bdist.linux-x86_64/egg/test
copying build/lib/test/test_model.py -> build/bdist.linux-x86_64/egg/test
copying build/lib/test/test_jsonld.py -> build/bdist.linux-x86_64/egg/test
copying build/lib/test/test_wrroc.py -> build/bdist.linux-x86_64/egg/test
copying build/lib/test/test_readwrite.py -> build/bdist.linux-x86_64/egg/test
creating build/bdist.linux-x86_64/egg/rocrate
copying build/lib/rocrate/__init__.py -> build/bdist.linux-x86_64/egg/rocrate
creating build/bdist.linux-x86_64/egg/rocrate/data
copying build/lib/rocrate/data/schema.jsonld -> build/bdist.linux-x86_64/egg/rocrate/data
copying build/lib/rocrate/data/ro-crate.jsonld -> build/bdist.linux-x86_64/egg/rocrate/data
creating build/bdist.linux-x86_64/egg/rocrate/model
copying build/lib/rocrate/model/softwareapplication.py -> build/bdist.linux-x86_64/egg/rocrate/model
copying build/lib/rocrate/model/__init__.py -> build/bdist.linux-x86_64/egg/rocrate/model
copying build/lib/rocrate/model/computationalworkflow.py -> build/bdist.linux-x86_64/egg/rocrate/model
copying build/lib/rocrate/model/computerlanguage.py -> build/bdist.linux-x86_64/egg/rocrate/model
copying build/lib/rocrate/model/testservice.py -> build/bdist.linux-x86_64/egg/rocrate/model
copying build/lib/rocrate/model/testinstance.py -> build/bdist.linux-x86_64/egg/rocrate/model
copying build/lib/rocrate/model/data_entity.py -> build/bdist.linux-x86_64/egg/rocrate/model
copying build/lib/rocrate/model/person.py -> build/bdist.linux-x86_64/egg/rocrate/model
copying build/lib/rocrate/model/file_or_dir.py -> build/bdist.linux-x86_64/egg/rocrate/model
copying build/lib/rocrate/model/contextentity.py -> build/bdist.linux-x86_64/egg/rocrate/model
copying build/lib/rocrate/model/dataset.py -> build/bdist.linux-x86_64/egg/rocrate/model
copying build/lib/rocrate/model/testdefinition.py -> build/bdist.linux-x86_64/egg/rocrate/model
copying build/lib/rocrate/model/metadata.py -> build/bdist.linux-x86_64/egg/rocrate/model
copying build/lib/rocrate/model/entity.py -> build/bdist.linux-x86_64/egg/rocrate/model
copying build/lib/rocrate/model/preview.py -> build/bdist.linux-x86_64/egg/rocrate/model
copying build/lib/rocrate/model/root_dataset.py -> build/bdist.linux-x86_64/egg/rocrate/model
copying build/lib/rocrate/model/creativework.py -> build/bdist.linux-x86_64/egg/rocrate/model
copying build/lib/rocrate/model/file.py -> build/bdist.linux-x86_64/egg/rocrate/model
copying build/lib/rocrate/model/testsuite.py -> build/bdist.linux-x86_64/egg/rocrate/model
copying build/lib/rocrate/rocrate.py -> build/bdist.linux-x86_64/egg/rocrate
creating build/bdist.linux-x86_64/egg/rocrate/templates
copying build/lib/rocrate/templates/preview_template.html.j2 -> build/bdist.linux-x86_64/egg/rocrate/templates
copying build/lib/rocrate/metadata.py -> build/bdist.linux-x86_64/egg/rocrate
copying build/lib/rocrate/vocabs.py -> build/bdist.linux-x86_64/egg/rocrate
copying build/lib/rocrate/cli.py -> build/bdist.linux-x86_64/egg/rocrate
copying build/lib/rocrate/utils.py -> build/bdist.linux-x86_64/egg/rocrate
copying build/lib/rocrate/_version.py -> build/bdist.linux-x86_64/egg/rocrate
creating build/bdist.linux-x86_64/egg/EGG-INFO
copying rocrate.egg-info/PKG-INFO -> build/bdist.linux-x86_64/egg/EGG-INFO
copying rocrate.egg-info/SOURCES.txt -> build/bdist.linux-x86_64/egg/EGG-INFO
copying rocrate.egg-info/dependency_links.txt -> build/bdist.linux-x86_64/egg/EGG-INFO
copying rocrate.egg-info/entry_points.txt -> build/bdist.linux-x86_64/egg/EGG-INFO
copying rocrate.egg-info/requires.txt -> build/bdist.linux-x86_64/egg/EGG-INFO
copying rocrate.egg-info/top_level.txt -> build/bdist.linux-x86_64/egg/EGG-INFO
creating dist
creating 'dist/rocrate-0.13.0-py3.11.egg' and adding 'build/bdist.linux-x86_64/egg' to it
removing 'build/bdist.linux-x86_64/egg' (and everything under it)
Processing rocrate-0.13.0-py3.11.egg
Copying rocrate-0.13.0-py3.11.egg to /home/llenezet/miniconda3/envs/conda_build/conda-bld/rocrate_1734973634564/_h_env_placehold_placehold_placehold_placehold_placehold_placehold_placehold_placehold_placehold_placehold_placehold_placehold_placehold_placehold_placehold_placehold_placehold_pla/lib/python3.11/site-packages
Adding rocrate 0.13.0 to easy-install.pth file
Installing rocrate script to /home/llenezet/miniconda3/envs/conda_build/conda-bld/rocrate_1734973634564/_h_env_placehold_placehold_placehold_placehold_placehold_placehold_placehold_placehold_placehold_placehold_placehold_placehold_placehold_placehold_placehold_placehold_placehold_pla/bin

Installed /home/llenezet/miniconda3/envs/conda_build/conda-bld/rocrate_1734973634564/_h_env_placehold_placehold_placehold_placehold_placehold_placehold_placehold_placehold_placehold_placehold_placehold_placehold_placehold_placehold_placehold_placehold_placehold_pla/lib/python3.11/site-packages/rocrate-0.13.0-py3.11.egg
Processing dependencies for rocrate==0.13.0
Searching for click
Reading https://pypi.org/simple/click/
Downloading https://files.pythonhosted.org/packages/7e/d4/7ebdbd03970677812aac39c869717059dbb71a4cfc033ca6e5221787892c/click-8.1.8-py3-none-any.whl#sha256=63c132bbbed01578a06712a2d1f497bb62d9c1c0d329b7903a866228027263b2
Best match: click 8.1.8
Processing click-8.1.8-py3-none-any.whl
Installing click-8.1.8-py3-none-any.whl to /home/llenezet/miniconda3/envs/conda_build/conda-bld/rocrate_1734973634564/_h_env_placehold_placehold_placehold_placehold_placehold_placehold_placehold_placehold_placehold_placehold_placehold_placehold_placehold_placehold_placehold_placehold_placehold_pla/lib/python3.11/site-packages
Adding click 8.1.8 to easy-install.pth file
detected new path './rocrate-0.13.0-py3.11.egg'

Installed /home/llenezet/miniconda3/envs/conda_build/conda-bld/rocrate_1734973634564/_h_env_placehold_placehold_placehold_placehold_placehold_placehold_placehold_placehold_placehold_placehold_placehold_placehold_placehold_placehold_placehold_placehold_placehold_pla/lib/python3.11/site-packages/click-8.1.8-py3.11.egg
Searching for python-dateutil
Reading https://pypi.org/simple/python-dateutil/
Downloading https://files.pythonhosted.org/packages/ec/57/56b9bcc3c9c6a792fcbaf139543cee77261f3651ca9da0c93f5c1221264b/python_dateutil-2.9.0.post0-py2.py3-none-any.whl#sha256=a8b2bc7bffae282281c8140a97d3aa9c14da0b136dfe83f850eea9a5f7470427
Best match: python-dateutil 2.9.0.post0
Processing python_dateutil-2.9.0.post0-py2.py3-none-any.whl
Installing python_dateutil-2.9.0.post0-py2.py3-none-any.whl to /home/llenezet/miniconda3/envs/conda_build/conda-bld/rocrate_1734973634564/_h_env_placehold_placehold_placehold_placehold_placehold_placehold_placehold_placehold_placehold_placehold_placehold_placehold_placehold_placehold_placehold_placehold_placehold_pla/lib/python3.11/site-packages
Adding python-dateutil 2.9.0.post0 to easy-install.pth file
detected new path './click-8.1.8-py3.11.egg'

Installed /home/llenezet/miniconda3/envs/conda_build/conda-bld/rocrate_1734973634564/_h_env_placehold_placehold_placehold_placehold_placehold_placehold_placehold_placehold_placehold_placehold_placehold_placehold_placehold_placehold_placehold_placehold_placehold_pla/lib/python3.11/site-packages/python_dateutil-2.9.0.post0-py3.11.egg
Searching for jinja2
Reading https://pypi.org/simple/jinja2/
Downloading https://files.pythonhosted.org/packages/bd/0f/2ba5fbcd631e3e88689309dbe978c5769e883e4b84ebfe7da30b43275c5a/jinja2-3.1.5-py3-none-any.whl#sha256=aba0f4dc9ed8013c424088f68a5c226f7d6097ed89b246d7749c2ec4175c6adb
Best match: jinja2 3.1.5
Processing jinja2-3.1.5-py3-none-any.whl
Installing jinja2-3.1.5-py3-none-any.whl to /home/llenezet/miniconda3/envs/conda_build/conda-bld/rocrate_1734973634564/_h_env_placehold_placehold_placehold_placehold_placehold_placehold_placehold_placehold_placehold_placehold_placehold_placehold_placehold_placehold_placehold_placehold_placehold_pla/lib/python3.11/site-packages
Adding jinja2 3.1.5 to easy-install.pth file
detected new path './python_dateutil-2.9.0.post0-py3.11.egg'

Installed /home/llenezet/miniconda3/envs/conda_build/conda-bld/rocrate_1734973634564/_h_env_placehold_placehold_placehold_placehold_placehold_placehold_placehold_placehold_placehold_placehold_placehold_placehold_placehold_placehold_placehold_placehold_placehold_pla/lib/python3.11/site-packages/jinja2-3.1.5-py3.11.egg
Searching for arcp==0.2.1
Reading https://pypi.org/simple/arcp/
Downloading https://files.pythonhosted.org/packages/66/df/32574bc8f1d440d40f4aaf3b455316b2b1536c7243c985a90f8516cf3074/arcp-0.2.1-py2.py3-none-any.whl#sha256=4e09b2d8a9fc3fda7ec112b553498ff032ea7de354e27dbeb1acc53667122444
Best match: arcp 0.2.1
Processing arcp-0.2.1-py2.py3-none-any.whl
Installing arcp-0.2.1-py2.py3-none-any.whl to /home/llenezet/miniconda3/envs/conda_build/conda-bld/rocrate_1734973634564/_h_env_placehold_placehold_placehold_placehold_placehold_placehold_placehold_placehold_placehold_placehold_placehold_placehold_placehold_placehold_placehold_placehold_placehold_pla/lib/python3.11/site-packages
Adding arcp 0.2.1 to easy-install.pth file
detected new path './jinja2-3.1.5-py3.11.egg'

Installed /home/llenezet/miniconda3/envs/conda_build/conda-bld/rocrate_1734973634564/_h_env_placehold_placehold_placehold_placehold_placehold_placehold_placehold_placehold_placehold_placehold_placehold_placehold_placehold_placehold_placehold_placehold_placehold_pla/lib/python3.11/site-packages/arcp-0.2.1-py3.11.egg
Searching for requests
Reading https://pypi.org/simple/requests/
Downloading https://files.pythonhosted.org/packages/f9/9b/335f9764261e915ed497fcdeb11df5dfd6f7bf257d4a6a2a686d80da4d54/requests-2.32.3-py3-none-any.whl#sha256=70761cfe03c773ceb22aa2f671b4757976145175cdfca038c02654d061d6dcc6
Best match: requests 2.32.3
Processing requests-2.32.3-py3-none-any.whl
Installing requests-2.32.3-py3-none-any.whl to /home/llenezet/miniconda3/envs/conda_build/conda-bld/rocrate_1734973634564/_h_env_placehold_placehold_placehold_placehold_placehold_placehold_placehold_placehold_placehold_placehold_placehold_placehold_placehold_placehold_placehold_placehold_placehold_pla/lib/python3.11/site-packages
Adding requests 2.32.3 to easy-install.pth file
detected new path './arcp-0.2.1-py3.11.egg'

Installed /home/llenezet/miniconda3/envs/conda_build/conda-bld/rocrate_1734973634564/_h_env_placehold_placehold_placehold_placehold_placehold_placehold_placehold_placehold_placehold_placehold_placehold_placehold_placehold_placehold_placehold_placehold_placehold_pla/lib/python3.11/site-packages/requests-2.32.3-py3.11.egg
Searching for six>=1.5
Reading https://pypi.org/simple/six/
Downloading https://files.pythonhosted.org/packages/b7/ce/149a00dd41f10bc29e5921b496af8b574d8413afcd5e30dfa0ed46c2cc5e/six-1.17.0-py2.py3-none-any.whl#sha256=4721f391ed90541fddacab5acf947aa0d3dc7d27b2e1e8eda2be8970586c3274
Best match: six 1.17.0
Processing six-1.17.0-py2.py3-none-any.whl
Installing six-1.17.0-py2.py3-none-any.whl to /home/llenezet/miniconda3/envs/conda_build/conda-bld/rocrate_1734973634564/_h_env_placehold_placehold_placehold_placehold_placehold_placehold_placehold_placehold_placehold_placehold_placehold_placehold_placehold_placehold_placehold_placehold_placehold_pla/lib/python3.11/site-packages
Adding six 1.17.0 to easy-install.pth file
detected new path './requests-2.32.3-py3.11.egg'

Installed /home/llenezet/miniconda3/envs/conda_build/conda-bld/rocrate_1734973634564/_h_env_placehold_placehold_placehold_placehold_placehold_placehold_placehold_placehold_placehold_placehold_placehold_placehold_placehold_placehold_placehold_placehold_placehold_pla/lib/python3.11/site-packages/six-1.17.0-py3.11.egg
Searching for MarkupSafe>=2.0
Reading https://pypi.org/simple/MarkupSafe/
Downloading https://files.pythonhosted.org/packages/f1/a4/aefb044a2cd8d7334c8a47d3fb2c9f328ac48cb349468cc31c20b539305f/MarkupSafe-3.0.2-cp311-cp311-manylinux_2_17_x86_64.manylinux2014_x86_64.whl#sha256=a123e330ef0853c6e822384873bef7507557d8e4a082961e1defa947aa59ba84
Best match: MarkupSafe 3.0.2
Processing MarkupSafe-3.0.2-cp311-cp311-manylinux_2_17_x86_64.manylinux2014_x86_64.whl
Installing MarkupSafe-3.0.2-cp311-cp311-manylinux_2_17_x86_64.manylinux2014_x86_64.whl to /home/llenezet/miniconda3/envs/conda_build/conda-bld/rocrate_1734973634564/_h_env_placehold_placehold_placehold_placehold_placehold_placehold_placehold_placehold_placehold_placehold_placehold_placehold_placehold_placehold_placehold_placehold_placehold_pla/lib/python3.11/site-packages
Adding MarkupSafe 3.0.2 to easy-install.pth file
detected new path './six-1.17.0-py3.11.egg'

Installed /home/llenezet/miniconda3/envs/conda_build/conda-bld/rocrate_1734973634564/_h_env_placehold_placehold_placehold_placehold_placehold_placehold_placehold_placehold_placehold_placehold_placehold_placehold_placehold_placehold_placehold_placehold_placehold_pla/lib/python3.11/site-packages/MarkupSafe-3.0.2-py3.11-linux-x86_64.egg
Searching for certifi>=2017.4.17
Reading https://pypi.org/simple/certifi/
Downloading https://files.pythonhosted.org/packages/a5/32/8f6669fc4798494966bf446c8c4a162e0b5d893dff088afddf76414f70e1/certifi-2024.12.14-py3-none-any.whl#sha256=1275f7a45be9464efc1173084eaa30f866fe2e47d389406136d332ed4967ec56
Best match: certifi 2024.12.14
Processing certifi-2024.12.14-py3-none-any.whl
Installing certifi-2024.12.14-py3-none-any.whl to /home/llenezet/miniconda3/envs/conda_build/conda-bld/rocrate_1734973634564/_h_env_placehold_placehold_placehold_placehold_placehold_placehold_placehold_placehold_placehold_placehold_placehold_placehold_placehold_placehold_placehold_placehold_placehold_pla/lib/python3.11/site-packages
Adding certifi 2024.12.14 to easy-install.pth file
detected new path './MarkupSafe-3.0.2-py3.11-linux-x86_64.egg'

Installed /home/llenezet/miniconda3/envs/conda_build/conda-bld/rocrate_1734973634564/_h_env_placehold_placehold_placehold_placehold_placehold_placehold_placehold_placehold_placehold_placehold_placehold_placehold_placehold_placehold_placehold_placehold_placehold_pla/lib/python3.11/site-packages/certifi-2024.12.14-py3.11.egg
Searching for urllib3<3,>=1.21.1
Reading https://pypi.org/simple/urllib3/
Downloading https://files.pythonhosted.org/packages/c8/19/4ec628951a74043532ca2cf5d97b7b14863931476d117c471e8e2b1eb39f/urllib3-2.3.0-py3-none-any.whl#sha256=1cee9ad369867bfdbbb48b7dd50374c0967a0bb7710050facf0dd6911440e3df
Best match: urllib3 2.3.0
Processing urllib3-2.3.0-py3-none-any.whl
Installing urllib3-2.3.0-py3-none-any.whl to /home/llenezet/miniconda3/envs/conda_build/conda-bld/rocrate_1734973634564/_h_env_placehold_placehold_placehold_placehold_placehold_placehold_placehold_placehold_placehold_placehold_placehold_placehold_placehold_placehold_placehold_placehold_placehold_pla/lib/python3.11/site-packages
Adding urllib3 2.3.0 to easy-install.pth file
detected new path './certifi-2024.12.14-py3.11.egg'

Installed /home/llenezet/miniconda3/envs/conda_build/conda-bld/rocrate_1734973634564/_h_env_placehold_placehold_placehold_placehold_placehold_placehold_placehold_placehold_placehold_placehold_placehold_placehold_placehold_placehold_placehold_placehold_placehold_pla/lib/python3.11/site-packages/urllib3-2.3.0-py3.11.egg
Searching for idna<4,>=2.5
Reading https://pypi.org/simple/idna/
Downloading https://files.pythonhosted.org/packages/76/c6/c88e154df9c4e1a2a66ccf0005a88dfb2650c1dffb6f5ce603dfbd452ce3/idna-3.10-py3-none-any.whl#sha256=946d195a0d259cbba61165e88e65941f16e9b36ea6ddb97f00452bae8b1287d3
Best match: idna 3.10
Processing idna-3.10-py3-none-any.whl
Installing idna-3.10-py3-none-any.whl to /home/llenezet/miniconda3/envs/conda_build/conda-bld/rocrate_1734973634564/_h_env_placehold_placehold_placehold_placehold_placehold_placehold_placehold_placehold_placehold_placehold_placehold_placehold_placehold_placehold_placehold_placehold_placehold_pla/lib/python3.11/site-packages
Adding idna 3.10 to easy-install.pth file
detected new path './urllib3-2.3.0-py3.11.egg'

Installed /home/llenezet/miniconda3/envs/conda_build/conda-bld/rocrate_1734973634564/_h_env_placehold_placehold_placehold_placehold_placehold_placehold_placehold_placehold_placehold_placehold_placehold_placehold_placehold_placehold_placehold_placehold_placehold_pla/lib/python3.11/site-packages/idna-3.10-py3.11.egg
Searching for charset-normalizer<4,>=2
Reading https://pypi.org/simple/charset-normalizer/
Downloading https://files.pythonhosted.org/packages/eb/5b/6f10bad0f6461fa272bfbbdf5d0023b5fb9bc6217c92bf068fa5a99820f5/charset_normalizer-3.4.0-cp311-cp311-manylinux_2_17_x86_64.manylinux2014_x86_64.whl#sha256=3710a9751938947e6327ea9f3ea6332a09bf0ba0c09cae9cb1f250bd1f1549bc
Best match: charset-normalizer 3.4.0
Processing charset_normalizer-3.4.0-cp311-cp311-manylinux_2_17_x86_64.manylinux2014_x86_64.whl
Installing charset_normalizer-3.4.0-cp311-cp311-manylinux_2_17_x86_64.manylinux2014_x86_64.whl to /home/llenezet/miniconda3/envs/conda_build/conda-bld/rocrate_1734973634564/_h_env_placehold_placehold_placehold_placehold_placehold_placehold_placehold_placehold_placehold_placehold_placehold_placehold_placehold_placehold_placehold_placehold_placehold_pla/lib/python3.11/site-packages
Adding charset-normalizer 3.4.0 to easy-install.pth file
detected new path './idna-3.10-py3.11.egg'
Installing normalizer script to /home/llenezet/miniconda3/envs/conda_build/conda-bld/rocrate_1734973634564/_h_env_placehold_placehold_placehold_placehold_placehold_placehold_placehold_placehold_placehold_placehold_placehold_placehold_placehold_placehold_placehold_placehold_placehold_pla/bin

Installed /home/llenezet/miniconda3/envs/conda_build/conda-bld/rocrate_1734973634564/_h_env_placehold_placehold_placehold_placehold_placehold_placehold_placehold_placehold_placehold_placehold_placehold_placehold_placehold_placehold_placehold_placehold_placehold_pla/lib/python3.11/site-packages/charset_normalizer-3.4.0-py3.11-linux-x86_64.egg
Finished processing dependencies for rocrate==0.13.0
Extracting download

Rendered as:
```yaml
package:
  name: rocrate
  version: 0.13.0
source:
  sha256: 4e67606965ed7a45c845222bbd60bdd766886e17f21d8b603e0ae68c8cc71f2a
  url: https://pypi.org/packages/source/r/rocrate/rocrate-0.13.0.tar.gz
build:
  entry_points:
    - rocrate=rocrate.cli:cli
  noarch: python
  number: '0'
  script: /home/llenezet/miniconda3/envs/conda_build/conda-bld/rocrate_1734973634564/_h_env_placehold_placehold_placehold_placehold_placehold_placehold_placehold_placehold_placehold_placehold_placehold_placehold_placehold_placehold_placehold_placehold_placehold_pla/bin/python
    setup.py install
requirements:
  host:
    - _libgcc_mutex 0.1 conda_forge
    - ca-certificates 2024.12.14 hbcca054_0
    - ld_impl_linux-64 2.43 h712a8e2_2
    - tzdata 2024b hc8b5060_0
    - libgomp 14.2.0 h77fa898_1
    - _openmp_mutex 4.5 2_gnu
    - libgcc 14.2.0 h77fa898_1
    - libexpat 2.6.4 h5888daf_0
    - libgcc-ng 14.2.0 h69a702a_1
    - liblzma 5.6.3 hb9d3cd8_1
    - libzlib 1.3.1 hb9d3cd8_2
    - openssl 3.4.0 hb9d3cd8_0
    - bzip2 1.0.8 h4bc722e_7
    - libffi 3.4.2 h7f98852_5
    - libnsl 2.0.1 hd590300_0
    - libsqlite 3.47.2 hee588c1_0
    - libuuid 2.38.1 h0b41bf4_0
    - libxcrypt 4.4.36 hd590300_1
    - ncurses 6.5 he02047a_1
    - tk 8.6.13 noxft_h4845f30_101
    - readline 8.2 h8228510_1
    - python 3.11.11 h9e4cc4f_1_cpython
    - setuptools 75.6.0 pyhff2d567_1
    - wheel 0.45.1 pyhd8ed1ab_1
    - pip 24.3.1 pyh8b19718_2
  run:
    - python-dateutil
    - python >=3.9,<3.12
    - arcp ==0.2.0
    - requests
    - setuptools
    - jinja2
    - click
test:
  commands:
    - rocrate --help
  imports:
    - rocrate
about:
  home: https://github.com/ResearchObject/ro-crate-py/
  license: Apache-2.0
  license_file: LICENSE
  summary: RO-Crate metadata generator/parser
extra:
  copy_test_source_files: true
  final: true
  recipe-maintainers:
    - mirpedrol
    - stain
```

source tree in: /home/llenezet/miniconda3/envs/conda_build/conda-bld/rocrate_1734973634564/work

Resource usage statistics from building rocrate:
   Process count: 3
   CPU time: Sys=0:00:00.1, User=0:00:00.6
   Memory: 54.1M
   Disk usage: 4.2K
   Time elapsed: 0:00:08.0


Packaging rocrate
Packaging rocrate-0.13.0-py_0
found egg dir: /home/llenezet/miniconda3/envs/conda_build/conda-bld/rocrate_1734973634564/_h_env_placehold_placehold_placehold_placehold_placehold_placehold_placehold_placehold_placehold_placehold_placehold_placehold_placehold_placehold_placehold_placehold_placehold_pla/lib/python3.11/site-packages/MarkupSafe-3.0.2-py3.11-linux-x86_64.egg
found egg dir: /home/llenezet/miniconda3/envs/conda_build/conda-bld/rocrate_1734973634564/_h_env_placehold_placehold_placehold_placehold_placehold_placehold_placehold_placehold_placehold_placehold_placehold_placehold_placehold_placehold_placehold_placehold_placehold_pla/lib/python3.11/site-packages/charset_normalizer-3.4.0-py3.11-linux-x86_64.egg
found egg dir: /home/llenezet/miniconda3/envs/conda_build/conda-bld/rocrate_1734973634564/_h_env_placehold_placehold_placehold_placehold_placehold_placehold_placehold_placehold_placehold_placehold_placehold_placehold_placehold_placehold_placehold_placehold_placehold_pla/lib/python3.11/site-packages/requests-2.32.3-py3.11.egg
found egg dir: /home/llenezet/miniconda3/envs/conda_build/conda-bld/rocrate_1734973634564/_h_env_placehold_placehold_placehold_placehold_placehold_placehold_placehold_placehold_placehold_placehold_placehold_placehold_placehold_placehold_placehold_placehold_placehold_pla/lib/python3.11/site-packages/python_dateutil-2.9.0.post0-py3.11.egg
found egg dir: /home/llenezet/miniconda3/envs/conda_build/conda-bld/rocrate_1734973634564/_h_env_placehold_placehold_placehold_placehold_placehold_placehold_placehold_placehold_placehold_placehold_placehold_placehold_placehold_placehold_placehold_placehold_placehold_pla/lib/python3.11/site-packages/click-8.1.8-py3.11.egg
found egg dir: /home/llenezet/miniconda3/envs/conda_build/conda-bld/rocrate_1734973634564/_h_env_placehold_placehold_placehold_placehold_placehold_placehold_placehold_placehold_placehold_placehold_placehold_placehold_placehold_placehold_placehold_placehold_placehold_pla/lib/python3.11/site-packages/jinja2-3.1.5-py3.11.egg
found egg dir: /home/llenezet/miniconda3/envs/conda_build/conda-bld/rocrate_1734973634564/_h_env_placehold_placehold_placehold_placehold_placehold_placehold_placehold_placehold_placehold_placehold_placehold_placehold_placehold_placehold_placehold_placehold_placehold_pla/lib/python3.11/site-packages/idna-3.10-py3.11.egg
found egg: /home/llenezet/miniconda3/envs/conda_build/conda-bld/rocrate_1734973634564/_h_env_placehold_placehold_placehold_placehold_placehold_placehold_placehold_placehold_placehold_placehold_placehold_placehold_placehold_placehold_placehold_placehold_placehold_pla/lib/python3.11/site-packages/rocrate-0.13.0-py3.11.egg
found egg dir: /home/llenezet/miniconda3/envs/conda_build/conda-bld/rocrate_1734973634564/_h_env_placehold_placehold_placehold_placehold_placehold_placehold_placehold_placehold_placehold_placehold_placehold_placehold_placehold_placehold_placehold_placehold_placehold_pla/lib/python3.11/site-packages/urllib3-2.3.0-py3.11.egg
found egg dir: /home/llenezet/miniconda3/envs/conda_build/conda-bld/rocrate_1734973634564/_h_env_placehold_placehold_placehold_placehold_placehold_placehold_placehold_placehold_placehold_placehold_placehold_placehold_placehold_placehold_placehold_placehold_placehold_pla/lib/python3.11/site-packages/six-1.17.0-py3.11.egg
found egg dir: /home/llenezet/miniconda3/envs/conda_build/conda-bld/rocrate_1734973634564/_h_env_placehold_placehold_placehold_placehold_placehold_placehold_placehold_placehold_placehold_placehold_placehold_placehold_placehold_placehold_placehold_placehold_placehold_pla/lib/python3.11/site-packages/certifi-2024.12.14-py3.11.egg
found egg dir: /home/llenezet/miniconda3/envs/conda_build/conda-bld/rocrate_1734973634564/_h_env_placehold_placehold_placehold_placehold_placehold_placehold_placehold_placehold_placehold_placehold_placehold_placehold_placehold_placehold_placehold_placehold_placehold_pla/lib/python3.11/site-packages/arcp-0.2.1-py3.11.egg
number of files: 221
WARNING :: get_rpaths_raw()=[] and patchelf=[''] disagree for /home/llenezet/miniconda3/envs/conda_build/conda-bld/rocrate_1734973634564/_h_env_placehold_placehold_placehold_placehold_placehold_placehold_placehold_placehold_placehold_placehold_placehold_placehold_placehold_placehold_placehold_placehold_placehold_pla/lib/python3.11/site-packages/charset_normalizer/md__mypyc.cpython-311-x86_64-linux-gnu.so :: 
WARNING :: get_rpaths_raw()=[] and patchelf=[''] disagree for /home/llenezet/miniconda3/envs/conda_build/conda-bld/rocrate_1734973634564/_h_env_placehold_placehold_placehold_placehold_placehold_placehold_placehold_placehold_placehold_placehold_placehold_placehold_placehold_placehold_placehold_placehold_placehold_pla/lib/python3.11/site-packages/markupsafe/_speedups.cpython-311-x86_64-linux-gnu.so :: 
WARNING :: get_rpaths_raw()=[] and patchelf=[''] disagree for /home/llenezet/miniconda3/envs/conda_build/conda-bld/rocrate_1734973634564/_h_env_placehold_placehold_placehold_placehold_placehold_placehold_placehold_placehold_placehold_placehold_placehold_placehold_placehold_placehold_placehold_placehold_placehold_pla/lib/python3.11/site-packages/charset_normalizer/md.cpython-311-x86_64-linux-gnu.so :: 
WARNING (rocrate,lib/python3.11/site-packages/charset_normalizer/md__mypyc.cpython-311-x86_64-linux-gnu.so): $RPATH/libpthread.so.0 not found in packages, sysroot(s) nor the missing_dso_whitelist.
.. is this binary repackaging?
WARNING (rocrate,lib/python3.11/site-packages/charset_normalizer/md__mypyc.cpython-311-x86_64-linux-gnu.so): $RPATH/libc.so.6 not found in packages, sysroot(s) nor the missing_dso_whitelist.
.. is this binary repackaging?
WARNING (rocrate,lib/python3.11/site-packages/markupsafe/_speedups.cpython-311-x86_64-linux-gnu.so): $RPATH/libpthread.so.0 not found in packages, sysroot(s) nor the missing_dso_whitelist.
.. is this binary repackaging?
WARNING (rocrate,lib/python3.11/site-packages/markupsafe/_speedups.cpython-311-x86_64-linux-gnu.so): $RPATH/libc.so.6 not found in packages, sysroot(s) nor the missing_dso_whitelist.
.. is this binary repackaging?
WARNING (rocrate,lib/python3.11/site-packages/charset_normalizer/md.cpython-311-x86_64-linux-gnu.so): $RPATH/libpthread.so.0 not found in packages, sysroot(s) nor the missing_dso_whitelist.
.. is this binary repackaging?
WARNING (rocrate,lib/python3.11/site-packages/charset_normalizer/md.cpython-311-x86_64-linux-gnu.so): $RPATH/libc.so.6 not found in packages, sysroot(s) nor the missing_dso_whitelist.
.. is this binary repackaging?
WARNING (rocrate): interpreter (Python) package conda-forge/linux-64::python==3.11.11=h9e4cc4f_1_cpython in requirements/run but it is not used (i.e. it is overdepending or perhaps statically linked? If that is what you want then add it to `build/ignore_run_exports`)
WARNING (rocrate): interpreted library (Python) package conda-forge/noarch::setuptools==75.6.0=pyhff2d567_1 in requirements/run but it is not used (i.e. it is overdepending or perhaps statically linked? If that is what you want then add it to `build/ignore_run_exports`)
Fixing permissions
Packaged license file/s.
::CHECKING MATCHES::
python-scripts/normalizer :: (2..257) = b'/home/llenezet/miniconda3/envs/conda_build/conda-bld/rocrate_1734973634564/_h_env_placehold_placehold_placehold_placehold_placehold_placehold_placehold_placehold_placehold_placehold_placehold_placehold_placehold_placehold_placehold_placehold_placehold_pla'
::CHECKING MATCHES::
python-scripts/normalizer :: (2..257) = b'/home/llenezet/miniconda3/envs/conda_build/conda-bld/rocrate_1734973634564/_h_env_placehold_placehold_placehold_placehold_placehold_placehold_placehold_placehold_placehold_placehold_placehold_placehold_placehold_placehold_placehold_placehold_placehold_pla'
INFO :: Time taken to mark (prefix)
        0 replacements in 0 files was 0.02 seconds
Files containing CONDA_PREFIX
-----------------------------
python-scripts/normalizer (text): Patching
TEST START: /home/llenezet/miniconda3/envs/conda_build/conda-bld/noarch/rocrate-0.13.0-py_0.tar.bz2
Adding in variants from /tmp/tmptbktztdn/info/recipe/conda_build_config.yaml
Renaming /home/llenezet/miniconda3/envs/conda_build/conda-bld/rocrate_1734973634564/_build_env prefix directory '/home/llenezet/miniconda3/envs/conda_build/conda-bld/rocrate_1734973634564/_build_env' to '/home/llenezet/miniconda3/envs/conda_build/conda-bld/rocrate_1734973634564/build_prefix_moved_rocrate-0.13.0-py_0_linux-64'
shutil.move(/home/llenezet/miniconda3/envs/conda_build/conda-bld/rocrate_1734973634564/_build_env prefix)=/home/llenezet/miniconda3/envs/conda_build/conda-bld/rocrate_1734973634564/_build_env, dest=/home/llenezet/miniconda3/envs/conda_build/conda-bld/rocrate_1734973634564/build_prefix_moved_rocrate-0.13.0-py_0_linux-64)
Renaming work directory '/home/llenezet/miniconda3/envs/conda_build/conda-bld/rocrate_1734973634564/work' to '/home/llenezet/miniconda3/envs/conda_build/conda-bld/rocrate_1734973634564/work_moved_rocrate-0.13.0-py_0_noarch'
shutil.move(work)=/home/llenezet/miniconda3/envs/conda_build/conda-bld/rocrate_1734973634564/work, dest=/home/llenezet/miniconda3/envs/conda_build/conda-bld/rocrate_1734973634564/work_moved_rocrate-0.13.0-py_0_noarch)
Reloading output folder: ...working... done
Solving environment (_test_env): ...working... done

## Package Plan ##

  environment location: /home/llenezet/miniconda3/envs/conda_build/conda-bld/rocrate_1734973634564/_test_env_placehold_placehold_placehold_placehold_placehold_placehold_placehold_placehold_placehold_placehold_placehold_placehold_placehold_placehold_placehold_placehold_placehol


The following NEW packages will be INSTALLED:

    _libgcc_mutex:      0.1-conda_forge            conda-forge
    _openmp_mutex:      4.5-2_gnu                  conda-forge
    arcp:               0.2.0-pyh9f0ad1d_0         conda-forge
    brotli-python:      1.1.0-py311hfdbb021_2      conda-forge
    bzip2:              1.0.8-h4bc722e_7           conda-forge
    ca-certificates:    2024.12.14-hbcca054_0      conda-forge
    certifi:            2024.12.14-pyhd8ed1ab_0    conda-forge
    cffi:               1.17.1-py311hf29c0ef_0     conda-forge
    charset-normalizer: 3.4.0-pyhd8ed1ab_1         conda-forge
    click:              8.1.8-pyh707e725_0         conda-forge
    h2:                 4.1.0-pyhd8ed1ab_1         conda-forge
    hpack:              4.0.0-pyhd8ed1ab_1         conda-forge
    hyperframe:         6.0.1-pyhd8ed1ab_1         conda-forge
    idna:               3.10-pyhd8ed1ab_1          conda-forge
    jinja2:             3.1.5-pyhd8ed1ab_0         conda-forge
    ld_impl_linux-64:   2.43-h712a8e2_2            conda-forge
    libexpat:           2.6.4-h5888daf_0           conda-forge
    libffi:             3.4.2-h7f98852_5           conda-forge
    libgcc:             14.2.0-h77fa898_1          conda-forge
    libgcc-ng:          14.2.0-h69a702a_1          conda-forge
    libgomp:            14.2.0-h77fa898_1          conda-forge
    liblzma:            5.6.3-hb9d3cd8_1           conda-forge
    libnsl:             2.0.1-hd590300_0           conda-forge
    libsqlite:          3.47.2-hee588c1_0          conda-forge
    libstdcxx:          14.2.0-hc0a3c3a_1          conda-forge
    libstdcxx-ng:       14.2.0-h4852527_1          conda-forge
    libuuid:            2.38.1-h0b41bf4_0          conda-forge
    libxcrypt:          4.4.36-hd590300_1          conda-forge
    libzlib:            1.3.1-hb9d3cd8_2           conda-forge
    markupsafe:         3.0.2-py311h2dc5d0c_1      conda-forge
    ncurses:            6.5-he02047a_1             conda-forge
    openssl:            3.4.0-hb9d3cd8_0           conda-forge
    pip:                24.3.1-pyh8b19718_2        conda-forge
    pycparser:          2.22-pyh29332c3_1          conda-forge
    pysocks:            1.7.1-pyha55dd90_7         conda-forge
    python:             3.11.11-h9e4cc4f_1_cpython conda-forge
    python-dateutil:    2.9.0.post0-pyhff2d567_1   conda-forge
    python_abi:         3.11-5_cp311               conda-forge
    readline:           8.2-h8228510_1             conda-forge
    requests:           2.32.3-pyhd8ed1ab_1        conda-forge
    rocrate:            0.13.0-py_0                local      
    setuptools:         75.6.0-pyhff2d567_1        conda-forge
    six:                1.17.0-pyhd8ed1ab_0        conda-forge
    tk:                 8.6.13-noxft_h4845f30_101  conda-forge
    tzdata:             2024b-hc8b5060_0           conda-forge
    urllib3:            2.3.0-pyhd8ed1ab_0         conda-forge
    wheel:              0.45.1-pyhd8ed1ab_1        conda-forge
    zstandard:          0.23.0-py311hbc35293_1     conda-forge
    zstd:               1.5.6-ha6fb4c9_0           conda-forge

Preparing transaction: ...working... done
Verifying transaction: ...working... done
Executing transaction: ...working... done
import: 'rocrate'
import: 'rocrate'
Usage: rocrate [OPTIONS] COMMAND [ARGS]...

Options:
  --help  Show this message and exit.

Commands:
  add
  init
  write-zip

Resource usage statistics from testing rocrate:
   Process count: 2
   CPU time: Sys=-, User=0:00:00.0
   Memory: 14.2M
   Disk usage: 24B
   Time elapsed: 0:00:02.0


TEST END: /home/llenezet/miniconda3/envs/conda_build/conda-bld/noarch/rocrate-0.13.0-py_0.tar.bz2
Renaming work directory '/home/llenezet/miniconda3/envs/conda_build/conda-bld/rocrate_1734973634564/work' to '/home/llenezet/miniconda3/envs/conda_build/conda-bld/rocrate_1734973634564/work_moved_rocrate-0.13.0-py_0_linux-64_main_build_loop'
shutil.move(work)=/home/llenezet/miniconda3/envs/conda_build/conda-bld/rocrate_1734973634564/work, dest=/home/llenezet/miniconda3/envs/conda_build/conda-bld/rocrate_1734973634564/work_moved_rocrate-0.13.0-py_0_linux-64_main_build_loop)
# Automatic uploading is disabled
# If you want to upload package(s) to anaconda.org later, type:


# To have conda build upload to anaconda.org automatically, use
# conda config --set anaconda_upload yes
anaconda upload \
    /home/llenezet/miniconda3/envs/conda_build/conda-bld/noarch/rocrate-0.13.0-py_0.tar.bz2
anaconda_upload is not set.  Not uploading wheels: []

INFO :: The inputs making up the hashes for the built packages are as follows:
{
  "rocrate-0.13.0-py_0.tar.bz2": {
    "recipe": {}
  }
}


####################################################################################
Resource usage summary:

Total time: 0:01:24.1
CPU usage: sys=0:00:00.1, user=0:00:00.6
Maximum memory usage observed: 54.1M
Total disk usage observed (not including envs): 4.2K
