The system is: Linux - 4.19.76-linuxkit - x86_64
Compiling the C compiler identification source file "CMakeCCompilerId.c" succeeded.
Compiler: /opt/conda/envs/go1.13/bin/x86_64-conda_cos6-linux-gnu-cc 
Build flags: -march=nocona;-mtune=haswell;-ftree-vectorize;-fPIC;-fstack-protector-strong;-fno-plt;-O2;-ffunction-sections;-pipe;-isystem;/opt/conda/envs/go1.13/include
Id flags:  

The output was:
0


Compilation of the C compiler identification source "CMakeCCompilerId.c" produced "a.out"

The C compiler identification is GNU, found in "/home/conda/workspace/staged-recipes/recipes/rocksdb/example/CMakeFiles/3.17.0/CompilerIdC/a.out"

Compiling the CXX compiler identification source file "CMakeCXXCompilerId.cpp" succeeded.
Compiler: /opt/conda/envs/go1.13/bin/x86_64-conda_cos6-linux-gnu-c++ 
Build flags: -fvisibility-inlines-hidden;-std=c++17;-fmessage-length=0;-march=nocona;-mtune=haswell;-ftree-vectorize;-fPIC;-fstack-protector-strong;-fno-plt;-O2;-ffunction-sections;-pipe;-isystem;/opt/conda/envs/go1.13/include
Id flags:  

The output was:
0


Compilation of the CXX compiler identification source "CMakeCXXCompilerId.cpp" produced "a.out"

The CXX compiler identification is GNU, found in "/home/conda/workspace/staged-recipes/recipes/rocksdb/example/CMakeFiles/3.17.0/CompilerIdCXX/a.out"

Determining if the C compiler works passed with the following output:
Change Dir: /home/conda/workspace/staged-recipes/recipes/rocksdb/example/CMakeFiles/CMakeTmp

Run Build Command(s):/usr/bin/gmake cmTC_f5661/fast && /usr/bin/gmake -f CMakeFiles/cmTC_f5661.dir/build.make CMakeFiles/cmTC_f5661.dir/build
gmake[1]: Entering directory `/home/conda/workspace/staged-recipes/recipes/rocksdb/example/CMakeFiles/CMakeTmp'
Building C object CMakeFiles/cmTC_f5661.dir/testCCompiler.c.o
/opt/conda/envs/go1.13/bin/x86_64-conda_cos6-linux-gnu-cc   -march=nocona -mtune=haswell -ftree-vectorize -fPIC -fstack-protector-strong -fno-plt -O2 -ffunction-sections -pipe -isystem /opt/conda/envs/go1.13/include    -o CMakeFiles/cmTC_f5661.dir/testCCompiler.c.o   -c /home/conda/workspace/staged-recipes/recipes/rocksdb/example/CMakeFiles/CMakeTmp/testCCompiler.c
Linking C executable cmTC_f5661
/opt/conda/envs/go1.13/bin/cmake -E cmake_link_script CMakeFiles/cmTC_f5661.dir/link.txt --verbose=1
/opt/conda/envs/go1.13/bin/x86_64-conda_cos6-linux-gnu-cc -march=nocona -mtune=haswell -ftree-vectorize -fPIC -fstack-protector-strong -fno-plt -O2 -ffunction-sections -pipe -isystem /opt/conda/envs/go1.13/include   -Wl,-O2 -Wl,--sort-common -Wl,--as-needed -Wl,-z,relro -Wl,-z,now -Wl,--disable-new-dtags -Wl,--gc-sections -Wl,-rpath,/opt/conda/envs/go1.13/lib -Wl,-rpath-link,/opt/conda/envs/go1.13/lib -L/opt/conda/envs/go1.13/lib  -rdynamic CMakeFiles/cmTC_f5661.dir/testCCompiler.c.o  -o cmTC_f5661 
gmake[1]: Leaving directory `/home/conda/workspace/staged-recipes/recipes/rocksdb/example/CMakeFiles/CMakeTmp'



Detecting C compiler ABI info compiled with the following output:
Change Dir: /home/conda/workspace/staged-recipes/recipes/rocksdb/example/CMakeFiles/CMakeTmp

Run Build Command(s):/usr/bin/gmake cmTC_2f8f1/fast && /usr/bin/gmake -f CMakeFiles/cmTC_2f8f1.dir/build.make CMakeFiles/cmTC_2f8f1.dir/build
gmake[1]: Entering directory `/home/conda/workspace/staged-recipes/recipes/rocksdb/example/CMakeFiles/CMakeTmp'
Building C object CMakeFiles/cmTC_2f8f1.dir/CMakeCCompilerABI.c.o
/opt/conda/envs/go1.13/bin/x86_64-conda_cos6-linux-gnu-cc   -march=nocona -mtune=haswell -ftree-vectorize -fPIC -fstack-protector-strong -fno-plt -O2 -ffunction-sections -pipe -isystem /opt/conda/envs/go1.13/include    -v -o CMakeFiles/cmTC_2f8f1.dir/CMakeCCompilerABI.c.o   -c /opt/conda/envs/go1.13/share/cmake-3.17/Modules/CMakeCCompilerABI.c
Reading specs from /opt/conda/envs/go1.13/bin/../lib/gcc/x86_64-conda_cos6-linux-gnu/7.3.0/specs
COLLECT_GCC=/opt/conda/envs/go1.13/bin/x86_64-conda_cos6-linux-gnu-cc
Target: x86_64-conda_cos6-linux-gnu
Configured with: /home/conda/feedstock_root/build_artifacts/ctng-compilers_1580517382604/work/.build/x86_64-conda_cos6-linux-gnu/src/gcc/configure --build=x86_64-build_pc-linux-gnu --host=x86_64-build_pc-linux-gnu --target=x86_64-conda_cos6-linux-gnu --prefix=/home/conda/feedstock_root/build_artifacts/ctng-compilers_1580517382604/work/gcc_built --with-sysroot=/home/conda/feedstock_root/build_artifacts/ctng-compilers_1580517382604/work/gcc_built/x86_64-conda_cos6-linux-gnu/sysroot --enable-languages=c,c++,fortran,objc,obj-c++ --with-pkgversion='crosstool-NG 1.23.0.450-d54ae' --enable-__cxa_atexit --disable-libmudflap --enable-libgomp --disable-libssp --enable-libquadmath --enable-libquadmath-support --enable-libsanitizer --enable-libmpx --with-gmp=/home/conda/feedstock_root/build_artifacts/ctng-compilers_1580517382604/work/.build/x86_64-conda_cos6-linux-gnu/buildtools --with-mpfr=/home/conda/feedstock_root/build_artifacts/ctng-compilers_1580517382604/work/.build/x86_64-conda_cos6-linux-gnu/buildtools --with-mpc=/home/conda/feedstock_root/build_artifacts/ctng-compilers_1580517382604/work/.build/x86_64-conda_cos6-linux-gnu/buildtools --with-isl=/home/conda/feedstock_root/build_artifacts/ctng-compilers_1580517382604/work/.build/x86_64-conda_cos6-linux-gnu/buildtools --enable-lto --with-host-libstdcxx='-static-libgcc -Wl,-Bstatic,-lstdc++,-Bdynamic -lm' --enable-threads=posix --enable-target-optspace --enable-plugin --enable-gold --disable-nls --disable-multilib --with-local-prefix=/home/conda/feedstock_root/build_artifacts/ctng-compilers_1580517382604/work/gcc_built/x86_64-conda_cos6-linux-gnu/sysroot --enable-long-long --enable-default-pie
Thread model: posix
gcc version 7.3.0 (crosstool-NG 1.23.0.450-d54ae) 
COLLECT_GCC_OPTIONS='-march=nocona' '-mtune=haswell' '-ftree-vectorize' '-fPIC' '-fstack-protector-strong' '-fno-plt' '-O2' '-ffunction-sections' '-pipe' '-isystem' '/opt/conda/envs/go1.13/include' '-v' '-o' 'CMakeFiles/cmTC_2f8f1.dir/CMakeCCompilerABI.c.o' '-c'
 /opt/conda/envs/go1.13/bin/../libexec/gcc/x86_64-conda_cos6-linux-gnu/7.3.0/cc1 -quiet -v -iprefix /opt/conda/envs/go1.13/bin/../lib/gcc/x86_64-conda_cos6-linux-gnu/7.3.0/ -isysroot /opt/conda/envs/go1.13/bin/../x86_64-conda_cos6-linux-gnu/sysroot -isystem /opt/conda/envs/go1.13/include /opt/conda/envs/go1.13/share/cmake-3.17/Modules/CMakeCCompilerABI.c -quiet -dumpbase CMakeCCompilerABI.c -march=nocona -mtune=haswell -auxbase-strip CMakeFiles/cmTC_2f8f1.dir/CMakeCCompilerABI.c.o -O2 -version -ftree-vectorize -fPIC -fstack-protector-strong -fno-plt -ffunction-sections -o - |
 /opt/conda/envs/go1.13/bin/../lib/gcc/x86_64-conda_cos6-linux-gnu/7.3.0/../../../../x86_64-conda_cos6-linux-gnu/bin/as -v --64 -o CMakeFiles/cmTC_2f8f1.dir/CMakeCCompilerABI.c.o
GNU assembler version 2.34 (x86_64-conda_cos6-linux-gnu) using BFD version (GNU Binutils) 2.34
GNU C11 (crosstool-NG 1.23.0.450-d54ae) version 7.3.0 (x86_64-conda_cos6-linux-gnu)
	compiled by GNU C version 4.4.7 20120313 (Red Hat 4.4.7-23), GMP version 6.1.2, MPFR version 4.0.1, MPC version 1.1.0, isl version isl-0.19-GMP

GGC heuristics: --param ggc-min-expand=100 --param ggc-min-heapsize=131072
ignoring duplicate directory "/opt/conda/envs/go1.13/bin/../lib/gcc/../../lib/gcc/x86_64-conda_cos6-linux-gnu/7.3.0/include"
ignoring nonexistent directory "/opt/conda/envs/go1.13/bin/../x86_64-conda_cos6-linux-gnu/sysroot/home/conda/feedstock_root/build_artifacts/ctng-compilers_1580517382604/work/gcc_built/x86_64-conda_cos6-linux-gnu/sysroot/include"
ignoring duplicate directory "/opt/conda/envs/go1.13/bin/../lib/gcc/../../lib/gcc/x86_64-conda_cos6-linux-gnu/7.3.0/include-fixed"
ignoring duplicate directory "/opt/conda/envs/go1.13/bin/../lib/gcc/../../lib/gcc/x86_64-conda_cos6-linux-gnu/7.3.0/../../../../x86_64-conda_cos6-linux-gnu/include"
#include "..." search starts here:
#include <...> search starts here:
 /opt/conda/envs/go1.13/include
 /opt/conda/envs/go1.13/bin/../lib/gcc/x86_64-conda_cos6-linux-gnu/7.3.0/include
 /opt/conda/envs/go1.13/bin/../lib/gcc/x86_64-conda_cos6-linux-gnu/7.3.0/include-fixed
 /opt/conda/envs/go1.13/bin/../lib/gcc/x86_64-conda_cos6-linux-gnu/7.3.0/../../../../x86_64-conda_cos6-linux-gnu/include
 /opt/conda/envs/go1.13/bin/../x86_64-conda_cos6-linux-gnu/sysroot/usr/include
End of search list.
GNU C11 (crosstool-NG 1.23.0.450-d54ae) version 7.3.0 (x86_64-conda_cos6-linux-gnu)
	compiled by GNU C version 4.4.7 20120313 (Red Hat 4.4.7-23), GMP version 6.1.2, MPFR version 4.0.1, MPC version 1.1.0, isl version isl-0.19-GMP

GGC heuristics: --param ggc-min-expand=100 --param ggc-min-heapsize=131072
Compiler executable checksum: e7c7e94bafbc1c18e24dceb30381567d
COMPILER_PATH=/opt/conda/envs/go1.13/bin/../libexec/gcc/x86_64-conda_cos6-linux-gnu/7.3.0/:/opt/conda/envs/go1.13/bin/../libexec/gcc/:/opt/conda/envs/go1.13/bin/../lib/gcc/x86_64-conda_cos6-linux-gnu/7.3.0/../../../../x86_64-conda_cos6-linux-gnu/bin/
LIBRARY_PATH=/opt/conda/envs/go1.13/bin/../lib/gcc/x86_64-conda_cos6-linux-gnu/7.3.0/:/opt/conda/envs/go1.13/bin/../lib/gcc/:/opt/conda/envs/go1.13/bin/../lib/gcc/x86_64-conda_cos6-linux-gnu/7.3.0/../../../../x86_64-conda_cos6-linux-gnu/lib/../lib/:/opt/conda/envs/go1.13/bin/../x86_64-conda_cos6-linux-gnu/sysroot/lib/../lib/:/opt/conda/envs/go1.13/bin/../x86_64-conda_cos6-linux-gnu/sysroot/usr/lib/../lib/:/opt/conda/envs/go1.13/bin/../lib/gcc/x86_64-conda_cos6-linux-gnu/7.3.0/../../../../x86_64-conda_cos6-linux-gnu/lib/:/opt/conda/envs/go1.13/bin/../x86_64-conda_cos6-linux-gnu/sysroot/lib/:/opt/conda/envs/go1.13/bin/../x86_64-conda_cos6-linux-gnu/sysroot/usr/lib/
COLLECT_GCC_OPTIONS='-march=nocona' '-mtune=haswell' '-ftree-vectorize' '-fPIC' '-fstack-protector-strong' '-fno-plt' '-O2' '-ffunction-sections' '-pipe' '-isystem' '/opt/conda/envs/go1.13/include' '-v' '-o' 'CMakeFiles/cmTC_2f8f1.dir/CMakeCCompilerABI.c.o' '-c'
Linking C executable cmTC_2f8f1
/opt/conda/envs/go1.13/bin/cmake -E cmake_link_script CMakeFiles/cmTC_2f8f1.dir/link.txt --verbose=1
/opt/conda/envs/go1.13/bin/x86_64-conda_cos6-linux-gnu-cc -march=nocona -mtune=haswell -ftree-vectorize -fPIC -fstack-protector-strong -fno-plt -O2 -ffunction-sections -pipe -isystem /opt/conda/envs/go1.13/include   -Wl,-O2 -Wl,--sort-common -Wl,--as-needed -Wl,-z,relro -Wl,-z,now -Wl,--disable-new-dtags -Wl,--gc-sections -Wl,-rpath,/opt/conda/envs/go1.13/lib -Wl,-rpath-link,/opt/conda/envs/go1.13/lib -L/opt/conda/envs/go1.13/lib -v -rdynamic CMakeFiles/cmTC_2f8f1.dir/CMakeCCompilerABI.c.o  -o cmTC_2f8f1 
Reading specs from /opt/conda/envs/go1.13/bin/../lib/gcc/x86_64-conda_cos6-linux-gnu/7.3.0/specs
COLLECT_GCC=/opt/conda/envs/go1.13/bin/x86_64-conda_cos6-linux-gnu-cc
COLLECT_LTO_WRAPPER=/opt/conda/envs/go1.13/bin/../libexec/gcc/x86_64-conda_cos6-linux-gnu/7.3.0/lto-wrapper
Target: x86_64-conda_cos6-linux-gnu
Configured with: /home/conda/feedstock_root/build_artifacts/ctng-compilers_1580517382604/work/.build/x86_64-conda_cos6-linux-gnu/src/gcc/configure --build=x86_64-build_pc-linux-gnu --host=x86_64-build_pc-linux-gnu --target=x86_64-conda_cos6-linux-gnu --prefix=/home/conda/feedstock_root/build_artifacts/ctng-compilers_1580517382604/work/gcc_built --with-sysroot=/home/conda/feedstock_root/build_artifacts/ctng-compilers_1580517382604/work/gcc_built/x86_64-conda_cos6-linux-gnu/sysroot --enable-languages=c,c++,fortran,objc,obj-c++ --with-pkgversion='crosstool-NG 1.23.0.450-d54ae' --enable-__cxa_atexit --disable-libmudflap --enable-libgomp --disable-libssp --enable-libquadmath --enable-libquadmath-support --enable-libsanitizer --enable-libmpx --with-gmp=/home/conda/feedstock_root/build_artifacts/ctng-compilers_1580517382604/work/.build/x86_64-conda_cos6-linux-gnu/buildtools --with-mpfr=/home/conda/feedstock_root/build_artifacts/ctng-compilers_1580517382604/work/.build/x86_64-conda_cos6-linux-gnu/buildtools --with-mpc=/home/conda/feedstock_root/build_artifacts/ctng-compilers_1580517382604/work/.build/x86_64-conda_cos6-linux-gnu/buildtools --with-isl=/home/conda/feedstock_root/build_artifacts/ctng-compilers_1580517382604/work/.build/x86_64-conda_cos6-linux-gnu/buildtools --enable-lto --with-host-libstdcxx='-static-libgcc -Wl,-Bstatic,-lstdc++,-Bdynamic -lm' --enable-threads=posix --enable-target-optspace --enable-plugin --enable-gold --disable-nls --disable-multilib --with-local-prefix=/home/conda/feedstock_root/build_artifacts/ctng-compilers_1580517382604/work/gcc_built/x86_64-conda_cos6-linux-gnu/sysroot --enable-long-long --enable-default-pie
Thread model: posix
gcc version 7.3.0 (crosstool-NG 1.23.0.450-d54ae) 
COMPILER_PATH=/opt/conda/envs/go1.13/bin/../libexec/gcc/x86_64-conda_cos6-linux-gnu/7.3.0/:/opt/conda/envs/go1.13/bin/../libexec/gcc/:/opt/conda/envs/go1.13/bin/../lib/gcc/x86_64-conda_cos6-linux-gnu/7.3.0/../../../../x86_64-conda_cos6-linux-gnu/bin/
LIBRARY_PATH=/opt/conda/envs/go1.13/bin/../lib/gcc/x86_64-conda_cos6-linux-gnu/7.3.0/:/opt/conda/envs/go1.13/bin/../lib/gcc/:/opt/conda/envs/go1.13/bin/../lib/gcc/x86_64-conda_cos6-linux-gnu/7.3.0/../../../../x86_64-conda_cos6-linux-gnu/lib/../lib/:/opt/conda/envs/go1.13/bin/../x86_64-conda_cos6-linux-gnu/sysroot/lib/../lib/:/opt/conda/envs/go1.13/bin/../x86_64-conda_cos6-linux-gnu/sysroot/usr/lib/../lib/:/opt/conda/envs/go1.13/bin/../lib/gcc/x86_64-conda_cos6-linux-gnu/7.3.0/../../../../x86_64-conda_cos6-linux-gnu/lib/:/opt/conda/envs/go1.13/bin/../x86_64-conda_cos6-linux-gnu/sysroot/lib/:/opt/conda/envs/go1.13/bin/../x86_64-conda_cos6-linux-gnu/sysroot/usr/lib/
COLLECT_GCC_OPTIONS='-march=nocona' '-mtune=haswell' '-ftree-vectorize' '-fPIC' '-fstack-protector-strong' '-fno-plt' '-O2' '-ffunction-sections' '-pipe' '-isystem' '/opt/conda/envs/go1.13/include' '-L/opt/conda/envs/go1.13/lib' '-v' '-rdynamic' '-o' 'cmTC_2f8f1'
 /opt/conda/envs/go1.13/bin/../libexec/gcc/x86_64-conda_cos6-linux-gnu/7.3.0/collect2 -plugin /opt/conda/envs/go1.13/bin/../libexec/gcc/x86_64-conda_cos6-linux-gnu/7.3.0/liblto_plugin.so -plugin-opt=/opt/conda/envs/go1.13/bin/../libexec/gcc/x86_64-conda_cos6-linux-gnu/7.3.0/lto-wrapper -plugin-opt=-fresolution=/tmp/ccdDPAOm.res -plugin-opt=-pass-through=-lgcc -plugin-opt=-pass-through=-lgcc_s -plugin-opt=-pass-through=-lc -plugin-opt=-pass-through=-lgcc -plugin-opt=-pass-through=-lgcc_s --sysroot=/opt/conda/envs/go1.13/bin/../x86_64-conda_cos6-linux-gnu/sysroot --eh-frame-hdr -m elf_x86_64 -export-dynamic -dynamic-linker /lib64/ld-linux-x86-64.so.2 -pie -o cmTC_2f8f1 /opt/conda/envs/go1.13/bin/../x86_64-conda_cos6-linux-gnu/sysroot/usr/lib/../lib/Scrt1.o /opt/conda/envs/go1.13/bin/../x86_64-conda_cos6-linux-gnu/sysroot/usr/lib/../lib/crti.o /opt/conda/envs/go1.13/bin/../lib/gcc/x86_64-conda_cos6-linux-gnu/7.3.0/crtbeginS.o -L/opt/conda/envs/go1.13/lib -L/opt/conda/envs/go1.13/bin/../lib/gcc/x86_64-conda_cos6-linux-gnu/7.3.0 -L/opt/conda/envs/go1.13/bin/../lib/gcc -L/opt/conda/envs/go1.13/bin/../lib/gcc/x86_64-conda_cos6-linux-gnu/7.3.0/../../../../x86_64-conda_cos6-linux-gnu/lib/../lib -L/opt/conda/envs/go1.13/bin/../x86_64-conda_cos6-linux-gnu/sysroot/lib/../lib -L/opt/conda/envs/go1.13/bin/../x86_64-conda_cos6-linux-gnu/sysroot/usr/lib/../lib -L/opt/conda/envs/go1.13/bin/../lib/gcc/x86_64-conda_cos6-linux-gnu/7.3.0/../../../../x86_64-conda_cos6-linux-gnu/lib -L/opt/conda/envs/go1.13/bin/../x86_64-conda_cos6-linux-gnu/sysroot/lib -L/opt/conda/envs/go1.13/bin/../x86_64-conda_cos6-linux-gnu/sysroot/usr/lib -rpath /opt/conda/envs/go1.13/lib -O2 --sort-common --as-needed -z relro -z now --disable-new-dtags --gc-sections -rpath /opt/conda/envs/go1.13/lib -rpath-link /opt/conda/envs/go1.13/lib CMakeFiles/cmTC_2f8f1.dir/CMakeCCompilerABI.c.o -lgcc --as-needed -lgcc_s --no-as-needed -lc -lgcc --as-needed -lgcc_s --no-as-needed /opt/conda/envs/go1.13/bin/../lib/gcc/x86_64-conda_cos6-linux-gnu/7.3.0/crtendS.o /opt/conda/envs/go1.13/bin/../x86_64-conda_cos6-linux-gnu/sysroot/usr/lib/../lib/crtn.o
COLLECT_GCC_OPTIONS='-march=nocona' '-mtune=haswell' '-ftree-vectorize' '-fPIC' '-fstack-protector-strong' '-fno-plt' '-O2' '-ffunction-sections' '-pipe' '-isystem' '/opt/conda/envs/go1.13/include' '-L/opt/conda/envs/go1.13/lib' '-v' '-rdynamic' '-o' 'cmTC_2f8f1'
gmake[1]: Leaving directory `/home/conda/workspace/staged-recipes/recipes/rocksdb/example/CMakeFiles/CMakeTmp'



Parsed C implicit include dir info from above output: rv=done
  found start of include info
  found start of implicit include info
    add: [/opt/conda/envs/go1.13/include]
    add: [/opt/conda/envs/go1.13/bin/../lib/gcc/x86_64-conda_cos6-linux-gnu/7.3.0/include]
    add: [/opt/conda/envs/go1.13/bin/../lib/gcc/x86_64-conda_cos6-linux-gnu/7.3.0/include-fixed]
    add: [/opt/conda/envs/go1.13/bin/../lib/gcc/x86_64-conda_cos6-linux-gnu/7.3.0/../../../../x86_64-conda_cos6-linux-gnu/include]
    add: [/opt/conda/envs/go1.13/bin/../x86_64-conda_cos6-linux-gnu/sysroot/usr/include]
  end of search list found
  collapse include dir [/opt/conda/envs/go1.13/include] ==> [/opt/conda/envs/go1.13/include]
  collapse include dir [/opt/conda/envs/go1.13/bin/../lib/gcc/x86_64-conda_cos6-linux-gnu/7.3.0/include] ==> [/opt/conda/envs/go1.13/lib/gcc/x86_64-conda_cos6-linux-gnu/7.3.0/include]
  collapse include dir [/opt/conda/envs/go1.13/bin/../lib/gcc/x86_64-conda_cos6-linux-gnu/7.3.0/include-fixed] ==> [/opt/conda/envs/go1.13/lib/gcc/x86_64-conda_cos6-linux-gnu/7.3.0/include-fixed]
  collapse include dir [/opt/conda/envs/go1.13/bin/../lib/gcc/x86_64-conda_cos6-linux-gnu/7.3.0/../../../../x86_64-conda_cos6-linux-gnu/include] ==> [/opt/conda/envs/go1.13/x86_64-conda_cos6-linux-gnu/include]
  collapse include dir [/opt/conda/envs/go1.13/bin/../x86_64-conda_cos6-linux-gnu/sysroot/usr/include] ==> [/opt/conda/envs/go1.13/x86_64-conda_cos6-linux-gnu/sysroot/usr/include]
  implicit include dirs: [/opt/conda/envs/go1.13/include;/opt/conda/envs/go1.13/lib/gcc/x86_64-conda_cos6-linux-gnu/7.3.0/include;/opt/conda/envs/go1.13/lib/gcc/x86_64-conda_cos6-linux-gnu/7.3.0/include-fixed;/opt/conda/envs/go1.13/x86_64-conda_cos6-linux-gnu/include;/opt/conda/envs/go1.13/x86_64-conda_cos6-linux-gnu/sysroot/usr/include]


Parsed C implicit link information from above output:
  link line regex: [^( *|.*[/\])(ld|CMAKE_LINK_STARTFILE-NOTFOUND|([^/\]+-)?ld|collect2)[^/\]*( |$)]
  ignore line: [Change Dir: /home/conda/workspace/staged-recipes/recipes/rocksdb/example/CMakeFiles/CMakeTmp]
  ignore line: []
  ignore line: [Run Build Command(s):/usr/bin/gmake cmTC_2f8f1/fast && /usr/bin/gmake -f CMakeFiles/cmTC_2f8f1.dir/build.make CMakeFiles/cmTC_2f8f1.dir/build]
  ignore line: [gmake[1]: Entering directory `/home/conda/workspace/staged-recipes/recipes/rocksdb/example/CMakeFiles/CMakeTmp']
  ignore line: [Building C object CMakeFiles/cmTC_2f8f1.dir/CMakeCCompilerABI.c.o]
  ignore line: [/opt/conda/envs/go1.13/bin/x86_64-conda_cos6-linux-gnu-cc   -march=nocona -mtune=haswell -ftree-vectorize -fPIC -fstack-protector-strong -fno-plt -O2 -ffunction-sections -pipe -isystem /opt/conda/envs/go1.13/include    -v -o CMakeFiles/cmTC_2f8f1.dir/CMakeCCompilerABI.c.o   -c /opt/conda/envs/go1.13/share/cmake-3.17/Modules/CMakeCCompilerABI.c]
  ignore line: [Reading specs from /opt/conda/envs/go1.13/bin/../lib/gcc/x86_64-conda_cos6-linux-gnu/7.3.0/specs]
  ignore line: [COLLECT_GCC=/opt/conda/envs/go1.13/bin/x86_64-conda_cos6-linux-gnu-cc]
  ignore line: [Target: x86_64-conda_cos6-linux-gnu]
  ignore line: [Configured with: /home/conda/feedstock_root/build_artifacts/ctng-compilers_1580517382604/work/.build/x86_64-conda_cos6-linux-gnu/src/gcc/configure --build=x86_64-build_pc-linux-gnu --host=x86_64-build_pc-linux-gnu --target=x86_64-conda_cos6-linux-gnu --prefix=/home/conda/feedstock_root/build_artifacts/ctng-compilers_1580517382604/work/gcc_built --with-sysroot=/home/conda/feedstock_root/build_artifacts/ctng-compilers_1580517382604/work/gcc_built/x86_64-conda_cos6-linux-gnu/sysroot --enable-languages=c c++ fortran objc obj-c++ --with-pkgversion='crosstool-NG 1.23.0.450-d54ae' --enable-__cxa_atexit --disable-libmudflap --enable-libgomp --disable-libssp --enable-libquadmath --enable-libquadmath-support --enable-libsanitizer --enable-libmpx --with-gmp=/home/conda/feedstock_root/build_artifacts/ctng-compilers_1580517382604/work/.build/x86_64-conda_cos6-linux-gnu/buildtools --with-mpfr=/home/conda/feedstock_root/build_artifacts/ctng-compilers_1580517382604/work/.build/x86_64-conda_cos6-linux-gnu/buildtools --with-mpc=/home/conda/feedstock_root/build_artifacts/ctng-compilers_1580517382604/work/.build/x86_64-conda_cos6-linux-gnu/buildtools --with-isl=/home/conda/feedstock_root/build_artifacts/ctng-compilers_1580517382604/work/.build/x86_64-conda_cos6-linux-gnu/buildtools --enable-lto --with-host-libstdcxx='-static-libgcc -Wl -Bstatic -lstdc++ -Bdynamic -lm' --enable-threads=posix --enable-target-optspace --enable-plugin --enable-gold --disable-nls --disable-multilib --with-local-prefix=/home/conda/feedstock_root/build_artifacts/ctng-compilers_1580517382604/work/gcc_built/x86_64-conda_cos6-linux-gnu/sysroot --enable-long-long --enable-default-pie]
  ignore line: [Thread model: posix]
  ignore line: [gcc version 7.3.0 (crosstool-NG 1.23.0.450-d54ae) ]
  ignore line: [COLLECT_GCC_OPTIONS='-march=nocona' '-mtune=haswell' '-ftree-vectorize' '-fPIC' '-fstack-protector-strong' '-fno-plt' '-O2' '-ffunction-sections' '-pipe' '-isystem' '/opt/conda/envs/go1.13/include' '-v' '-o' 'CMakeFiles/cmTC_2f8f1.dir/CMakeCCompilerABI.c.o' '-c']
  ignore line: [ /opt/conda/envs/go1.13/bin/../libexec/gcc/x86_64-conda_cos6-linux-gnu/7.3.0/cc1 -quiet -v -iprefix /opt/conda/envs/go1.13/bin/../lib/gcc/x86_64-conda_cos6-linux-gnu/7.3.0/ -isysroot /opt/conda/envs/go1.13/bin/../x86_64-conda_cos6-linux-gnu/sysroot -isystem /opt/conda/envs/go1.13/include /opt/conda/envs/go1.13/share/cmake-3.17/Modules/CMakeCCompilerABI.c -quiet -dumpbase CMakeCCompilerABI.c -march=nocona -mtune=haswell -auxbase-strip CMakeFiles/cmTC_2f8f1.dir/CMakeCCompilerABI.c.o -O2 -version -ftree-vectorize -fPIC -fstack-protector-strong -fno-plt -ffunction-sections -o - |]
  ignore line: [ /opt/conda/envs/go1.13/bin/../lib/gcc/x86_64-conda_cos6-linux-gnu/7.3.0/../../../../x86_64-conda_cos6-linux-gnu/bin/as -v --64 -o CMakeFiles/cmTC_2f8f1.dir/CMakeCCompilerABI.c.o]
  ignore line: [GNU assembler version 2.34 (x86_64-conda_cos6-linux-gnu) using BFD version (GNU Binutils) 2.34]
  ignore line: [GNU C11 (crosstool-NG 1.23.0.450-d54ae) version 7.3.0 (x86_64-conda_cos6-linux-gnu)]
  ignore line: [	compiled by GNU C version 4.4.7 20120313 (Red Hat 4.4.7-23)  GMP version 6.1.2  MPFR version 4.0.1  MPC version 1.1.0  isl version isl-0.19-GMP]
  ignore line: []
  ignore line: [GGC heuristics: --param ggc-min-expand=100 --param ggc-min-heapsize=131072]
  ignore line: [ignoring duplicate directory "/opt/conda/envs/go1.13/bin/../lib/gcc/../../lib/gcc/x86_64-conda_cos6-linux-gnu/7.3.0/include"]
  ignore line: [ignoring nonexistent directory "/opt/conda/envs/go1.13/bin/../x86_64-conda_cos6-linux-gnu/sysroot/home/conda/feedstock_root/build_artifacts/ctng-compilers_1580517382604/work/gcc_built/x86_64-conda_cos6-linux-gnu/sysroot/include"]
  ignore line: [ignoring duplicate directory "/opt/conda/envs/go1.13/bin/../lib/gcc/../../lib/gcc/x86_64-conda_cos6-linux-gnu/7.3.0/include-fixed"]
  ignore line: [ignoring duplicate directory "/opt/conda/envs/go1.13/bin/../lib/gcc/../../lib/gcc/x86_64-conda_cos6-linux-gnu/7.3.0/../../../../x86_64-conda_cos6-linux-gnu/include"]
  ignore line: [#include "..." search starts here:]
  ignore line: [#include <...> search starts here:]
  ignore line: [ /opt/conda/envs/go1.13/include]
  ignore line: [ /opt/conda/envs/go1.13/bin/../lib/gcc/x86_64-conda_cos6-linux-gnu/7.3.0/include]
  ignore line: [ /opt/conda/envs/go1.13/bin/../lib/gcc/x86_64-conda_cos6-linux-gnu/7.3.0/include-fixed]
  ignore line: [ /opt/conda/envs/go1.13/bin/../lib/gcc/x86_64-conda_cos6-linux-gnu/7.3.0/../../../../x86_64-conda_cos6-linux-gnu/include]
  ignore line: [ /opt/conda/envs/go1.13/bin/../x86_64-conda_cos6-linux-gnu/sysroot/usr/include]
  ignore line: [End of search list.]
  ignore line: [GNU C11 (crosstool-NG 1.23.0.450-d54ae) version 7.3.0 (x86_64-conda_cos6-linux-gnu)]
  ignore line: [	compiled by GNU C version 4.4.7 20120313 (Red Hat 4.4.7-23)  GMP version 6.1.2  MPFR version 4.0.1  MPC version 1.1.0  isl version isl-0.19-GMP]
  ignore line: []
  ignore line: [GGC heuristics: --param ggc-min-expand=100 --param ggc-min-heapsize=131072]
  ignore line: [Compiler executable checksum: e7c7e94bafbc1c18e24dceb30381567d]
  ignore line: [COMPILER_PATH=/opt/conda/envs/go1.13/bin/../libexec/gcc/x86_64-conda_cos6-linux-gnu/7.3.0/:/opt/conda/envs/go1.13/bin/../libexec/gcc/:/opt/conda/envs/go1.13/bin/../lib/gcc/x86_64-conda_cos6-linux-gnu/7.3.0/../../../../x86_64-conda_cos6-linux-gnu/bin/]
  ignore line: [LIBRARY_PATH=/opt/conda/envs/go1.13/bin/../lib/gcc/x86_64-conda_cos6-linux-gnu/7.3.0/:/opt/conda/envs/go1.13/bin/../lib/gcc/:/opt/conda/envs/go1.13/bin/../lib/gcc/x86_64-conda_cos6-linux-gnu/7.3.0/../../../../x86_64-conda_cos6-linux-gnu/lib/../lib/:/opt/conda/envs/go1.13/bin/../x86_64-conda_cos6-linux-gnu/sysroot/lib/../lib/:/opt/conda/envs/go1.13/bin/../x86_64-conda_cos6-linux-gnu/sysroot/usr/lib/../lib/:/opt/conda/envs/go1.13/bin/../lib/gcc/x86_64-conda_cos6-linux-gnu/7.3.0/../../../../x86_64-conda_cos6-linux-gnu/lib/:/opt/conda/envs/go1.13/bin/../x86_64-conda_cos6-linux-gnu/sysroot/lib/:/opt/conda/envs/go1.13/bin/../x86_64-conda_cos6-linux-gnu/sysroot/usr/lib/]
  ignore line: [COLLECT_GCC_OPTIONS='-march=nocona' '-mtune=haswell' '-ftree-vectorize' '-fPIC' '-fstack-protector-strong' '-fno-plt' '-O2' '-ffunction-sections' '-pipe' '-isystem' '/opt/conda/envs/go1.13/include' '-v' '-o' 'CMakeFiles/cmTC_2f8f1.dir/CMakeCCompilerABI.c.o' '-c']
  ignore line: [Linking C executable cmTC_2f8f1]
  ignore line: [/opt/conda/envs/go1.13/bin/cmake -E cmake_link_script CMakeFiles/cmTC_2f8f1.dir/link.txt --verbose=1]
  ignore line: [/opt/conda/envs/go1.13/bin/x86_64-conda_cos6-linux-gnu-cc -march=nocona -mtune=haswell -ftree-vectorize -fPIC -fstack-protector-strong -fno-plt -O2 -ffunction-sections -pipe -isystem /opt/conda/envs/go1.13/include   -Wl -O2 -Wl --sort-common -Wl --as-needed -Wl -z relro -Wl -z now -Wl --disable-new-dtags -Wl --gc-sections -Wl -rpath /opt/conda/envs/go1.13/lib -Wl -rpath-link /opt/conda/envs/go1.13/lib -L/opt/conda/envs/go1.13/lib -v -rdynamic CMakeFiles/cmTC_2f8f1.dir/CMakeCCompilerABI.c.o  -o cmTC_2f8f1 ]
  ignore line: [Reading specs from /opt/conda/envs/go1.13/bin/../lib/gcc/x86_64-conda_cos6-linux-gnu/7.3.0/specs]
  ignore line: [COLLECT_GCC=/opt/conda/envs/go1.13/bin/x86_64-conda_cos6-linux-gnu-cc]
  ignore line: [COLLECT_LTO_WRAPPER=/opt/conda/envs/go1.13/bin/../libexec/gcc/x86_64-conda_cos6-linux-gnu/7.3.0/lto-wrapper]
  ignore line: [Target: x86_64-conda_cos6-linux-gnu]
  ignore line: [Configured with: /home/conda/feedstock_root/build_artifacts/ctng-compilers_1580517382604/work/.build/x86_64-conda_cos6-linux-gnu/src/gcc/configure --build=x86_64-build_pc-linux-gnu --host=x86_64-build_pc-linux-gnu --target=x86_64-conda_cos6-linux-gnu --prefix=/home/conda/feedstock_root/build_artifacts/ctng-compilers_1580517382604/work/gcc_built --with-sysroot=/home/conda/feedstock_root/build_artifacts/ctng-compilers_1580517382604/work/gcc_built/x86_64-conda_cos6-linux-gnu/sysroot --enable-languages=c c++ fortran objc obj-c++ --with-pkgversion='crosstool-NG 1.23.0.450-d54ae' --enable-__cxa_atexit --disable-libmudflap --enable-libgomp --disable-libssp --enable-libquadmath --enable-libquadmath-support --enable-libsanitizer --enable-libmpx --with-gmp=/home/conda/feedstock_root/build_artifacts/ctng-compilers_1580517382604/work/.build/x86_64-conda_cos6-linux-gnu/buildtools --with-mpfr=/home/conda/feedstock_root/build_artifacts/ctng-compilers_1580517382604/work/.build/x86_64-conda_cos6-linux-gnu/buildtools --with-mpc=/home/conda/feedstock_root/build_artifacts/ctng-compilers_1580517382604/work/.build/x86_64-conda_cos6-linux-gnu/buildtools --with-isl=/home/conda/feedstock_root/build_artifacts/ctng-compilers_1580517382604/work/.build/x86_64-conda_cos6-linux-gnu/buildtools --enable-lto --with-host-libstdcxx='-static-libgcc -Wl -Bstatic -lstdc++ -Bdynamic -lm' --enable-threads=posix --enable-target-optspace --enable-plugin --enable-gold --disable-nls --disable-multilib --with-local-prefix=/home/conda/feedstock_root/build_artifacts/ctng-compilers_1580517382604/work/gcc_built/x86_64-conda_cos6-linux-gnu/sysroot --enable-long-long --enable-default-pie]
  ignore line: [Thread model: posix]
  ignore line: [gcc version 7.3.0 (crosstool-NG 1.23.0.450-d54ae) ]
  ignore line: [COMPILER_PATH=/opt/conda/envs/go1.13/bin/../libexec/gcc/x86_64-conda_cos6-linux-gnu/7.3.0/:/opt/conda/envs/go1.13/bin/../libexec/gcc/:/opt/conda/envs/go1.13/bin/../lib/gcc/x86_64-conda_cos6-linux-gnu/7.3.0/../../../../x86_64-conda_cos6-linux-gnu/bin/]
  ignore line: [LIBRARY_PATH=/opt/conda/envs/go1.13/bin/../lib/gcc/x86_64-conda_cos6-linux-gnu/7.3.0/:/opt/conda/envs/go1.13/bin/../lib/gcc/:/opt/conda/envs/go1.13/bin/../lib/gcc/x86_64-conda_cos6-linux-gnu/7.3.0/../../../../x86_64-conda_cos6-linux-gnu/lib/../lib/:/opt/conda/envs/go1.13/bin/../x86_64-conda_cos6-linux-gnu/sysroot/lib/../lib/:/opt/conda/envs/go1.13/bin/../x86_64-conda_cos6-linux-gnu/sysroot/usr/lib/../lib/:/opt/conda/envs/go1.13/bin/../lib/gcc/x86_64-conda_cos6-linux-gnu/7.3.0/../../../../x86_64-conda_cos6-linux-gnu/lib/:/opt/conda/envs/go1.13/bin/../x86_64-conda_cos6-linux-gnu/sysroot/lib/:/opt/conda/envs/go1.13/bin/../x86_64-conda_cos6-linux-gnu/sysroot/usr/lib/]
  ignore line: [COLLECT_GCC_OPTIONS='-march=nocona' '-mtune=haswell' '-ftree-vectorize' '-fPIC' '-fstack-protector-strong' '-fno-plt' '-O2' '-ffunction-sections' '-pipe' '-isystem' '/opt/conda/envs/go1.13/include' '-L/opt/conda/envs/go1.13/lib' '-v' '-rdynamic' '-o' 'cmTC_2f8f1']
  link line: [ /opt/conda/envs/go1.13/bin/../libexec/gcc/x86_64-conda_cos6-linux-gnu/7.3.0/collect2 -plugin /opt/conda/envs/go1.13/bin/../libexec/gcc/x86_64-conda_cos6-linux-gnu/7.3.0/liblto_plugin.so -plugin-opt=/opt/conda/envs/go1.13/bin/../libexec/gcc/x86_64-conda_cos6-linux-gnu/7.3.0/lto-wrapper -plugin-opt=-fresolution=/tmp/ccdDPAOm.res -plugin-opt=-pass-through=-lgcc -plugin-opt=-pass-through=-lgcc_s -plugin-opt=-pass-through=-lc -plugin-opt=-pass-through=-lgcc -plugin-opt=-pass-through=-lgcc_s --sysroot=/opt/conda/envs/go1.13/bin/../x86_64-conda_cos6-linux-gnu/sysroot --eh-frame-hdr -m elf_x86_64 -export-dynamic -dynamic-linker /lib64/ld-linux-x86-64.so.2 -pie -o cmTC_2f8f1 /opt/conda/envs/go1.13/bin/../x86_64-conda_cos6-linux-gnu/sysroot/usr/lib/../lib/Scrt1.o /opt/conda/envs/go1.13/bin/../x86_64-conda_cos6-linux-gnu/sysroot/usr/lib/../lib/crti.o /opt/conda/envs/go1.13/bin/../lib/gcc/x86_64-conda_cos6-linux-gnu/7.3.0/crtbeginS.o -L/opt/conda/envs/go1.13/lib -L/opt/conda/envs/go1.13/bin/../lib/gcc/x86_64-conda_cos6-linux-gnu/7.3.0 -L/opt/conda/envs/go1.13/bin/../lib/gcc -L/opt/conda/envs/go1.13/bin/../lib/gcc/x86_64-conda_cos6-linux-gnu/7.3.0/../../../../x86_64-conda_cos6-linux-gnu/lib/../lib -L/opt/conda/envs/go1.13/bin/../x86_64-conda_cos6-linux-gnu/sysroot/lib/../lib -L/opt/conda/envs/go1.13/bin/../x86_64-conda_cos6-linux-gnu/sysroot/usr/lib/../lib -L/opt/conda/envs/go1.13/bin/../lib/gcc/x86_64-conda_cos6-linux-gnu/7.3.0/../../../../x86_64-conda_cos6-linux-gnu/lib -L/opt/conda/envs/go1.13/bin/../x86_64-conda_cos6-linux-gnu/sysroot/lib -L/opt/conda/envs/go1.13/bin/../x86_64-conda_cos6-linux-gnu/sysroot/usr/lib -rpath /opt/conda/envs/go1.13/lib -O2 --sort-common --as-needed -z relro -z now --disable-new-dtags --gc-sections -rpath /opt/conda/envs/go1.13/lib -rpath-link /opt/conda/envs/go1.13/lib CMakeFiles/cmTC_2f8f1.dir/CMakeCCompilerABI.c.o -lgcc --as-needed -lgcc_s --no-as-needed -lc -lgcc --as-needed -lgcc_s --no-as-needed /opt/conda/envs/go1.13/bin/../lib/gcc/x86_64-conda_cos6-linux-gnu/7.3.0/crtendS.o /opt/conda/envs/go1.13/bin/../x86_64-conda_cos6-linux-gnu/sysroot/usr/lib/../lib/crtn.o]
    arg [/opt/conda/envs/go1.13/bin/../libexec/gcc/x86_64-conda_cos6-linux-gnu/7.3.0/collect2] ==> ignore
    arg [-plugin] ==> ignore
    arg [/opt/conda/envs/go1.13/bin/../libexec/gcc/x86_64-conda_cos6-linux-gnu/7.3.0/liblto_plugin.so] ==> ignore
    arg [-plugin-opt=/opt/conda/envs/go1.13/bin/../libexec/gcc/x86_64-conda_cos6-linux-gnu/7.3.0/lto-wrapper] ==> ignore
    arg [-plugin-opt=-fresolution=/tmp/ccdDPAOm.res] ==> ignore
    arg [-plugin-opt=-pass-through=-lgcc] ==> ignore
    arg [-plugin-opt=-pass-through=-lgcc_s] ==> ignore
    arg [-plugin-opt=-pass-through=-lc] ==> ignore
    arg [-plugin-opt=-pass-through=-lgcc] ==> ignore
    arg [-plugin-opt=-pass-through=-lgcc_s] ==> ignore
    arg [--sysroot=/opt/conda/envs/go1.13/bin/../x86_64-conda_cos6-linux-gnu/sysroot] ==> ignore
    arg [--eh-frame-hdr] ==> ignore
    arg [-m] ==> ignore
    arg [elf_x86_64] ==> ignore
    arg [-export-dynamic] ==> ignore
    arg [-dynamic-linker] ==> ignore
    arg [/lib64/ld-linux-x86-64.so.2] ==> ignore
    arg [-pie] ==> ignore
    arg [-o] ==> ignore
    arg [cmTC_2f8f1] ==> ignore
    arg [/opt/conda/envs/go1.13/bin/../x86_64-conda_cos6-linux-gnu/sysroot/usr/lib/../lib/Scrt1.o] ==> ignore
    arg [/opt/conda/envs/go1.13/bin/../x86_64-conda_cos6-linux-gnu/sysroot/usr/lib/../lib/crti.o] ==> ignore
    arg [/opt/conda/envs/go1.13/bin/../lib/gcc/x86_64-conda_cos6-linux-gnu/7.3.0/crtbeginS.o] ==> ignore
    arg [-L/opt/conda/envs/go1.13/lib] ==> dir [/opt/conda/envs/go1.13/lib]
    arg [-L/opt/conda/envs/go1.13/bin/../lib/gcc/x86_64-conda_cos6-linux-gnu/7.3.0] ==> dir [/opt/conda/envs/go1.13/bin/../lib/gcc/x86_64-conda_cos6-linux-gnu/7.3.0]
    arg [-L/opt/conda/envs/go1.13/bin/../lib/gcc] ==> dir [/opt/conda/envs/go1.13/bin/../lib/gcc]
    arg [-L/opt/conda/envs/go1.13/bin/../lib/gcc/x86_64-conda_cos6-linux-gnu/7.3.0/../../../../x86_64-conda_cos6-linux-gnu/lib/../lib] ==> dir [/opt/conda/envs/go1.13/bin/../lib/gcc/x86_64-conda_cos6-linux-gnu/7.3.0/../../../../x86_64-conda_cos6-linux-gnu/lib/../lib]
    arg [-L/opt/conda/envs/go1.13/bin/../x86_64-conda_cos6-linux-gnu/sysroot/lib/../lib] ==> dir [/opt/conda/envs/go1.13/bin/../x86_64-conda_cos6-linux-gnu/sysroot/lib/../lib]
    arg [-L/opt/conda/envs/go1.13/bin/../x86_64-conda_cos6-linux-gnu/sysroot/usr/lib/../lib] ==> dir [/opt/conda/envs/go1.13/bin/../x86_64-conda_cos6-linux-gnu/sysroot/usr/lib/../lib]
    arg [-L/opt/conda/envs/go1.13/bin/../lib/gcc/x86_64-conda_cos6-linux-gnu/7.3.0/../../../../x86_64-conda_cos6-linux-gnu/lib] ==> dir [/opt/conda/envs/go1.13/bin/../lib/gcc/x86_64-conda_cos6-linux-gnu/7.3.0/../../../../x86_64-conda_cos6-linux-gnu/lib]
    arg [-L/opt/conda/envs/go1.13/bin/../x86_64-conda_cos6-linux-gnu/sysroot/lib] ==> dir [/opt/conda/envs/go1.13/bin/../x86_64-conda_cos6-linux-gnu/sysroot/lib]
    arg [-L/opt/conda/envs/go1.13/bin/../x86_64-conda_cos6-linux-gnu/sysroot/usr/lib] ==> dir [/opt/conda/envs/go1.13/bin/../x86_64-conda_cos6-linux-gnu/sysroot/usr/lib]
    arg [-rpath] ==> ignore
    arg [/opt/conda/envs/go1.13/lib] ==> ignore
    arg [-O2] ==> ignore
    arg [--sort-common] ==> ignore
    arg [--as-needed] ==> ignore
    arg [-zrelro] ==> ignore
    arg [-znow] ==> ignore
    arg [--disable-new-dtags] ==> ignore
    arg [--gc-sections] ==> ignore
    arg [-rpath] ==> ignore
    arg [/opt/conda/envs/go1.13/lib] ==> ignore
    arg [-rpath-link] ==> ignore
    arg [/opt/conda/envs/go1.13/lib] ==> ignore
    arg [CMakeFiles/cmTC_2f8f1.dir/CMakeCCompilerABI.c.o] ==> ignore
    arg [-lgcc] ==> lib [gcc]
    arg [--as-needed] ==> ignore
    arg [-lgcc_s] ==> lib [gcc_s]
    arg [--no-as-needed] ==> ignore
    arg [-lc] ==> lib [c]
    arg [-lgcc] ==> lib [gcc]
    arg [--as-needed] ==> ignore
    arg [-lgcc_s] ==> lib [gcc_s]
    arg [--no-as-needed] ==> ignore
    arg [/opt/conda/envs/go1.13/bin/../lib/gcc/x86_64-conda_cos6-linux-gnu/7.3.0/crtendS.o] ==> ignore
    arg [/opt/conda/envs/go1.13/bin/../x86_64-conda_cos6-linux-gnu/sysroot/usr/lib/../lib/crtn.o] ==> ignore
  collapse library dir [/opt/conda/envs/go1.13/lib] ==> [/opt/conda/envs/go1.13/lib]
  collapse library dir [/opt/conda/envs/go1.13/bin/../lib/gcc/x86_64-conda_cos6-linux-gnu/7.3.0] ==> [/opt/conda/envs/go1.13/lib/gcc/x86_64-conda_cos6-linux-gnu/7.3.0]
  collapse library dir [/opt/conda/envs/go1.13/bin/../lib/gcc] ==> [/opt/conda/envs/go1.13/lib/gcc]
  collapse library dir [/opt/conda/envs/go1.13/bin/../lib/gcc/x86_64-conda_cos6-linux-gnu/7.3.0/../../../../x86_64-conda_cos6-linux-gnu/lib/../lib] ==> [/opt/conda/envs/go1.13/x86_64-conda_cos6-linux-gnu/lib]
  collapse library dir [/opt/conda/envs/go1.13/bin/../x86_64-conda_cos6-linux-gnu/sysroot/lib/../lib] ==> [/opt/conda/envs/go1.13/x86_64-conda_cos6-linux-gnu/sysroot/lib]
  collapse library dir [/opt/conda/envs/go1.13/bin/../x86_64-conda_cos6-linux-gnu/sysroot/usr/lib/../lib] ==> [/opt/conda/envs/go1.13/x86_64-conda_cos6-linux-gnu/sysroot/usr/lib]
  collapse library dir [/opt/conda/envs/go1.13/bin/../lib/gcc/x86_64-conda_cos6-linux-gnu/7.3.0/../../../../x86_64-conda_cos6-linux-gnu/lib] ==> [/opt/conda/envs/go1.13/x86_64-conda_cos6-linux-gnu/lib]
  collapse library dir [/opt/conda/envs/go1.13/bin/../x86_64-conda_cos6-linux-gnu/sysroot/lib] ==> [/opt/conda/envs/go1.13/x86_64-conda_cos6-linux-gnu/sysroot/lib]
  collapse library dir [/opt/conda/envs/go1.13/bin/../x86_64-conda_cos6-linux-gnu/sysroot/usr/lib] ==> [/opt/conda/envs/go1.13/x86_64-conda_cos6-linux-gnu/sysroot/usr/lib]
  implicit libs: [gcc;gcc_s;c;gcc;gcc_s]
  implicit dirs: [/opt/conda/envs/go1.13/lib;/opt/conda/envs/go1.13/lib/gcc/x86_64-conda_cos6-linux-gnu/7.3.0;/opt/conda/envs/go1.13/lib/gcc;/opt/conda/envs/go1.13/x86_64-conda_cos6-linux-gnu/lib;/opt/conda/envs/go1.13/x86_64-conda_cos6-linux-gnu/sysroot/lib;/opt/conda/envs/go1.13/x86_64-conda_cos6-linux-gnu/sysroot/usr/lib]
  implicit fwks: []


Determining if the CXX compiler works passed with the following output:
Change Dir: /home/conda/workspace/staged-recipes/recipes/rocksdb/example/CMakeFiles/CMakeTmp

Run Build Command(s):/usr/bin/gmake cmTC_c3124/fast && /usr/bin/gmake -f CMakeFiles/cmTC_c3124.dir/build.make CMakeFiles/cmTC_c3124.dir/build
gmake[1]: Entering directory `/home/conda/workspace/staged-recipes/recipes/rocksdb/example/CMakeFiles/CMakeTmp'
Building CXX object CMakeFiles/cmTC_c3124.dir/testCXXCompiler.cxx.o
/opt/conda/envs/go1.13/bin/x86_64-conda_cos6-linux-gnu-c++    -fvisibility-inlines-hidden -std=c++17 -fmessage-length=0 -march=nocona -mtune=haswell -ftree-vectorize -fPIC -fstack-protector-strong -fno-plt -O2 -ffunction-sections -pipe -isystem /opt/conda/envs/go1.13/include    -o CMakeFiles/cmTC_c3124.dir/testCXXCompiler.cxx.o -c /home/conda/workspace/staged-recipes/recipes/rocksdb/example/CMakeFiles/CMakeTmp/testCXXCompiler.cxx
Linking CXX executable cmTC_c3124
/opt/conda/envs/go1.13/bin/cmake -E cmake_link_script CMakeFiles/cmTC_c3124.dir/link.txt --verbose=1
/opt/conda/envs/go1.13/bin/x86_64-conda_cos6-linux-gnu-c++  -fvisibility-inlines-hidden -std=c++17 -fmessage-length=0 -march=nocona -mtune=haswell -ftree-vectorize -fPIC -fstack-protector-strong -fno-plt -O2 -ffunction-sections -pipe -isystem /opt/conda/envs/go1.13/include   -Wl,-O2 -Wl,--sort-common -Wl,--as-needed -Wl,-z,relro -Wl,-z,now -Wl,--disable-new-dtags -Wl,--gc-sections -Wl,-rpath,/opt/conda/envs/go1.13/lib -Wl,-rpath-link,/opt/conda/envs/go1.13/lib -L/opt/conda/envs/go1.13/lib  -rdynamic CMakeFiles/cmTC_c3124.dir/testCXXCompiler.cxx.o  -o cmTC_c3124 
gmake[1]: Leaving directory `/home/conda/workspace/staged-recipes/recipes/rocksdb/example/CMakeFiles/CMakeTmp'



Detecting CXX compiler ABI info compiled with the following output:
Change Dir: /home/conda/workspace/staged-recipes/recipes/rocksdb/example/CMakeFiles/CMakeTmp

Run Build Command(s):/usr/bin/gmake cmTC_85b45/fast && /usr/bin/gmake -f CMakeFiles/cmTC_85b45.dir/build.make CMakeFiles/cmTC_85b45.dir/build
gmake[1]: Entering directory `/home/conda/workspace/staged-recipes/recipes/rocksdb/example/CMakeFiles/CMakeTmp'
Building CXX object CMakeFiles/cmTC_85b45.dir/CMakeCXXCompilerABI.cpp.o
/opt/conda/envs/go1.13/bin/x86_64-conda_cos6-linux-gnu-c++    -fvisibility-inlines-hidden -std=c++17 -fmessage-length=0 -march=nocona -mtune=haswell -ftree-vectorize -fPIC -fstack-protector-strong -fno-plt -O2 -ffunction-sections -pipe -isystem /opt/conda/envs/go1.13/include    -v -o CMakeFiles/cmTC_85b45.dir/CMakeCXXCompilerABI.cpp.o -c /opt/conda/envs/go1.13/share/cmake-3.17/Modules/CMakeCXXCompilerABI.cpp
Reading specs from /opt/conda/envs/go1.13/bin/../lib/gcc/x86_64-conda_cos6-linux-gnu/7.3.0/specs
COLLECT_GCC=/opt/conda/envs/go1.13/bin/x86_64-conda_cos6-linux-gnu-c++
Target: x86_64-conda_cos6-linux-gnu
Configured with: /home/conda/feedstock_root/build_artifacts/ctng-compilers_1580517382604/work/.build/x86_64-conda_cos6-linux-gnu/src/gcc/configure --build=x86_64-build_pc-linux-gnu --host=x86_64-build_pc-linux-gnu --target=x86_64-conda_cos6-linux-gnu --prefix=/home/conda/feedstock_root/build_artifacts/ctng-compilers_1580517382604/work/gcc_built --with-sysroot=/home/conda/feedstock_root/build_artifacts/ctng-compilers_1580517382604/work/gcc_built/x86_64-conda_cos6-linux-gnu/sysroot --enable-languages=c,c++,fortran,objc,obj-c++ --with-pkgversion='crosstool-NG 1.23.0.450-d54ae' --enable-__cxa_atexit --disable-libmudflap --enable-libgomp --disable-libssp --enable-libquadmath --enable-libquadmath-support --enable-libsanitizer --enable-libmpx --with-gmp=/home/conda/feedstock_root/build_artifacts/ctng-compilers_1580517382604/work/.build/x86_64-conda_cos6-linux-gnu/buildtools --with-mpfr=/home/conda/feedstock_root/build_artifacts/ctng-compilers_1580517382604/work/.build/x86_64-conda_cos6-linux-gnu/buildtools --with-mpc=/home/conda/feedstock_root/build_artifacts/ctng-compilers_1580517382604/work/.build/x86_64-conda_cos6-linux-gnu/buildtools --with-isl=/home/conda/feedstock_root/build_artifacts/ctng-compilers_1580517382604/work/.build/x86_64-conda_cos6-linux-gnu/buildtools --enable-lto --with-host-libstdcxx='-static-libgcc -Wl,-Bstatic,-lstdc++,-Bdynamic -lm' --enable-threads=posix --enable-target-optspace --enable-plugin --enable-gold --disable-nls --disable-multilib --with-local-prefix=/home/conda/feedstock_root/build_artifacts/ctng-compilers_1580517382604/work/gcc_built/x86_64-conda_cos6-linux-gnu/sysroot --enable-long-long --enable-default-pie
Thread model: posix
gcc version 7.3.0 (crosstool-NG 1.23.0.450-d54ae) 
COLLECT_GCC_OPTIONS='-fvisibility-inlines-hidden' '-std=c++1z' '-fmessage-length=0' '-march=nocona' '-mtune=haswell' '-ftree-vectorize' '-fPIC' '-fstack-protector-strong' '-fno-plt' '-O2' '-ffunction-sections' '-pipe' '-isystem' '/opt/conda/envs/go1.13/include' '-v' '-o' 'CMakeFiles/cmTC_85b45.dir/CMakeCXXCompilerABI.cpp.o' '-c' '-shared-libgcc'
 /opt/conda/envs/go1.13/bin/../libexec/gcc/x86_64-conda_cos6-linux-gnu/7.3.0/cc1plus -quiet -v -iprefix /opt/conda/envs/go1.13/bin/../lib/gcc/x86_64-conda_cos6-linux-gnu/7.3.0/ -isysroot /opt/conda/envs/go1.13/bin/../x86_64-conda_cos6-linux-gnu/sysroot -D_GNU_SOURCE -isystem /opt/conda/envs/go1.13/include /opt/conda/envs/go1.13/share/cmake-3.17/Modules/CMakeCXXCompilerABI.cpp -quiet -dumpbase CMakeCXXCompilerABI.cpp -march=nocona -mtune=haswell -auxbase-strip CMakeFiles/cmTC_85b45.dir/CMakeCXXCompilerABI.cpp.o -O2 -std=c++1z -version -fvisibility-inlines-hidden -fmessage-length=0 -ftree-vectorize -fPIC -fstack-protector-strong -fno-plt -ffunction-sections -o - |
 /opt/conda/envs/go1.13/bin/../lib/gcc/x86_64-conda_cos6-linux-gnu/7.3.0/../../../../x86_64-conda_cos6-linux-gnu/bin/as -v --64 -o CMakeFiles/cmTC_85b45.dir/CMakeCXXCompilerABI.cpp.o
GNU assembler version 2.34 (x86_64-conda_cos6-linux-gnu) using BFD version (GNU Binutils) 2.34
GNU C++14 (crosstool-NG 1.23.0.450-d54ae) version 7.3.0 (x86_64-conda_cos6-linux-gnu)
	compiled by GNU C version 4.4.7 20120313 (Red Hat 4.4.7-23), GMP version 6.1.2, MPFR version 4.0.1, MPC version 1.1.0, isl version isl-0.19-GMP

GGC heuristics: --param ggc-min-expand=100 --param ggc-min-heapsize=131072
ignoring duplicate directory "/opt/conda/envs/go1.13/bin/../lib/gcc/../../lib/gcc/x86_64-conda_cos6-linux-gnu/7.3.0/../../../../x86_64-conda_cos6-linux-gnu/include/c++/7.3.0"
ignoring duplicate directory "/opt/conda/envs/go1.13/bin/../lib/gcc/../../lib/gcc/x86_64-conda_cos6-linux-gnu/7.3.0/../../../../x86_64-conda_cos6-linux-gnu/include/c++/7.3.0/x86_64-conda_cos6-linux-gnu"
ignoring duplicate directory "/opt/conda/envs/go1.13/bin/../lib/gcc/../../lib/gcc/x86_64-conda_cos6-linux-gnu/7.3.0/../../../../x86_64-conda_cos6-linux-gnu/include/c++/7.3.0/backward"
ignoring duplicate directory "/opt/conda/envs/go1.13/bin/../lib/gcc/../../lib/gcc/x86_64-conda_cos6-linux-gnu/7.3.0/include"
ignoring nonexistent directory "/opt/conda/envs/go1.13/bin/../x86_64-conda_cos6-linux-gnu/sysroot/home/conda/feedstock_root/build_artifacts/ctng-compilers_1580517382604/work/gcc_built/x86_64-conda_cos6-linux-gnu/sysroot/include"
ignoring duplicate directory "/opt/conda/envs/go1.13/bin/../lib/gcc/../../lib/gcc/x86_64-conda_cos6-linux-gnu/7.3.0/include-fixed"
ignoring duplicate directory "/opt/conda/envs/go1.13/bin/../lib/gcc/../../lib/gcc/x86_64-conda_cos6-linux-gnu/7.3.0/../../../../x86_64-conda_cos6-linux-gnu/include"
#include "..." search starts here:
#include <...> search starts here:
 /opt/conda/envs/go1.13/include
 /opt/conda/envs/go1.13/bin/../lib/gcc/x86_64-conda_cos6-linux-gnu/7.3.0/../../../../x86_64-conda_cos6-linux-gnu/include/c++/7.3.0
 /opt/conda/envs/go1.13/bin/../lib/gcc/x86_64-conda_cos6-linux-gnu/7.3.0/../../../../x86_64-conda_cos6-linux-gnu/include/c++/7.3.0/x86_64-conda_cos6-linux-gnu
 /opt/conda/envs/go1.13/bin/../lib/gcc/x86_64-conda_cos6-linux-gnu/7.3.0/../../../../x86_64-conda_cos6-linux-gnu/include/c++/7.3.0/backward
 /opt/conda/envs/go1.13/bin/../lib/gcc/x86_64-conda_cos6-linux-gnu/7.3.0/include
 /opt/conda/envs/go1.13/bin/../lib/gcc/x86_64-conda_cos6-linux-gnu/7.3.0/include-fixed
 /opt/conda/envs/go1.13/bin/../lib/gcc/x86_64-conda_cos6-linux-gnu/7.3.0/../../../../x86_64-conda_cos6-linux-gnu/include
 /opt/conda/envs/go1.13/bin/../x86_64-conda_cos6-linux-gnu/sysroot/usr/include
End of search list.
GNU C++14 (crosstool-NG 1.23.0.450-d54ae) version 7.3.0 (x86_64-conda_cos6-linux-gnu)
	compiled by GNU C version 4.4.7 20120313 (Red Hat 4.4.7-23), GMP version 6.1.2, MPFR version 4.0.1, MPC version 1.1.0, isl version isl-0.19-GMP

GGC heuristics: --param ggc-min-expand=100 --param ggc-min-heapsize=131072
Compiler executable checksum: 8576468bc29554d6f9681c2e21ac6680
COMPILER_PATH=/opt/conda/envs/go1.13/bin/../libexec/gcc/x86_64-conda_cos6-linux-gnu/7.3.0/:/opt/conda/envs/go1.13/bin/../libexec/gcc/:/opt/conda/envs/go1.13/bin/../lib/gcc/x86_64-conda_cos6-linux-gnu/7.3.0/../../../../x86_64-conda_cos6-linux-gnu/bin/
LIBRARY_PATH=/opt/conda/envs/go1.13/bin/../lib/gcc/x86_64-conda_cos6-linux-gnu/7.3.0/:/opt/conda/envs/go1.13/bin/../lib/gcc/:/opt/conda/envs/go1.13/bin/../lib/gcc/x86_64-conda_cos6-linux-gnu/7.3.0/../../../../x86_64-conda_cos6-linux-gnu/lib/../lib/:/opt/conda/envs/go1.13/bin/../x86_64-conda_cos6-linux-gnu/sysroot/lib/../lib/:/opt/conda/envs/go1.13/bin/../x86_64-conda_cos6-linux-gnu/sysroot/usr/lib/../lib/:/opt/conda/envs/go1.13/bin/../lib/gcc/x86_64-conda_cos6-linux-gnu/7.3.0/../../../../x86_64-conda_cos6-linux-gnu/lib/:/opt/conda/envs/go1.13/bin/../x86_64-conda_cos6-linux-gnu/sysroot/lib/:/opt/conda/envs/go1.13/bin/../x86_64-conda_cos6-linux-gnu/sysroot/usr/lib/
COLLECT_GCC_OPTIONS='-fvisibility-inlines-hidden' '-std=c++1z' '-fmessage-length=0' '-march=nocona' '-mtune=haswell' '-ftree-vectorize' '-fPIC' '-fstack-protector-strong' '-fno-plt' '-O2' '-ffunction-sections' '-pipe' '-isystem' '/opt/conda/envs/go1.13/include' '-v' '-o' 'CMakeFiles/cmTC_85b45.dir/CMakeCXXCompilerABI.cpp.o' '-c' '-shared-libgcc'
Linking CXX executable cmTC_85b45
/opt/conda/envs/go1.13/bin/cmake -E cmake_link_script CMakeFiles/cmTC_85b45.dir/link.txt --verbose=1
/opt/conda/envs/go1.13/bin/x86_64-conda_cos6-linux-gnu-c++  -fvisibility-inlines-hidden -std=c++17 -fmessage-length=0 -march=nocona -mtune=haswell -ftree-vectorize -fPIC -fstack-protector-strong -fno-plt -O2 -ffunction-sections -pipe -isystem /opt/conda/envs/go1.13/include   -Wl,-O2 -Wl,--sort-common -Wl,--as-needed -Wl,-z,relro -Wl,-z,now -Wl,--disable-new-dtags -Wl,--gc-sections -Wl,-rpath,/opt/conda/envs/go1.13/lib -Wl,-rpath-link,/opt/conda/envs/go1.13/lib -L/opt/conda/envs/go1.13/lib -v -rdynamic CMakeFiles/cmTC_85b45.dir/CMakeCXXCompilerABI.cpp.o  -o cmTC_85b45 
Reading specs from /opt/conda/envs/go1.13/bin/../lib/gcc/x86_64-conda_cos6-linux-gnu/7.3.0/specs
COLLECT_GCC=/opt/conda/envs/go1.13/bin/x86_64-conda_cos6-linux-gnu-c++
COLLECT_LTO_WRAPPER=/opt/conda/envs/go1.13/bin/../libexec/gcc/x86_64-conda_cos6-linux-gnu/7.3.0/lto-wrapper
Target: x86_64-conda_cos6-linux-gnu
Configured with: /home/conda/feedstock_root/build_artifacts/ctng-compilers_1580517382604/work/.build/x86_64-conda_cos6-linux-gnu/src/gcc/configure --build=x86_64-build_pc-linux-gnu --host=x86_64-build_pc-linux-gnu --target=x86_64-conda_cos6-linux-gnu --prefix=/home/conda/feedstock_root/build_artifacts/ctng-compilers_1580517382604/work/gcc_built --with-sysroot=/home/conda/feedstock_root/build_artifacts/ctng-compilers_1580517382604/work/gcc_built/x86_64-conda_cos6-linux-gnu/sysroot --enable-languages=c,c++,fortran,objc,obj-c++ --with-pkgversion='crosstool-NG 1.23.0.450-d54ae' --enable-__cxa_atexit --disable-libmudflap --enable-libgomp --disable-libssp --enable-libquadmath --enable-libquadmath-support --enable-libsanitizer --enable-libmpx --with-gmp=/home/conda/feedstock_root/build_artifacts/ctng-compilers_1580517382604/work/.build/x86_64-conda_cos6-linux-gnu/buildtools --with-mpfr=/home/conda/feedstock_root/build_artifacts/ctng-compilers_1580517382604/work/.build/x86_64-conda_cos6-linux-gnu/buildtools --with-mpc=/home/conda/feedstock_root/build_artifacts/ctng-compilers_1580517382604/work/.build/x86_64-conda_cos6-linux-gnu/buildtools --with-isl=/home/conda/feedstock_root/build_artifacts/ctng-compilers_1580517382604/work/.build/x86_64-conda_cos6-linux-gnu/buildtools --enable-lto --with-host-libstdcxx='-static-libgcc -Wl,-Bstatic,-lstdc++,-Bdynamic -lm' --enable-threads=posix --enable-target-optspace --enable-plugin --enable-gold --disable-nls --disable-multilib --with-local-prefix=/home/conda/feedstock_root/build_artifacts/ctng-compilers_1580517382604/work/gcc_built/x86_64-conda_cos6-linux-gnu/sysroot --enable-long-long --enable-default-pie
Thread model: posix
gcc version 7.3.0 (crosstool-NG 1.23.0.450-d54ae) 
COMPILER_PATH=/opt/conda/envs/go1.13/bin/../libexec/gcc/x86_64-conda_cos6-linux-gnu/7.3.0/:/opt/conda/envs/go1.13/bin/../libexec/gcc/:/opt/conda/envs/go1.13/bin/../lib/gcc/x86_64-conda_cos6-linux-gnu/7.3.0/../../../../x86_64-conda_cos6-linux-gnu/bin/
LIBRARY_PATH=/opt/conda/envs/go1.13/bin/../lib/gcc/x86_64-conda_cos6-linux-gnu/7.3.0/:/opt/conda/envs/go1.13/bin/../lib/gcc/:/opt/conda/envs/go1.13/bin/../lib/gcc/x86_64-conda_cos6-linux-gnu/7.3.0/../../../../x86_64-conda_cos6-linux-gnu/lib/../lib/:/opt/conda/envs/go1.13/bin/../x86_64-conda_cos6-linux-gnu/sysroot/lib/../lib/:/opt/conda/envs/go1.13/bin/../x86_64-conda_cos6-linux-gnu/sysroot/usr/lib/../lib/:/opt/conda/envs/go1.13/bin/../lib/gcc/x86_64-conda_cos6-linux-gnu/7.3.0/../../../../x86_64-conda_cos6-linux-gnu/lib/:/opt/conda/envs/go1.13/bin/../x86_64-conda_cos6-linux-gnu/sysroot/lib/:/opt/conda/envs/go1.13/bin/../x86_64-conda_cos6-linux-gnu/sysroot/usr/lib/
COLLECT_GCC_OPTIONS='-fvisibility-inlines-hidden' '-std=c++1z' '-fmessage-length=0' '-march=nocona' '-mtune=haswell' '-ftree-vectorize' '-fPIC' '-fstack-protector-strong' '-fno-plt' '-O2' '-ffunction-sections' '-pipe' '-isystem' '/opt/conda/envs/go1.13/include' '-L/opt/conda/envs/go1.13/lib' '-v' '-rdynamic' '-o' 'cmTC_85b45' '-shared-libgcc'
 /opt/conda/envs/go1.13/bin/../libexec/gcc/x86_64-conda_cos6-linux-gnu/7.3.0/collect2 -plugin /opt/conda/envs/go1.13/bin/../libexec/gcc/x86_64-conda_cos6-linux-gnu/7.3.0/liblto_plugin.so -plugin-opt=/opt/conda/envs/go1.13/bin/../libexec/gcc/x86_64-conda_cos6-linux-gnu/7.3.0/lto-wrapper -plugin-opt=-fresolution=/tmp/ccdWX86N.res -plugin-opt=-pass-through=-lgcc_s -plugin-opt=-pass-through=-lgcc -plugin-opt=-pass-through=-lc -plugin-opt=-pass-through=-lgcc_s -plugin-opt=-pass-through=-lgcc --sysroot=/opt/conda/envs/go1.13/bin/../x86_64-conda_cos6-linux-gnu/sysroot --eh-frame-hdr -m elf_x86_64 -export-dynamic -dynamic-linker /lib64/ld-linux-x86-64.so.2 -pie -o cmTC_85b45 /opt/conda/envs/go1.13/bin/../x86_64-conda_cos6-linux-gnu/sysroot/usr/lib/../lib/Scrt1.o /opt/conda/envs/go1.13/bin/../x86_64-conda_cos6-linux-gnu/sysroot/usr/lib/../lib/crti.o /opt/conda/envs/go1.13/bin/../lib/gcc/x86_64-conda_cos6-linux-gnu/7.3.0/crtbeginS.o -L/opt/conda/envs/go1.13/lib -L/opt/conda/envs/go1.13/bin/../lib/gcc/x86_64-conda_cos6-linux-gnu/7.3.0 -L/opt/conda/envs/go1.13/bin/../lib/gcc -L/opt/conda/envs/go1.13/bin/../lib/gcc/x86_64-conda_cos6-linux-gnu/7.3.0/../../../../x86_64-conda_cos6-linux-gnu/lib/../lib -L/opt/conda/envs/go1.13/bin/../x86_64-conda_cos6-linux-gnu/sysroot/lib/../lib -L/opt/conda/envs/go1.13/bin/../x86_64-conda_cos6-linux-gnu/sysroot/usr/lib/../lib -L/opt/conda/envs/go1.13/bin/../lib/gcc/x86_64-conda_cos6-linux-gnu/7.3.0/../../../../x86_64-conda_cos6-linux-gnu/lib -L/opt/conda/envs/go1.13/bin/../x86_64-conda_cos6-linux-gnu/sysroot/lib -L/opt/conda/envs/go1.13/bin/../x86_64-conda_cos6-linux-gnu/sysroot/usr/lib -rpath /opt/conda/envs/go1.13/lib -O2 --sort-common --as-needed -z relro -z now --disable-new-dtags --gc-sections -rpath /opt/conda/envs/go1.13/lib -rpath-link /opt/conda/envs/go1.13/lib CMakeFiles/cmTC_85b45.dir/CMakeCXXCompilerABI.cpp.o -lstdc++ -lm -lgcc_s -lgcc -lc -lgcc_s -lgcc /opt/conda/envs/go1.13/bin/../lib/gcc/x86_64-conda_cos6-linux-gnu/7.3.0/crtendS.o /opt/conda/envs/go1.13/bin/../x86_64-conda_cos6-linux-gnu/sysroot/usr/lib/../lib/crtn.o
COLLECT_GCC_OPTIONS='-fvisibility-inlines-hidden' '-std=c++1z' '-fmessage-length=0' '-march=nocona' '-mtune=haswell' '-ftree-vectorize' '-fPIC' '-fstack-protector-strong' '-fno-plt' '-O2' '-ffunction-sections' '-pipe' '-isystem' '/opt/conda/envs/go1.13/include' '-L/opt/conda/envs/go1.13/lib' '-v' '-rdynamic' '-o' 'cmTC_85b45' '-shared-libgcc'
gmake[1]: Leaving directory `/home/conda/workspace/staged-recipes/recipes/rocksdb/example/CMakeFiles/CMakeTmp'



Parsed CXX implicit include dir info from above output: rv=done
  found start of include info
  found start of implicit include info
    add: [/opt/conda/envs/go1.13/include]
    add: [/opt/conda/envs/go1.13/bin/../lib/gcc/x86_64-conda_cos6-linux-gnu/7.3.0/../../../../x86_64-conda_cos6-linux-gnu/include/c++/7.3.0]
    add: [/opt/conda/envs/go1.13/bin/../lib/gcc/x86_64-conda_cos6-linux-gnu/7.3.0/../../../../x86_64-conda_cos6-linux-gnu/include/c++/7.3.0/x86_64-conda_cos6-linux-gnu]
    add: [/opt/conda/envs/go1.13/bin/../lib/gcc/x86_64-conda_cos6-linux-gnu/7.3.0/../../../../x86_64-conda_cos6-linux-gnu/include/c++/7.3.0/backward]
    add: [/opt/conda/envs/go1.13/bin/../lib/gcc/x86_64-conda_cos6-linux-gnu/7.3.0/include]
    add: [/opt/conda/envs/go1.13/bin/../lib/gcc/x86_64-conda_cos6-linux-gnu/7.3.0/include-fixed]
    add: [/opt/conda/envs/go1.13/bin/../lib/gcc/x86_64-conda_cos6-linux-gnu/7.3.0/../../../../x86_64-conda_cos6-linux-gnu/include]
    add: [/opt/conda/envs/go1.13/bin/../x86_64-conda_cos6-linux-gnu/sysroot/usr/include]
  end of search list found
  collapse include dir [/opt/conda/envs/go1.13/include] ==> [/opt/conda/envs/go1.13/include]
  collapse include dir [/opt/conda/envs/go1.13/bin/../lib/gcc/x86_64-conda_cos6-linux-gnu/7.3.0/../../../../x86_64-conda_cos6-linux-gnu/include/c++/7.3.0] ==> [/opt/conda/envs/go1.13/x86_64-conda_cos6-linux-gnu/include/c++/7.3.0]
  collapse include dir [/opt/conda/envs/go1.13/bin/../lib/gcc/x86_64-conda_cos6-linux-gnu/7.3.0/../../../../x86_64-conda_cos6-linux-gnu/include/c++/7.3.0/x86_64-conda_cos6-linux-gnu] ==> [/opt/conda/envs/go1.13/x86_64-conda_cos6-linux-gnu/include/c++/7.3.0/x86_64-conda_cos6-linux-gnu]
  collapse include dir [/opt/conda/envs/go1.13/bin/../lib/gcc/x86_64-conda_cos6-linux-gnu/7.3.0/../../../../x86_64-conda_cos6-linux-gnu/include/c++/7.3.0/backward] ==> [/opt/conda/envs/go1.13/x86_64-conda_cos6-linux-gnu/include/c++/7.3.0/backward]
  collapse include dir [/opt/conda/envs/go1.13/bin/../lib/gcc/x86_64-conda_cos6-linux-gnu/7.3.0/include] ==> [/opt/conda/envs/go1.13/lib/gcc/x86_64-conda_cos6-linux-gnu/7.3.0/include]
  collapse include dir [/opt/conda/envs/go1.13/bin/../lib/gcc/x86_64-conda_cos6-linux-gnu/7.3.0/include-fixed] ==> [/opt/conda/envs/go1.13/lib/gcc/x86_64-conda_cos6-linux-gnu/7.3.0/include-fixed]
  collapse include dir [/opt/conda/envs/go1.13/bin/../lib/gcc/x86_64-conda_cos6-linux-gnu/7.3.0/../../../../x86_64-conda_cos6-linux-gnu/include] ==> [/opt/conda/envs/go1.13/x86_64-conda_cos6-linux-gnu/include]
  collapse include dir [/opt/conda/envs/go1.13/bin/../x86_64-conda_cos6-linux-gnu/sysroot/usr/include] ==> [/opt/conda/envs/go1.13/x86_64-conda_cos6-linux-gnu/sysroot/usr/include]
  implicit include dirs: [/opt/conda/envs/go1.13/include;/opt/conda/envs/go1.13/x86_64-conda_cos6-linux-gnu/include/c++/7.3.0;/opt/conda/envs/go1.13/x86_64-conda_cos6-linux-gnu/include/c++/7.3.0/x86_64-conda_cos6-linux-gnu;/opt/conda/envs/go1.13/x86_64-conda_cos6-linux-gnu/include/c++/7.3.0/backward;/opt/conda/envs/go1.13/lib/gcc/x86_64-conda_cos6-linux-gnu/7.3.0/include;/opt/conda/envs/go1.13/lib/gcc/x86_64-conda_cos6-linux-gnu/7.3.0/include-fixed;/opt/conda/envs/go1.13/x86_64-conda_cos6-linux-gnu/include;/opt/conda/envs/go1.13/x86_64-conda_cos6-linux-gnu/sysroot/usr/include]


Parsed CXX implicit link information from above output:
  link line regex: [^( *|.*[/\])(ld|CMAKE_LINK_STARTFILE-NOTFOUND|([^/\]+-)?ld|collect2)[^/\]*( |$)]
  ignore line: [Change Dir: /home/conda/workspace/staged-recipes/recipes/rocksdb/example/CMakeFiles/CMakeTmp]
  ignore line: []
  ignore line: [Run Build Command(s):/usr/bin/gmake cmTC_85b45/fast && /usr/bin/gmake -f CMakeFiles/cmTC_85b45.dir/build.make CMakeFiles/cmTC_85b45.dir/build]
  ignore line: [gmake[1]: Entering directory `/home/conda/workspace/staged-recipes/recipes/rocksdb/example/CMakeFiles/CMakeTmp']
  ignore line: [Building CXX object CMakeFiles/cmTC_85b45.dir/CMakeCXXCompilerABI.cpp.o]
  ignore line: [/opt/conda/envs/go1.13/bin/x86_64-conda_cos6-linux-gnu-c++    -fvisibility-inlines-hidden -std=c++17 -fmessage-length=0 -march=nocona -mtune=haswell -ftree-vectorize -fPIC -fstack-protector-strong -fno-plt -O2 -ffunction-sections -pipe -isystem /opt/conda/envs/go1.13/include    -v -o CMakeFiles/cmTC_85b45.dir/CMakeCXXCompilerABI.cpp.o -c /opt/conda/envs/go1.13/share/cmake-3.17/Modules/CMakeCXXCompilerABI.cpp]
  ignore line: [Reading specs from /opt/conda/envs/go1.13/bin/../lib/gcc/x86_64-conda_cos6-linux-gnu/7.3.0/specs]
  ignore line: [COLLECT_GCC=/opt/conda/envs/go1.13/bin/x86_64-conda_cos6-linux-gnu-c++]
  ignore line: [Target: x86_64-conda_cos6-linux-gnu]
  ignore line: [Configured with: /home/conda/feedstock_root/build_artifacts/ctng-compilers_1580517382604/work/.build/x86_64-conda_cos6-linux-gnu/src/gcc/configure --build=x86_64-build_pc-linux-gnu --host=x86_64-build_pc-linux-gnu --target=x86_64-conda_cos6-linux-gnu --prefix=/home/conda/feedstock_root/build_artifacts/ctng-compilers_1580517382604/work/gcc_built --with-sysroot=/home/conda/feedstock_root/build_artifacts/ctng-compilers_1580517382604/work/gcc_built/x86_64-conda_cos6-linux-gnu/sysroot --enable-languages=c c++ fortran objc obj-c++ --with-pkgversion='crosstool-NG 1.23.0.450-d54ae' --enable-__cxa_atexit --disable-libmudflap --enable-libgomp --disable-libssp --enable-libquadmath --enable-libquadmath-support --enable-libsanitizer --enable-libmpx --with-gmp=/home/conda/feedstock_root/build_artifacts/ctng-compilers_1580517382604/work/.build/x86_64-conda_cos6-linux-gnu/buildtools --with-mpfr=/home/conda/feedstock_root/build_artifacts/ctng-compilers_1580517382604/work/.build/x86_64-conda_cos6-linux-gnu/buildtools --with-mpc=/home/conda/feedstock_root/build_artifacts/ctng-compilers_1580517382604/work/.build/x86_64-conda_cos6-linux-gnu/buildtools --with-isl=/home/conda/feedstock_root/build_artifacts/ctng-compilers_1580517382604/work/.build/x86_64-conda_cos6-linux-gnu/buildtools --enable-lto --with-host-libstdcxx='-static-libgcc -Wl -Bstatic -lstdc++ -Bdynamic -lm' --enable-threads=posix --enable-target-optspace --enable-plugin --enable-gold --disable-nls --disable-multilib --with-local-prefix=/home/conda/feedstock_root/build_artifacts/ctng-compilers_1580517382604/work/gcc_built/x86_64-conda_cos6-linux-gnu/sysroot --enable-long-long --enable-default-pie]
  ignore line: [Thread model: posix]
  ignore line: [gcc version 7.3.0 (crosstool-NG 1.23.0.450-d54ae) ]
  ignore line: [COLLECT_GCC_OPTIONS='-fvisibility-inlines-hidden' '-std=c++1z' '-fmessage-length=0' '-march=nocona' '-mtune=haswell' '-ftree-vectorize' '-fPIC' '-fstack-protector-strong' '-fno-plt' '-O2' '-ffunction-sections' '-pipe' '-isystem' '/opt/conda/envs/go1.13/include' '-v' '-o' 'CMakeFiles/cmTC_85b45.dir/CMakeCXXCompilerABI.cpp.o' '-c' '-shared-libgcc']
  ignore line: [ /opt/conda/envs/go1.13/bin/../libexec/gcc/x86_64-conda_cos6-linux-gnu/7.3.0/cc1plus -quiet -v -iprefix /opt/conda/envs/go1.13/bin/../lib/gcc/x86_64-conda_cos6-linux-gnu/7.3.0/ -isysroot /opt/conda/envs/go1.13/bin/../x86_64-conda_cos6-linux-gnu/sysroot -D_GNU_SOURCE -isystem /opt/conda/envs/go1.13/include /opt/conda/envs/go1.13/share/cmake-3.17/Modules/CMakeCXXCompilerABI.cpp -quiet -dumpbase CMakeCXXCompilerABI.cpp -march=nocona -mtune=haswell -auxbase-strip CMakeFiles/cmTC_85b45.dir/CMakeCXXCompilerABI.cpp.o -O2 -std=c++1z -version -fvisibility-inlines-hidden -fmessage-length=0 -ftree-vectorize -fPIC -fstack-protector-strong -fno-plt -ffunction-sections -o - |]
  ignore line: [ /opt/conda/envs/go1.13/bin/../lib/gcc/x86_64-conda_cos6-linux-gnu/7.3.0/../../../../x86_64-conda_cos6-linux-gnu/bin/as -v --64 -o CMakeFiles/cmTC_85b45.dir/CMakeCXXCompilerABI.cpp.o]
  ignore line: [GNU assembler version 2.34 (x86_64-conda_cos6-linux-gnu) using BFD version (GNU Binutils) 2.34]
  ignore line: [GNU C++14 (crosstool-NG 1.23.0.450-d54ae) version 7.3.0 (x86_64-conda_cos6-linux-gnu)]
  ignore line: [	compiled by GNU C version 4.4.7 20120313 (Red Hat 4.4.7-23)  GMP version 6.1.2  MPFR version 4.0.1  MPC version 1.1.0  isl version isl-0.19-GMP]
  ignore line: []
  ignore line: [GGC heuristics: --param ggc-min-expand=100 --param ggc-min-heapsize=131072]
  ignore line: [ignoring duplicate directory "/opt/conda/envs/go1.13/bin/../lib/gcc/../../lib/gcc/x86_64-conda_cos6-linux-gnu/7.3.0/../../../../x86_64-conda_cos6-linux-gnu/include/c++/7.3.0"]
  ignore line: [ignoring duplicate directory "/opt/conda/envs/go1.13/bin/../lib/gcc/../../lib/gcc/x86_64-conda_cos6-linux-gnu/7.3.0/../../../../x86_64-conda_cos6-linux-gnu/include/c++/7.3.0/x86_64-conda_cos6-linux-gnu"]
  ignore line: [ignoring duplicate directory "/opt/conda/envs/go1.13/bin/../lib/gcc/../../lib/gcc/x86_64-conda_cos6-linux-gnu/7.3.0/../../../../x86_64-conda_cos6-linux-gnu/include/c++/7.3.0/backward"]
  ignore line: [ignoring duplicate directory "/opt/conda/envs/go1.13/bin/../lib/gcc/../../lib/gcc/x86_64-conda_cos6-linux-gnu/7.3.0/include"]
  ignore line: [ignoring nonexistent directory "/opt/conda/envs/go1.13/bin/../x86_64-conda_cos6-linux-gnu/sysroot/home/conda/feedstock_root/build_artifacts/ctng-compilers_1580517382604/work/gcc_built/x86_64-conda_cos6-linux-gnu/sysroot/include"]
  ignore line: [ignoring duplicate directory "/opt/conda/envs/go1.13/bin/../lib/gcc/../../lib/gcc/x86_64-conda_cos6-linux-gnu/7.3.0/include-fixed"]
  ignore line: [ignoring duplicate directory "/opt/conda/envs/go1.13/bin/../lib/gcc/../../lib/gcc/x86_64-conda_cos6-linux-gnu/7.3.0/../../../../x86_64-conda_cos6-linux-gnu/include"]
  ignore line: [#include "..." search starts here:]
  ignore line: [#include <...> search starts here:]
  ignore line: [ /opt/conda/envs/go1.13/include]
  ignore line: [ /opt/conda/envs/go1.13/bin/../lib/gcc/x86_64-conda_cos6-linux-gnu/7.3.0/../../../../x86_64-conda_cos6-linux-gnu/include/c++/7.3.0]
  ignore line: [ /opt/conda/envs/go1.13/bin/../lib/gcc/x86_64-conda_cos6-linux-gnu/7.3.0/../../../../x86_64-conda_cos6-linux-gnu/include/c++/7.3.0/x86_64-conda_cos6-linux-gnu]
  ignore line: [ /opt/conda/envs/go1.13/bin/../lib/gcc/x86_64-conda_cos6-linux-gnu/7.3.0/../../../../x86_64-conda_cos6-linux-gnu/include/c++/7.3.0/backward]
  ignore line: [ /opt/conda/envs/go1.13/bin/../lib/gcc/x86_64-conda_cos6-linux-gnu/7.3.0/include]
  ignore line: [ /opt/conda/envs/go1.13/bin/../lib/gcc/x86_64-conda_cos6-linux-gnu/7.3.0/include-fixed]
  ignore line: [ /opt/conda/envs/go1.13/bin/../lib/gcc/x86_64-conda_cos6-linux-gnu/7.3.0/../../../../x86_64-conda_cos6-linux-gnu/include]
  ignore line: [ /opt/conda/envs/go1.13/bin/../x86_64-conda_cos6-linux-gnu/sysroot/usr/include]
  ignore line: [End of search list.]
  ignore line: [GNU C++14 (crosstool-NG 1.23.0.450-d54ae) version 7.3.0 (x86_64-conda_cos6-linux-gnu)]
  ignore line: [	compiled by GNU C version 4.4.7 20120313 (Red Hat 4.4.7-23)  GMP version 6.1.2  MPFR version 4.0.1  MPC version 1.1.0  isl version isl-0.19-GMP]
  ignore line: []
  ignore line: [GGC heuristics: --param ggc-min-expand=100 --param ggc-min-heapsize=131072]
  ignore line: [Compiler executable checksum: 8576468bc29554d6f9681c2e21ac6680]
  ignore line: [COMPILER_PATH=/opt/conda/envs/go1.13/bin/../libexec/gcc/x86_64-conda_cos6-linux-gnu/7.3.0/:/opt/conda/envs/go1.13/bin/../libexec/gcc/:/opt/conda/envs/go1.13/bin/../lib/gcc/x86_64-conda_cos6-linux-gnu/7.3.0/../../../../x86_64-conda_cos6-linux-gnu/bin/]
  ignore line: [LIBRARY_PATH=/opt/conda/envs/go1.13/bin/../lib/gcc/x86_64-conda_cos6-linux-gnu/7.3.0/:/opt/conda/envs/go1.13/bin/../lib/gcc/:/opt/conda/envs/go1.13/bin/../lib/gcc/x86_64-conda_cos6-linux-gnu/7.3.0/../../../../x86_64-conda_cos6-linux-gnu/lib/../lib/:/opt/conda/envs/go1.13/bin/../x86_64-conda_cos6-linux-gnu/sysroot/lib/../lib/:/opt/conda/envs/go1.13/bin/../x86_64-conda_cos6-linux-gnu/sysroot/usr/lib/../lib/:/opt/conda/envs/go1.13/bin/../lib/gcc/x86_64-conda_cos6-linux-gnu/7.3.0/../../../../x86_64-conda_cos6-linux-gnu/lib/:/opt/conda/envs/go1.13/bin/../x86_64-conda_cos6-linux-gnu/sysroot/lib/:/opt/conda/envs/go1.13/bin/../x86_64-conda_cos6-linux-gnu/sysroot/usr/lib/]
  ignore line: [COLLECT_GCC_OPTIONS='-fvisibility-inlines-hidden' '-std=c++1z' '-fmessage-length=0' '-march=nocona' '-mtune=haswell' '-ftree-vectorize' '-fPIC' '-fstack-protector-strong' '-fno-plt' '-O2' '-ffunction-sections' '-pipe' '-isystem' '/opt/conda/envs/go1.13/include' '-v' '-o' 'CMakeFiles/cmTC_85b45.dir/CMakeCXXCompilerABI.cpp.o' '-c' '-shared-libgcc']
  ignore line: [Linking CXX executable cmTC_85b45]
  ignore line: [/opt/conda/envs/go1.13/bin/cmake -E cmake_link_script CMakeFiles/cmTC_85b45.dir/link.txt --verbose=1]
  ignore line: [/opt/conda/envs/go1.13/bin/x86_64-conda_cos6-linux-gnu-c++  -fvisibility-inlines-hidden -std=c++17 -fmessage-length=0 -march=nocona -mtune=haswell -ftree-vectorize -fPIC -fstack-protector-strong -fno-plt -O2 -ffunction-sections -pipe -isystem /opt/conda/envs/go1.13/include   -Wl -O2 -Wl --sort-common -Wl --as-needed -Wl -z relro -Wl -z now -Wl --disable-new-dtags -Wl --gc-sections -Wl -rpath /opt/conda/envs/go1.13/lib -Wl -rpath-link /opt/conda/envs/go1.13/lib -L/opt/conda/envs/go1.13/lib -v -rdynamic CMakeFiles/cmTC_85b45.dir/CMakeCXXCompilerABI.cpp.o  -o cmTC_85b45 ]
  ignore line: [Reading specs from /opt/conda/envs/go1.13/bin/../lib/gcc/x86_64-conda_cos6-linux-gnu/7.3.0/specs]
  ignore line: [COLLECT_GCC=/opt/conda/envs/go1.13/bin/x86_64-conda_cos6-linux-gnu-c++]
  ignore line: [COLLECT_LTO_WRAPPER=/opt/conda/envs/go1.13/bin/../libexec/gcc/x86_64-conda_cos6-linux-gnu/7.3.0/lto-wrapper]
  ignore line: [Target: x86_64-conda_cos6-linux-gnu]
  ignore line: [Configured with: /home/conda/feedstock_root/build_artifacts/ctng-compilers_1580517382604/work/.build/x86_64-conda_cos6-linux-gnu/src/gcc/configure --build=x86_64-build_pc-linux-gnu --host=x86_64-build_pc-linux-gnu --target=x86_64-conda_cos6-linux-gnu --prefix=/home/conda/feedstock_root/build_artifacts/ctng-compilers_1580517382604/work/gcc_built --with-sysroot=/home/conda/feedstock_root/build_artifacts/ctng-compilers_1580517382604/work/gcc_built/x86_64-conda_cos6-linux-gnu/sysroot --enable-languages=c c++ fortran objc obj-c++ --with-pkgversion='crosstool-NG 1.23.0.450-d54ae' --enable-__cxa_atexit --disable-libmudflap --enable-libgomp --disable-libssp --enable-libquadmath --enable-libquadmath-support --enable-libsanitizer --enable-libmpx --with-gmp=/home/conda/feedstock_root/build_artifacts/ctng-compilers_1580517382604/work/.build/x86_64-conda_cos6-linux-gnu/buildtools --with-mpfr=/home/conda/feedstock_root/build_artifacts/ctng-compilers_1580517382604/work/.build/x86_64-conda_cos6-linux-gnu/buildtools --with-mpc=/home/conda/feedstock_root/build_artifacts/ctng-compilers_1580517382604/work/.build/x86_64-conda_cos6-linux-gnu/buildtools --with-isl=/home/conda/feedstock_root/build_artifacts/ctng-compilers_1580517382604/work/.build/x86_64-conda_cos6-linux-gnu/buildtools --enable-lto --with-host-libstdcxx='-static-libgcc -Wl -Bstatic -lstdc++ -Bdynamic -lm' --enable-threads=posix --enable-target-optspace --enable-plugin --enable-gold --disable-nls --disable-multilib --with-local-prefix=/home/conda/feedstock_root/build_artifacts/ctng-compilers_1580517382604/work/gcc_built/x86_64-conda_cos6-linux-gnu/sysroot --enable-long-long --enable-default-pie]
  ignore line: [Thread model: posix]
  ignore line: [gcc version 7.3.0 (crosstool-NG 1.23.0.450-d54ae) ]
  ignore line: [COMPILER_PATH=/opt/conda/envs/go1.13/bin/../libexec/gcc/x86_64-conda_cos6-linux-gnu/7.3.0/:/opt/conda/envs/go1.13/bin/../libexec/gcc/:/opt/conda/envs/go1.13/bin/../lib/gcc/x86_64-conda_cos6-linux-gnu/7.3.0/../../../../x86_64-conda_cos6-linux-gnu/bin/]
  ignore line: [LIBRARY_PATH=/opt/conda/envs/go1.13/bin/../lib/gcc/x86_64-conda_cos6-linux-gnu/7.3.0/:/opt/conda/envs/go1.13/bin/../lib/gcc/:/opt/conda/envs/go1.13/bin/../lib/gcc/x86_64-conda_cos6-linux-gnu/7.3.0/../../../../x86_64-conda_cos6-linux-gnu/lib/../lib/:/opt/conda/envs/go1.13/bin/../x86_64-conda_cos6-linux-gnu/sysroot/lib/../lib/:/opt/conda/envs/go1.13/bin/../x86_64-conda_cos6-linux-gnu/sysroot/usr/lib/../lib/:/opt/conda/envs/go1.13/bin/../lib/gcc/x86_64-conda_cos6-linux-gnu/7.3.0/../../../../x86_64-conda_cos6-linux-gnu/lib/:/opt/conda/envs/go1.13/bin/../x86_64-conda_cos6-linux-gnu/sysroot/lib/:/opt/conda/envs/go1.13/bin/../x86_64-conda_cos6-linux-gnu/sysroot/usr/lib/]
  ignore line: [COLLECT_GCC_OPTIONS='-fvisibility-inlines-hidden' '-std=c++1z' '-fmessage-length=0' '-march=nocona' '-mtune=haswell' '-ftree-vectorize' '-fPIC' '-fstack-protector-strong' '-fno-plt' '-O2' '-ffunction-sections' '-pipe' '-isystem' '/opt/conda/envs/go1.13/include' '-L/opt/conda/envs/go1.13/lib' '-v' '-rdynamic' '-o' 'cmTC_85b45' '-shared-libgcc']
  link line: [ /opt/conda/envs/go1.13/bin/../libexec/gcc/x86_64-conda_cos6-linux-gnu/7.3.0/collect2 -plugin /opt/conda/envs/go1.13/bin/../libexec/gcc/x86_64-conda_cos6-linux-gnu/7.3.0/liblto_plugin.so -plugin-opt=/opt/conda/envs/go1.13/bin/../libexec/gcc/x86_64-conda_cos6-linux-gnu/7.3.0/lto-wrapper -plugin-opt=-fresolution=/tmp/ccdWX86N.res -plugin-opt=-pass-through=-lgcc_s -plugin-opt=-pass-through=-lgcc -plugin-opt=-pass-through=-lc -plugin-opt=-pass-through=-lgcc_s -plugin-opt=-pass-through=-lgcc --sysroot=/opt/conda/envs/go1.13/bin/../x86_64-conda_cos6-linux-gnu/sysroot --eh-frame-hdr -m elf_x86_64 -export-dynamic -dynamic-linker /lib64/ld-linux-x86-64.so.2 -pie -o cmTC_85b45 /opt/conda/envs/go1.13/bin/../x86_64-conda_cos6-linux-gnu/sysroot/usr/lib/../lib/Scrt1.o /opt/conda/envs/go1.13/bin/../x86_64-conda_cos6-linux-gnu/sysroot/usr/lib/../lib/crti.o /opt/conda/envs/go1.13/bin/../lib/gcc/x86_64-conda_cos6-linux-gnu/7.3.0/crtbeginS.o -L/opt/conda/envs/go1.13/lib -L/opt/conda/envs/go1.13/bin/../lib/gcc/x86_64-conda_cos6-linux-gnu/7.3.0 -L/opt/conda/envs/go1.13/bin/../lib/gcc -L/opt/conda/envs/go1.13/bin/../lib/gcc/x86_64-conda_cos6-linux-gnu/7.3.0/../../../../x86_64-conda_cos6-linux-gnu/lib/../lib -L/opt/conda/envs/go1.13/bin/../x86_64-conda_cos6-linux-gnu/sysroot/lib/../lib -L/opt/conda/envs/go1.13/bin/../x86_64-conda_cos6-linux-gnu/sysroot/usr/lib/../lib -L/opt/conda/envs/go1.13/bin/../lib/gcc/x86_64-conda_cos6-linux-gnu/7.3.0/../../../../x86_64-conda_cos6-linux-gnu/lib -L/opt/conda/envs/go1.13/bin/../x86_64-conda_cos6-linux-gnu/sysroot/lib -L/opt/conda/envs/go1.13/bin/../x86_64-conda_cos6-linux-gnu/sysroot/usr/lib -rpath /opt/conda/envs/go1.13/lib -O2 --sort-common --as-needed -z relro -z now --disable-new-dtags --gc-sections -rpath /opt/conda/envs/go1.13/lib -rpath-link /opt/conda/envs/go1.13/lib CMakeFiles/cmTC_85b45.dir/CMakeCXXCompilerABI.cpp.o -lstdc++ -lm -lgcc_s -lgcc -lc -lgcc_s -lgcc /opt/conda/envs/go1.13/bin/../lib/gcc/x86_64-conda_cos6-linux-gnu/7.3.0/crtendS.o /opt/conda/envs/go1.13/bin/../x86_64-conda_cos6-linux-gnu/sysroot/usr/lib/../lib/crtn.o]
    arg [/opt/conda/envs/go1.13/bin/../libexec/gcc/x86_64-conda_cos6-linux-gnu/7.3.0/collect2] ==> ignore
    arg [-plugin] ==> ignore
    arg [/opt/conda/envs/go1.13/bin/../libexec/gcc/x86_64-conda_cos6-linux-gnu/7.3.0/liblto_plugin.so] ==> ignore
    arg [-plugin-opt=/opt/conda/envs/go1.13/bin/../libexec/gcc/x86_64-conda_cos6-linux-gnu/7.3.0/lto-wrapper] ==> ignore
    arg [-plugin-opt=-fresolution=/tmp/ccdWX86N.res] ==> ignore
    arg [-plugin-opt=-pass-through=-lgcc_s] ==> ignore
    arg [-plugin-opt=-pass-through=-lgcc] ==> ignore
    arg [-plugin-opt=-pass-through=-lc] ==> ignore
    arg [-plugin-opt=-pass-through=-lgcc_s] ==> ignore
    arg [-plugin-opt=-pass-through=-lgcc] ==> ignore
    arg [--sysroot=/opt/conda/envs/go1.13/bin/../x86_64-conda_cos6-linux-gnu/sysroot] ==> ignore
    arg [--eh-frame-hdr] ==> ignore
    arg [-m] ==> ignore
    arg [elf_x86_64] ==> ignore
    arg [-export-dynamic] ==> ignore
    arg [-dynamic-linker] ==> ignore
    arg [/lib64/ld-linux-x86-64.so.2] ==> ignore
    arg [-pie] ==> ignore
    arg [-o] ==> ignore
    arg [cmTC_85b45] ==> ignore
    arg [/opt/conda/envs/go1.13/bin/../x86_64-conda_cos6-linux-gnu/sysroot/usr/lib/../lib/Scrt1.o] ==> ignore
    arg [/opt/conda/envs/go1.13/bin/../x86_64-conda_cos6-linux-gnu/sysroot/usr/lib/../lib/crti.o] ==> ignore
    arg [/opt/conda/envs/go1.13/bin/../lib/gcc/x86_64-conda_cos6-linux-gnu/7.3.0/crtbeginS.o] ==> ignore
    arg [-L/opt/conda/envs/go1.13/lib] ==> dir [/opt/conda/envs/go1.13/lib]
    arg [-L/opt/conda/envs/go1.13/bin/../lib/gcc/x86_64-conda_cos6-linux-gnu/7.3.0] ==> dir [/opt/conda/envs/go1.13/bin/../lib/gcc/x86_64-conda_cos6-linux-gnu/7.3.0]
    arg [-L/opt/conda/envs/go1.13/bin/../lib/gcc] ==> dir [/opt/conda/envs/go1.13/bin/../lib/gcc]
    arg [-L/opt/conda/envs/go1.13/bin/../lib/gcc/x86_64-conda_cos6-linux-gnu/7.3.0/../../../../x86_64-conda_cos6-linux-gnu/lib/../lib] ==> dir [/opt/conda/envs/go1.13/bin/../lib/gcc/x86_64-conda_cos6-linux-gnu/7.3.0/../../../../x86_64-conda_cos6-linux-gnu/lib/../lib]
    arg [-L/opt/conda/envs/go1.13/bin/../x86_64-conda_cos6-linux-gnu/sysroot/lib/../lib] ==> dir [/opt/conda/envs/go1.13/bin/../x86_64-conda_cos6-linux-gnu/sysroot/lib/../lib]
    arg [-L/opt/conda/envs/go1.13/bin/../x86_64-conda_cos6-linux-gnu/sysroot/usr/lib/../lib] ==> dir [/opt/conda/envs/go1.13/bin/../x86_64-conda_cos6-linux-gnu/sysroot/usr/lib/../lib]
    arg [-L/opt/conda/envs/go1.13/bin/../lib/gcc/x86_64-conda_cos6-linux-gnu/7.3.0/../../../../x86_64-conda_cos6-linux-gnu/lib] ==> dir [/opt/conda/envs/go1.13/bin/../lib/gcc/x86_64-conda_cos6-linux-gnu/7.3.0/../../../../x86_64-conda_cos6-linux-gnu/lib]
    arg [-L/opt/conda/envs/go1.13/bin/../x86_64-conda_cos6-linux-gnu/sysroot/lib] ==> dir [/opt/conda/envs/go1.13/bin/../x86_64-conda_cos6-linux-gnu/sysroot/lib]
    arg [-L/opt/conda/envs/go1.13/bin/../x86_64-conda_cos6-linux-gnu/sysroot/usr/lib] ==> dir [/opt/conda/envs/go1.13/bin/../x86_64-conda_cos6-linux-gnu/sysroot/usr/lib]
    arg [-rpath] ==> ignore
    arg [/opt/conda/envs/go1.13/lib] ==> ignore
    arg [-O2] ==> ignore
    arg [--sort-common] ==> ignore
    arg [--as-needed] ==> ignore
    arg [-zrelro] ==> ignore
    arg [-znow] ==> ignore
    arg [--disable-new-dtags] ==> ignore
    arg [--gc-sections] ==> ignore
    arg [-rpath] ==> ignore
    arg [/opt/conda/envs/go1.13/lib] ==> ignore
    arg [-rpath-link] ==> ignore
    arg [/opt/conda/envs/go1.13/lib] ==> ignore
    arg [CMakeFiles/cmTC_85b45.dir/CMakeCXXCompilerABI.cpp.o] ==> ignore
    arg [-lstdc++] ==> lib [stdc++]
    arg [-lm] ==> lib [m]
    arg [-lgcc_s] ==> lib [gcc_s]
    arg [-lgcc] ==> lib [gcc]
    arg [-lc] ==> lib [c]
    arg [-lgcc_s] ==> lib [gcc_s]
    arg [-lgcc] ==> lib [gcc]
    arg [/opt/conda/envs/go1.13/bin/../lib/gcc/x86_64-conda_cos6-linux-gnu/7.3.0/crtendS.o] ==> ignore
    arg [/opt/conda/envs/go1.13/bin/../x86_64-conda_cos6-linux-gnu/sysroot/usr/lib/../lib/crtn.o] ==> ignore
  collapse library dir [/opt/conda/envs/go1.13/lib] ==> [/opt/conda/envs/go1.13/lib]
  collapse library dir [/opt/conda/envs/go1.13/bin/../lib/gcc/x86_64-conda_cos6-linux-gnu/7.3.0] ==> [/opt/conda/envs/go1.13/lib/gcc/x86_64-conda_cos6-linux-gnu/7.3.0]
  collapse library dir [/opt/conda/envs/go1.13/bin/../lib/gcc] ==> [/opt/conda/envs/go1.13/lib/gcc]
  collapse library dir [/opt/conda/envs/go1.13/bin/../lib/gcc/x86_64-conda_cos6-linux-gnu/7.3.0/../../../../x86_64-conda_cos6-linux-gnu/lib/../lib] ==> [/opt/conda/envs/go1.13/x86_64-conda_cos6-linux-gnu/lib]
  collapse library dir [/opt/conda/envs/go1.13/bin/../x86_64-conda_cos6-linux-gnu/sysroot/lib/../lib] ==> [/opt/conda/envs/go1.13/x86_64-conda_cos6-linux-gnu/sysroot/lib]
  collapse library dir [/opt/conda/envs/go1.13/bin/../x86_64-conda_cos6-linux-gnu/sysroot/usr/lib/../lib] ==> [/opt/conda/envs/go1.13/x86_64-conda_cos6-linux-gnu/sysroot/usr/lib]
  collapse library dir [/opt/conda/envs/go1.13/bin/../lib/gcc/x86_64-conda_cos6-linux-gnu/7.3.0/../../../../x86_64-conda_cos6-linux-gnu/lib] ==> [/opt/conda/envs/go1.13/x86_64-conda_cos6-linux-gnu/lib]
  collapse library dir [/opt/conda/envs/go1.13/bin/../x86_64-conda_cos6-linux-gnu/sysroot/lib] ==> [/opt/conda/envs/go1.13/x86_64-conda_cos6-linux-gnu/sysroot/lib]
  collapse library dir [/opt/conda/envs/go1.13/bin/../x86_64-conda_cos6-linux-gnu/sysroot/usr/lib] ==> [/opt/conda/envs/go1.13/x86_64-conda_cos6-linux-gnu/sysroot/usr/lib]
  implicit libs: [stdc++;m;gcc_s;gcc;c;gcc_s;gcc]
  implicit dirs: [/opt/conda/envs/go1.13/lib;/opt/conda/envs/go1.13/lib/gcc/x86_64-conda_cos6-linux-gnu/7.3.0;/opt/conda/envs/go1.13/lib/gcc;/opt/conda/envs/go1.13/x86_64-conda_cos6-linux-gnu/lib;/opt/conda/envs/go1.13/x86_64-conda_cos6-linux-gnu/sysroot/lib;/opt/conda/envs/go1.13/x86_64-conda_cos6-linux-gnu/sysroot/usr/lib]
  implicit fwks: []


